{"total": {"lines":{"total":3014,"covered":2310,"skipped":0,"pct":76.64},"statements":{"total":3266,"covered":2529,"skipped":0,"pct":77.43},"functions":{"total":533,"covered":358,"skipped":0,"pct":67.16},"branches":{"total":1987,"covered":1255,"skipped":0,"pct":63.16},"branchesTrue":{"total":0,"covered":0,"skipped":0,"pct":100}}
,"C:\\Users\\ADMIN\\Desktop\\kweb-drips\\trust-link-backend\\src\\app.controller.ts": {"lines":{"total":67,"covered":61,"skipped":0,"pct":91.04},"functions":{"total":11,"covered":7,"skipped":0,"pct":63.63},"statements":{"total":70,"covered":63,"skipped":0,"pct":90},"branches":{"total":58,"covered":44,"skipped":0,"pct":75.86}}
,"C:\\Users\\ADMIN\\Desktop\\kweb-drips\\trust-link-backend\\src\\app.module.ts": {"lines":{"total":35,"covered":35,"skipped":0,"pct":100},"functions":{"total":2,"covered":2,"skipped":0,"pct":100},"statements":{"total":37,"covered":37,"skipped":0,"pct":100},"branches":{"total":12,"covered":12,"skipped":0,"pct":100}}
,"C:\\Users\\ADMIN\\Desktop\\kweb-drips\\trust-link-backend\\src\\app.service.ts": {"lines":{"total":3,"covered":3,"skipped":0,"pct":100},"functions":{"total":1,"covered":1,"skipped":0,"pct":100},"statements":{"total":5,"covered":5,"skipped":0,"pct":100},"branches":{"total":0,"covered":0,"skipped":0,"pct":100}}
,"C:\\Users\\ADMIN\\Desktop\\kweb-drips\\trust-link-backend\\src\\admin\\api-keys\\api-keys.controller.ts": {"lines":{"total":17,"covered":10,"skipped":0,"pct":58.82},"functions":{"total":2,"covered":1,"skipped":0,"pct":50},"statements":{"total":19,"covered":12,"skipped":0,"pct":63.15},"branches":{"total":10,"covered":6,"skipped":0,"pct":60}}
,"C:\\Users\\ADMIN\\Desktop\\kweb-drips\\trust-link-backend\\src\\admin\\api-keys\\api-keys.module.ts": {"lines":{"total":4,"covered":4,"skipped":0,"pct":100},"functions":{"total":0,"covered":0,"skipped":0,"pct":100},"statements":{"total":6,"covered":6,"skipped":0,"pct":100},"branches":{"total":0,"covered":0,"skipped":0,"pct":100}}
,"C:\\Users\\ADMIN\\Desktop\\kweb-drips\\trust-link-backend\\src\\admin\\api-keys\\dto\\rotate-api-key.dto.ts": {"lines":{"total":4,"covered":4,"skipped":0,"pct":100},"functions":{"total":0,"covered":0,"skipped":0,"pct":100},"statements":{"total":4,"covered":4,"skipped":0,"pct":100},"branches":{"total":0,"covered":0,"skipped":0,"pct":100}}
,"C:\\Users\\ADMIN\\Desktop\\kweb-drips\\trust-link-backend\\src\\admin\\dispute\\dispute.controller.ts": {"lines":{"total":19,"covered":17,"skipped":0,"pct":89.47},"functions":{"total":4,"covered":2,"skipped":0,"pct":50},"statements":{"total":21,"covered":19,"skipped":0,"pct":90.47},"branches":{"total":16,"covered":9,"skipped":0,"pct":56.25}}
,"C:\\Users\\ADMIN\\Desktop\\kweb-drips\\trust-link-backend\\src\\admin\\dispute\\dispute.module.ts": {"lines":{"total":9,"covered":9,"skipped":0,"pct":100},"functions":{"total":0,"covered":0,"skipped":0,"pct":100},"statements":{"total":11,"covered":11,"skipped":0,"pct":100},"branches":{"total":0,"covered":0,"skipped":0,"pct":100}}
,"C:\\Users\\ADMIN\\Desktop\\kweb-drips\\trust-link-backend\\src\\admin\\dispute\\dispute.service.ts": {"lines":{"total":27,"covered":20,"skipped":0,"pct":74.07},"functions":{"total":3,"covered":2,"skipped":0,"pct":66.66},"statements":{"total":29,"covered":22,"skipped":0,"pct":75.86},"branches":{"total":28,"covered":19,"skipped":0,"pct":67.85}}
,"C:\\Users\\ADMIN\\Desktop\\kweb-drips\\trust-link-backend\\src\\admin\\dispute\\dto\\resolve-dispute.dto.ts": {"lines":{"total":4,"covered":4,"skipped":0,"pct":100},"functions":{"total":0,"covered":0,"skipped":0,"pct":100},"statements":{"total":4,"covered":4,"skipped":0,"pct":100},"branches":{"total":0,"covered":0,"skipped":0,"pct":100}}
,"C:\\Users\\ADMIN\\Desktop\\kweb-drips\\trust-link-backend\\src\\admin\\guards\\admin.guard.ts": {"lines":{"total":15,"covered":15,"skipped":0,"pct":100},"functions":{"total":2,"covered":2,"skipped":0,"pct":100},"statements":{"total":17,"covered":17,"skipped":0,"pct":100},"branches":{"total":16,"covered":15,"skipped":0,"pct":93.75}}
,"C:\\Users\\ADMIN\\Desktop\\kweb-drips\\trust-link-backend\\src\\admin\\queues\\queue-dashboard.controller.ts": {"lines":{"total":8,"covered":7,"skipped":0,"pct":87.5},"functions":{"total":2,"covered":1,"skipped":0,"pct":50},"statements":{"total":10,"covered":9,"skipped":0,"pct":90},"branches":{"total":8,"covered":6,"skipped":0,"pct":75}}
,"C:\\Users\\ADMIN\\Desktop\\kweb-drips\\trust-link-backend\\src\\admin\\queues\\queue-dashboard.module.ts": {"lines":{"total":7,"covered":7,"skipped":0,"pct":100},"functions":{"total":0,"covered":0,"skipped":0,"pct":100},"statements":{"total":9,"covered":9,"skipped":0,"pct":100},"branches":{"total":0,"covered":0,"skipped":0,"pct":100}}
,"C:\\Users\\ADMIN\\Desktop\\kweb-drips\\trust-link-backend\\src\\admin\\queues\\queue-dashboard.service.ts": {"lines":{"total":37,"covered":32,"skipped":0,"pct":86.48},"functions":{"total":6,"covered":6,"skipped":0,"pct":100},"statements":{"total":39,"covered":34,"skipped":0,"pct":87.17},"branches":{"total":28,"covered":16,"skipped":0,"pct":57.14}}
,"C:\\Users\\ADMIN\\Desktop\\kweb-drips\\trust-link-backend\\src\\admin\\stats\\admin-stats.controller.ts": {"lines":{"total":9,"covered":8,"skipped":0,"pct":88.88},"functions":{"total":2,"covered":1,"skipped":0,"pct":50},"statements":{"total":11,"covered":10,"skipped":0,"pct":90.9},"branches":{"total":4,"covered":3,"skipped":0,"pct":75}}
,"C:\\Users\\ADMIN\\Desktop\\kweb-drips\\trust-link-backend\\src\\admin\\stats\\admin-stats.module.ts": {"lines":{"total":6,"covered":6,"skipped":0,"pct":100},"functions":{"total":0,"covered":0,"skipped":0,"pct":100},"statements":{"total":8,"covered":8,"skipped":0,"pct":100},"branches":{"total":0,"covered":0,"skipped":0,"pct":100}}
,"C:\\Users\\ADMIN\\Desktop\\kweb-drips\\trust-link-backend\\src\\admin\\stats\\admin-stats.service.ts": {"lines":{"total":19,"covered":19,"skipped":0,"pct":100},"functions":{"total":6,"covered":6,"skipped":0,"pct":100},"statements":{"total":23,"covered":23,"skipped":0,"pct":100},"branches":{"total":10,"covered":9,"skipped":0,"pct":90}}
,"C:\\Users\\ADMIN\\Desktop\\kweb-drips\\trust-link-backend\\src\\admin\\stats\\dto\\admin-stats.dto.ts": {"lines":{"total":10,"covered":0,"skipped":0,"pct":0},"functions":{"total":0,"covered":0,"skipped":0,"pct":100},"statements":{"total":10,"covered":0,"skipped":0,"pct":0},"branches":{"total":4,"covered":0,"skipped":0,"pct":0}}
,"C:\\Users\\ADMIN\\Desktop\\kweb-drips\\trust-link-backend\\src\\audit-log\\audit-log.module.ts": {"lines":{"total":3,"covered":3,"skipped":0,"pct":100},"functions":{"total":0,"covered":0,"skipped":0,"pct":100},"statements":{"total":5,"covered":5,"skipped":0,"pct":100},"branches":{"total":0,"covered":0,"skipped":0,"pct":100}}
,"C:\\Users\\ADMIN\\Desktop\\kweb-drips\\trust-link-backend\\src\\audit-log\\audit-log.service.ts": {"lines":{"total":8,"covered":7,"skipped":0,"pct":87.5},"functions":{"total":2,"covered":1,"skipped":0,"pct":50},"statements":{"total":10,"covered":9,"skipped":0,"pct":90},"branches":{"total":0,"covered":0,"skipped":0,"pct":100}}
,"C:\\Users\\ADMIN\\Desktop\\kweb-drips\\trust-link-backend\\src\\auth\\decorators\\current-user.decorator.ts": {"lines":{"total":4,"covered":4,"skipped":0,"pct":100},"functions":{"total":1,"covered":1,"skipped":0,"pct":100},"statements":{"total":4,"covered":4,"skipped":0,"pct":100},"branches":{"total":0,"covered":0,"skipped":0,"pct":100}}
,"C:\\Users\\ADMIN\\Desktop\\kweb-drips\\trust-link-backend\\src\\auth\\guards\\jwt.guard.ts": {"lines":{"total":41,"covered":41,"skipped":0,"pct":100},"functions":{"total":4,"covered":4,"skipped":0,"pct":100},"statements":{"total":43,"covered":43,"skipped":0,"pct":100},"branches":{"total":32,"covered":30,"skipped":0,"pct":93.75}}
,"C:\\Users\\ADMIN\\Desktop\\kweb-drips\\trust-link-backend\\src\\auth\\guards\\optional-jwt.guard.ts": {"lines":{"total":9,"covered":0,"skipped":0,"pct":0},"functions":{"total":1,"covered":0,"skipped":0,"pct":0},"statements":{"total":11,"covered":0,"skipped":0,"pct":0},"branches":{"total":0,"covered":0,"skipped":0,"pct":100}}
,"C:\\Users\\ADMIN\\Desktop\\kweb-drips\\trust-link-backend\\src\\auth\\sep10\\nonce-cleanup.service.ts": {"lines":{"total":11,"covered":11,"skipped":0,"pct":100},"functions":{"total":2,"covered":2,"skipped":0,"pct":100},"statements":{"total":13,"covered":13,"skipped":0,"pct":100},"branches":{"total":8,"covered":6,"skipped":0,"pct":75}}
,"C:\\Users\\ADMIN\\Desktop\\kweb-drips\\trust-link-backend\\src\\auth\\sep10\\sep10.constants.ts": {"lines":{"total":4,"covered":4,"skipped":0,"pct":100},"functions":{"total":0,"covered":0,"skipped":0,"pct":100},"statements":{"total":4,"covered":4,"skipped":0,"pct":100},"branches":{"total":0,"covered":0,"skipped":0,"pct":100}}
,"C:\\Users\\ADMIN\\Desktop\\kweb-drips\\trust-link-backend\\src\\auth\\sep10\\sep10.controller.ts": {"lines":{"total":19,"covered":15,"skipped":0,"pct":78.94},"functions":{"total":5,"covered":1,"skipped":0,"pct":20},"statements":{"total":21,"covered":17,"skipped":0,"pct":80.95},"branches":{"total":4,"covered":3,"skipped":0,"pct":75}}
,"C:\\Users\\ADMIN\\Desktop\\kweb-drips\\trust-link-backend\\src\\auth\\sep10\\sep10.module.ts": {"lines":{"total":6,"covered":6,"skipped":0,"pct":100},"functions":{"total":0,"covered":0,"skipped":0,"pct":100},"statements":{"total":8,"covered":8,"skipped":0,"pct":100},"branches":{"total":0,"covered":0,"skipped":0,"pct":100}}
,"C:\\Users\\ADMIN\\Desktop\\kweb-drips\\trust-link-backend\\src\\auth\\sep10\\sep10.service.ts": {"lines":{"total":88,"covered":86,"skipped":0,"pct":97.72},"functions":{"total":13,"covered":13,"skipped":0,"pct":100},"statements":{"total":90,"covered":88,"skipped":0,"pct":97.77},"branches":{"total":47,"covered":42,"skipped":0,"pct":89.36}}
,"C:\\Users\\ADMIN\\Desktop\\kweb-drips\\trust-link-backend\\src\\cache\\cache.module.ts": {"lines":{"total":3,"covered":3,"skipped":0,"pct":100},"functions":{"total":0,"covered":0,"skipped":0,"pct":100},"statements":{"total":5,"covered":5,"skipped":0,"pct":100},"branches":{"total":0,"covered":0,"skipped":0,"pct":100}}
,"C:\\Users\\ADMIN\\Desktop\\kweb-drips\\trust-link-backend\\src\\cache\\cache.service.ts": {"lines":{"total":46,"covered":34,"skipped":0,"pct":73.91},"functions":{"total":8,"covered":5,"skipped":0,"pct":62.5},"statements":{"total":50,"covered":37,"skipped":0,"pct":74},"branches":{"total":25,"covered":19,"skipped":0,"pct":76}}
,"C:\\Users\\ADMIN\\Desktop\\kweb-drips\\trust-link-backend\\src\\common\\version.ts": {"lines":{"total":10,"covered":9,"skipped":0,"pct":90},"functions":{"total":1,"covered":1,"skipped":0,"pct":100},"statements":{"total":11,"covered":10,"skipped":0,"pct":90.9},"branches":{"total":2,"covered":2,"skipped":0,"pct":100}}
,"C:\\Users\\ADMIN\\Desktop\\kweb-drips\\trust-link-backend\\src\\common\\constants\\time.constants.ts": {"lines":{"total":8,"covered":8,"skipped":0,"pct":100},"functions":{"total":0,"covered":0,"skipped":0,"pct":100},"statements":{"total":8,"covered":8,"skipped":0,"pct":100},"branches":{"total":0,"covered":0,"skipped":0,"pct":100}}
,"C:\\Users\\ADMIN\\Desktop\\kweb-drips\\trust-link-backend\\src\\common\\dto\\error-response.dto.ts": {"lines":{"total":9,"covered":0,"skipped":0,"pct":0},"functions":{"total":0,"covered":0,"skipped":0,"pct":100},"statements":{"total":9,"covered":0,"skipped":0,"pct":0},"branches":{"total":0,"covered":0,"skipped":0,"pct":100}}
,"C:\\Users\\ADMIN\\Desktop\\kweb-drips\\trust-link-backend\\src\\common\\enums\\escrow-state.enum.ts": {"lines":{"total":16,"covered":16,"skipped":0,"pct":100},"functions":{"total":2,"covered":2,"skipped":0,"pct":100},"statements":{"total":16,"covered":16,"skipped":0,"pct":100},"branches":{"total":4,"covered":4,"skipped":0,"pct":100}}
,"C:\\Users\\ADMIN\\Desktop\\kweb-drips\\trust-link-backend\\src\\common\\filters\\global-exception.filter.ts": {"lines":{"total":45,"covered":44,"skipped":0,"pct":97.77},"functions":{"total":9,"covered":9,"skipped":0,"pct":100},"statements":{"total":47,"covered":46,"skipped":0,"pct":97.87},"branches":{"total":64,"covered":43,"skipped":0,"pct":67.18}}
,"C:\\Users\\ADMIN\\Desktop\\kweb-drips\\trust-link-backend\\src\\common\\interceptors\\sentry.interceptor.ts": {"lines":{"total":8,"covered":0,"skipped":0,"pct":0},"functions":{"total":3,"covered":0,"skipped":0,"pct":0},"statements":{"total":11,"covered":0,"skipped":0,"pct":0},"branches":{"total":0,"covered":0,"skipped":0,"pct":100}}
,"C:\\Users\\ADMIN\\Desktop\\kweb-drips\\trust-link-backend\\src\\common\\logger\\json-logger.service.ts": {"lines":{"total":20,"covered":19,"skipped":0,"pct":95},"functions":{"total":9,"covered":8,"skipped":0,"pct":88.88},"statements":{"total":24,"covered":22,"skipped":0,"pct":91.66},"branches":{"total":31,"covered":19,"skipped":0,"pct":61.29}}
,"C:\\Users\\ADMIN\\Desktop\\kweb-drips\\trust-link-backend\\src\\common\\logger\\logger.module.ts": {"lines":{"total":3,"covered":3,"skipped":0,"pct":100},"functions":{"total":0,"covered":0,"skipped":0,"pct":100},"statements":{"total":5,"covered":5,"skipped":0,"pct":100},"branches":{"total":0,"covered":0,"skipped":0,"pct":100}}
,"C:\\Users\\ADMIN\\Desktop\\kweb-drips\\trust-link-backend\\src\\common\\middleware\\logger.middleware.ts": {"lines":{"total":13,"covered":13,"skipped":0,"pct":100},"functions":{"total":2,"covered":2,"skipped":0,"pct":100},"statements":{"total":15,"covered":15,"skipped":0,"pct":100},"branches":{"total":10,"covered":6,"skipped":0,"pct":60}}
,"C:\\Users\\ADMIN\\Desktop\\kweb-drips\\trust-link-backend\\src\\common\\middleware\\request-id.middleware.ts": {"lines":{"total":11,"covered":11,"skipped":0,"pct":100},"functions":{"total":1,"covered":1,"skipped":0,"pct":100},"statements":{"total":13,"covered":13,"skipped":0,"pct":100},"branches":{"total":4,"covered":3,"skipped":0,"pct":75}}
,"C:\\Users\\ADMIN\\Desktop\\kweb-drips\\trust-link-backend\\src\\common\\middleware\\security.middleware.ts": {"lines":{"total":13,"covered":13,"skipped":0,"pct":100},"functions":{"total":1,"covered":1,"skipped":0,"pct":100},"statements":{"total":15,"covered":15,"skipped":0,"pct":100},"branches":{"total":2,"covered":1,"skipped":0,"pct":50}}
,"C:\\Users\\ADMIN\\Desktop\\kweb-drips\\trust-link-backend\\src\\common\\pipes\\file-type-validation.pipe.ts": {"lines":{"total":8,"covered":0,"skipped":0,"pct":0},"functions":{"total":2,"covered":0,"skipped":0,"pct":0},"statements":{"total":10,"covered":0,"skipped":0,"pct":0},"branches":{"total":4,"covered":0,"skipped":0,"pct":0}}
,"C:\\Users\\ADMIN\\Desktop\\kweb-drips\\trust-link-backend\\src\\common\\pipes\\sanitization.pipe.ts": {"lines":{"total":4,"covered":0,"skipped":0,"pct":0},"functions":{"total":1,"covered":0,"skipped":0,"pct":0},"statements":{"total":6,"covered":0,"skipped":0,"pct":0},"branches":{"total":0,"covered":0,"skipped":0,"pct":100}}
,"C:\\Users\\ADMIN\\Desktop\\kweb-drips\\trust-link-backend\\src\\common\\sanitization\\contact-encryption.util.ts": {"lines":{"total":33,"covered":18,"skipped":0,"pct":54.54},"functions":{"total":3,"covered":2,"skipped":0,"pct":66.66},"statements":{"total":33,"covered":18,"skipped":0,"pct":54.54},"branches":{"total":10,"covered":2,"skipped":0,"pct":20}}
,"C:\\Users\\ADMIN\\Desktop\\kweb-drips\\trust-link-backend\\src\\common\\sanitization\\credential-encryption.util.ts": {"lines":{"total":38,"covered":38,"skipped":0,"pct":100},"functions":{"total":4,"covered":4,"skipped":0,"pct":100},"statements":{"total":38,"covered":38,"skipped":0,"pct":100},"branches":{"total":10,"covered":10,"skipped":0,"pct":100}}
,"C:\\Users\\ADMIN\\Desktop\\kweb-drips\\trust-link-backend\\src\\common\\sanitization\\sanitize.util.ts": {"lines":{"total":25,"covered":0,"skipped":0,"pct":0},"functions":{"total":3,"covered":0,"skipped":0,"pct":0},"statements":{"total":26,"covered":0,"skipped":0,"pct":0},"branches":{"total":17,"covered":0,"skipped":0,"pct":0}}
,"C:\\Users\\ADMIN\\Desktop\\kweb-drips\\trust-link-backend\\src\\common\\security\\csp.config.ts": {"lines":{"total":21,"covered":19,"skipped":0,"pct":90.47},"functions":{"total":4,"covered":4,"skipped":0,"pct":100},"statements":{"total":23,"covered":21,"skipped":0,"pct":91.3},"branches":{"total":12,"covered":10,"skipped":0,"pct":83.33}}
,"C:\\Users\\ADMIN\\Desktop\\kweb-drips\\trust-link-backend\\src\\common\\services\\s3-presign.service.ts": {"lines":{"total":9,"covered":5,"skipped":0,"pct":55.55},"functions":{"total":3,"covered":0,"skipped":0,"pct":0},"statements":{"total":12,"covered":7,"skipped":0,"pct":58.33},"branches":{"total":0,"covered":0,"skipped":0,"pct":100}}
,"C:\\Users\\ADMIN\\Desktop\\kweb-drips\\trust-link-backend\\src\\common\\validators\\file-type.validator.ts": {"lines":{"total":19,"covered":18,"skipped":0,"pct":94.73},"functions":{"total":3,"covered":3,"skipped":0,"pct":100},"statements":{"total":21,"covered":20,"skipped":0,"pct":95.23},"branches":{"total":12,"covered":11,"skipped":0,"pct":91.66}}
,"C:\\Users\\ADMIN\\Desktop\\kweb-drips\\trust-link-backend\\src\\common\\validators\\stellar-address.validator.ts": {"lines":{"total":12,"covered":11,"skipped":0,"pct":91.66},"functions":{"total":4,"covered":4,"skipped":0,"pct":100},"statements":{"total":14,"covered":13,"skipped":0,"pct":92.85},"branches":{"total":4,"covered":4,"skipped":0,"pct":100}}
,"C:\\Users\\ADMIN\\Desktop\\kweb-drips\\trust-link-backend\\src\\config\\config.module.ts": {"lines":{"total":5,"covered":5,"skipped":0,"pct":100},"functions":{"total":0,"covered":0,"skipped":0,"pct":100},"statements":{"total":7,"covered":7,"skipped":0,"pct":100},"branches":{"total":0,"covered":0,"skipped":0,"pct":100}}
,"C:\\Users\\ADMIN\\Desktop\\kweb-drips\\trust-link-backend\\src\\config\\config.service.ts": {"lines":{"total":23,"covered":21,"skipped":0,"pct":91.3},"functions":{"total":10,"covered":8,"skipped":0,"pct":80},"statements":{"total":28,"covered":25,"skipped":0,"pct":89.28},"branches":{"total":16,"covered":9,"skipped":0,"pct":56.25}}
,"C:\\Users\\ADMIN\\Desktop\\kweb-drips\\trust-link-backend\\src\\dispute\\dispute.module.ts": {"lines":{"total":4,"covered":4,"skipped":0,"pct":100},"functions":{"total":0,"covered":0,"skipped":0,"pct":100},"statements":{"total":6,"covered":6,"skipped":0,"pct":100},"branches":{"total":0,"covered":0,"skipped":0,"pct":100}}
,"C:\\Users\\ADMIN\\Desktop\\kweb-drips\\trust-link-backend\\src\\dispute\\dispute.repository.ts": {"lines":{"total":17,"covered":16,"skipped":0,"pct":94.11},"functions":{"total":8,"covered":8,"skipped":0,"pct":100},"statements":{"total":19,"covered":18,"skipped":0,"pct":94.73},"branches":{"total":9,"covered":6,"skipped":0,"pct":66.66}}
,"C:\\Users\\ADMIN\\Desktop\\kweb-drips\\trust-link-backend\\src\\dlq\\dlq.controller.ts": {"lines":{"total":29,"covered":22,"skipped":0,"pct":75.86},"functions":{"total":6,"covered":3,"skipped":0,"pct":50},"statements":{"total":34,"covered":24,"skipped":0,"pct":70.58},"branches":{"total":24,"covered":15,"skipped":0,"pct":62.5}}
,"C:\\Users\\ADMIN\\Desktop\\kweb-drips\\trust-link-backend\\src\\dlq\\dlq.module.ts": {"lines":{"total":7,"covered":7,"skipped":0,"pct":100},"functions":{"total":0,"covered":0,"skipped":0,"pct":100},"statements":{"total":9,"covered":9,"skipped":0,"pct":100},"branches":{"total":0,"covered":0,"skipped":0,"pct":100}}
,"C:\\Users\\ADMIN\\Desktop\\kweb-drips\\trust-link-backend\\src\\dlq\\dlq.service.ts": {"lines":{"total":35,"covered":35,"skipped":0,"pct":100},"functions":{"total":10,"covered":10,"skipped":0,"pct":100},"statements":{"total":41,"covered":41,"skipped":0,"pct":100},"branches":{"total":25,"covered":21,"skipped":0,"pct":84}}
,"C:\\Users\\ADMIN\\Desktop\\kweb-drips\\trust-link-backend\\src\\escrow\\auto-release.service.ts": {"lines":{"total":24,"covered":24,"skipped":0,"pct":100},"functions":{"total":2,"covered":2,"skipped":0,"pct":100},"statements":{"total":26,"covered":26,"skipped":0,"pct":100},"branches":{"total":16,"covered":12,"skipped":0,"pct":75}}
,"C:\\Users\\ADMIN\\Desktop\\kweb-drips\\trust-link-backend\\src\\escrow\\buyer-dispute.service.ts": {"lines":{"total":41,"covered":28,"skipped":0,"pct":68.29},"functions":{"total":4,"covered":3,"skipped":0,"pct":75},"statements":{"total":43,"covered":30,"skipped":0,"pct":69.76},"branches":{"total":44,"covered":28,"skipped":0,"pct":63.63}}
,"C:\\Users\\ADMIN\\Desktop\\kweb-drips\\trust-link-backend\\src\\escrow\\escrow.constants.ts": {"lines":{"total":2,"covered":2,"skipped":0,"pct":100},"functions":{"total":0,"covered":0,"skipped":0,"pct":100},"statements":{"total":2,"covered":2,"skipped":0,"pct":100},"branches":{"total":0,"covered":0,"skipped":0,"pct":100}}
,"C:\\Users\\ADMIN\\Desktop\\kweb-drips\\trust-link-backend\\src\\escrow\\escrow.controller.ts": {"lines":{"total":39,"covered":26,"skipped":0,"pct":66.66},"functions":{"total":12,"covered":1,"skipped":0,"pct":8.33},"statements":{"total":41,"covered":28,"skipped":0,"pct":68.29},"branches":{"total":28,"covered":18,"skipped":0,"pct":64.28}}
,"C:\\Users\\ADMIN\\Desktop\\kweb-drips\\trust-link-backend\\src\\escrow\\escrow.module.ts": {"lines":{"total":14,"covered":14,"skipped":0,"pct":100},"functions":{"total":1,"covered":1,"skipped":0,"pct":100},"statements":{"total":16,"covered":16,"skipped":0,"pct":100},"branches":{"total":0,"covered":0,"skipped":0,"pct":100}}
,"C:\\Users\\ADMIN\\Desktop\\kweb-drips\\trust-link-backend\\src\\escrow\\escrow.repository.ts": {"lines":{"total":83,"covered":38,"skipped":0,"pct":45.78},"functions":{"total":29,"covered":13,"skipped":0,"pct":44.82},"statements":{"total":88,"covered":40,"skipped":0,"pct":45.45},"branches":{"total":33,"covered":16,"skipped":0,"pct":48.48}}
,"C:\\Users\\ADMIN\\Desktop\\kweb-drips\\trust-link-backend\\src\\escrow\\escrow.service.ts": {"lines":{"total":196,"covered":121,"skipped":0,"pct":61.73},"functions":{"total":26,"covered":7,"skipped":0,"pct":26.92},"statements":{"total":199,"covered":123,"skipped":0,"pct":61.8},"branches":{"total":159,"covered":81,"skipped":0,"pct":50.94}}
,"C:\\Users\\ADMIN\\Desktop\\kweb-drips\\trust-link-backend\\src\\escrow\\vendor-escrow.controller.ts": {"lines":{"total":10,"covered":9,"skipped":0,"pct":90},"functions":{"total":2,"covered":1,"skipped":0,"pct":50},"statements":{"total":12,"covered":11,"skipped":0,"pct":91.66},"branches":{"total":8,"covered":6,"skipped":0,"pct":75}}
,"C:\\Users\\ADMIN\\Desktop\\kweb-drips\\trust-link-backend\\src\\escrow\\dto\\create-escrow.dto.ts": {"lines":{"total":13,"covered":10,"skipped":0,"pct":76.92},"functions":{"total":3,"covered":0,"skipped":0,"pct":0},"statements":{"total":13,"covered":10,"skipped":0,"pct":76.92},"branches":{"total":0,"covered":0,"skipped":0,"pct":100}}
,"C:\\Users\\ADMIN\\Desktop\\kweb-drips\\trust-link-backend\\src\\escrow\\dto\\escrow-response.dto.ts": {"lines":{"total":12,"covered":0,"skipped":0,"pct":0},"functions":{"total":0,"covered":0,"skipped":0,"pct":100},"statements":{"total":12,"covered":0,"skipped":0,"pct":0},"branches":{"total":8,"covered":0,"skipped":0,"pct":0}}
,"C:\\Users\\ADMIN\\Desktop\\kweb-drips\\trust-link-backend\\src\\escrow\\dto\\escrow-summary.dto.ts": {"lines":{"total":11,"covered":0,"skipped":0,"pct":0},"functions":{"total":0,"covered":0,"skipped":0,"pct":100},"statements":{"total":11,"covered":0,"skipped":0,"pct":0},"branches":{"total":8,"covered":0,"skipped":0,"pct":0}}
,"C:\\Users\\ADMIN\\Desktop\\kweb-drips\\trust-link-backend\\src\\escrow\\dto\\evidence-upload.dto.ts": {"lines":{"total":8,"covered":0,"skipped":0,"pct":0},"functions":{"total":0,"covered":0,"skipped":0,"pct":100},"statements":{"total":8,"covered":0,"skipped":0,"pct":0},"branches":{"total":0,"covered":0,"skipped":0,"pct":100}}
,"C:\\Users\\ADMIN\\Desktop\\kweb-drips\\trust-link-backend\\src\\escrow\\dto\\open-dispute.dto.ts": {"lines":{"total":12,"covered":12,"skipped":0,"pct":100},"functions":{"total":1,"covered":1,"skipped":0,"pct":100},"statements":{"total":12,"covered":12,"skipped":0,"pct":100},"branches":{"total":2,"covered":2,"skipped":0,"pct":100}}
,"C:\\Users\\ADMIN\\Desktop\\kweb-drips\\trust-link-backend\\src\\escrow\\dto\\update-buyer-contact.dto.ts": {"lines":{"total":7,"covered":6,"skipped":0,"pct":85.71},"functions":{"total":1,"covered":0,"skipped":0,"pct":0},"statements":{"total":7,"covered":6,"skipped":0,"pct":85.71},"branches":{"total":2,"covered":0,"skipped":0,"pct":0}}
,"C:\\Users\\ADMIN\\Desktop\\kweb-drips\\trust-link-backend\\src\\escrow\\dto\\update-shipment.dto.ts": {"lines":{"total":6,"covered":5,"skipped":0,"pct":83.33},"functions":{"total":1,"covered":0,"skipped":0,"pct":0},"statements":{"total":6,"covered":5,"skipped":0,"pct":83.33},"branches":{"total":0,"covered":0,"skipped":0,"pct":100}}
,"C:\\Users\\ADMIN\\Desktop\\kweb-drips\\trust-link-backend\\src\\escrow\\dto\\vendor-escrows-query.dto.ts": {"lines":{"total":12,"covered":12,"skipped":0,"pct":100},"functions":{"total":2,"covered":2,"skipped":0,"pct":100},"statements":{"total":16,"covered":16,"skipped":0,"pct":100},"branches":{"total":4,"covered":3,"skipped":0,"pct":75}}
,"C:\\Users\\ADMIN\\Desktop\\kweb-drips\\trust-link-backend\\src\\logistics\\logistics.module.ts": {"lines":{"total":3,"covered":3,"skipped":0,"pct":100},"functions":{"total":0,"covered":0,"skipped":0,"pct":100},"statements":{"total":5,"covered":5,"skipped":0,"pct":100},"branches":{"total":0,"covered":0,"skipped":0,"pct":100}}
,"C:\\Users\\ADMIN\\Desktop\\kweb-drips\\trust-link-backend\\src\\logistics\\logistics.service.ts": {"lines":{"total":33,"covered":28,"skipped":0,"pct":84.84},"functions":{"total":7,"covered":4,"skipped":0,"pct":57.14},"statements":{"total":35,"covered":30,"skipped":0,"pct":85.71},"branches":{"total":24,"covered":21,"skipped":0,"pct":87.5}}
,"C:\\Users\\ADMIN\\Desktop\\kweb-drips\\trust-link-backend\\src\\logistics\\gigl\\gigl-logistics.service.ts": {"lines":{"total":17,"covered":17,"skipped":0,"pct":100},"functions":{"total":6,"covered":6,"skipped":0,"pct":100},"statements":{"total":21,"covered":21,"skipped":0,"pct":100},"branches":{"total":12,"covered":11,"skipped":0,"pct":91.66}}
,"C:\\Users\\ADMIN\\Desktop\\kweb-drips\\trust-link-backend\\src\\logistics\\gigl\\gigl.client.ts": {"lines":{"total":26,"covered":12,"skipped":0,"pct":46.15},"functions":{"total":5,"covered":3,"skipped":0,"pct":60},"statements":{"total":26,"covered":12,"skipped":0,"pct":46.15},"branches":{"total":14,"covered":0,"skipped":0,"pct":0}}
,"C:\\Users\\ADMIN\\Desktop\\kweb-drips\\trust-link-backend\\src\\logistics\\providers\\terminal-africa.provider.ts": {"lines":{"total":49,"covered":42,"skipped":0,"pct":85.71},"functions":{"total":7,"covered":7,"skipped":0,"pct":100},"statements":{"total":49,"covered":42,"skipped":0,"pct":85.71},"branches":{"total":69,"covered":42,"skipped":0,"pct":60.86}}
,"C:\\Users\\ADMIN\\Desktop\\kweb-drips\\trust-link-backend\\src\\notifications\\notification-retry-queue.service.ts": {"lines":{"total":97,"covered":69,"skipped":0,"pct":71.13},"functions":{"total":20,"covered":13,"skipped":0,"pct":65},"statements":{"total":103,"covered":74,"skipped":0,"pct":71.84},"branches":{"total":62,"covered":36,"skipped":0,"pct":58.06}}
,"C:\\Users\\ADMIN\\Desktop\\kweb-drips\\trust-link-backend\\src\\notifications\\notification-retry-queue.types.ts": {"lines":{"total":7,"covered":7,"skipped":0,"pct":100},"functions":{"total":1,"covered":1,"skipped":0,"pct":100},"statements":{"total":9,"covered":9,"skipped":0,"pct":100},"branches":{"total":5,"covered":4,"skipped":0,"pct":80}}
,"C:\\Users\\ADMIN\\Desktop\\kweb-drips\\trust-link-backend\\src\\notifications\\notifications.module.ts": {"lines":{"total":25,"covered":25,"skipped":0,"pct":100},"functions":{"total":2,"covered":2,"skipped":0,"pct":100},"statements":{"total":27,"covered":27,"skipped":0,"pct":100},"branches":{"total":6,"covered":6,"skipped":0,"pct":100}}
,"C:\\Users\\ADMIN\\Desktop\\kweb-drips\\trust-link-backend\\src\\notifications\\notifications.service.ts": {"lines":{"total":95,"covered":86,"skipped":0,"pct":90.52},"functions":{"total":20,"covered":17,"skipped":0,"pct":85},"statements":{"total":104,"covered":92,"skipped":0,"pct":88.46},"branches":{"total":67,"covered":53,"skipped":0,"pct":79.1}}
,"C:\\Users\\ADMIN\\Desktop\\kweb-drips\\trust-link-backend\\src\\notifications\\notifications.tokens.ts": {"lines":{"total":2,"covered":2,"skipped":0,"pct":100},"functions":{"total":0,"covered":0,"skipped":0,"pct":100},"statements":{"total":2,"covered":2,"skipped":0,"pct":100},"branches":{"total":0,"covered":0,"skipped":0,"pct":100}}
,"C:\\Users\\ADMIN\\Desktop\\kweb-drips\\trust-link-backend\\src\\prisma\\prisma.module.ts": {"lines":{"total":8,"covered":8,"skipped":0,"pct":100},"functions":{"total":1,"covered":1,"skipped":0,"pct":100},"statements":{"total":10,"covered":10,"skipped":0,"pct":100},"branches":{"total":2,"covered":1,"skipped":0,"pct":50}}
,"C:\\Users\\ADMIN\\Desktop\\kweb-drips\\trust-link-backend\\src\\prisma\\prisma.service.ts": {"lines":{"total":346,"covered":229,"skipped":0,"pct":66.18},"functions":{"total":80,"covered":52,"skipped":0,"pct":65},"statements":{"total":359,"covered":238,"skipped":0,"pct":66.29},"branches":{"total":285,"covered":195,"skipped":0,"pct":68.42}}
,"C:\\Users\\ADMIN\\Desktop\\kweb-drips\\trust-link-backend\\src\\stellar\\blockchain-listener.service.ts": {"lines":{"total":25,"covered":25,"skipped":0,"pct":100},"functions":{"total":4,"covered":4,"skipped":0,"pct":100},"statements":{"total":30,"covered":30,"skipped":0,"pct":100},"branches":{"total":24,"covered":21,"skipped":0,"pct":87.5}}
,"C:\\Users\\ADMIN\\Desktop\\kweb-drips\\trust-link-backend\\src\\stellar\\contract-call-failed.exception.ts": {"lines":{"total":3,"covered":3,"skipped":0,"pct":100},"functions":{"total":1,"covered":1,"skipped":0,"pct":100},"statements":{"total":3,"covered":3,"skipped":0,"pct":100},"branches":{"total":1,"covered":1,"skipped":0,"pct":100}}
,"C:\\Users\\ADMIN\\Desktop\\kweb-drips\\trust-link-backend\\src\\stellar\\contract.constants.ts": {"lines":{"total":1,"covered":1,"skipped":0,"pct":100},"functions":{"total":0,"covered":0,"skipped":0,"pct":100},"statements":{"total":1,"covered":1,"skipped":0,"pct":100},"branches":{"total":0,"covered":0,"skipped":0,"pct":100}}
,"C:\\Users\\ADMIN\\Desktop\\kweb-drips\\trust-link-backend\\src\\stellar\\contract.service.ts": {"lines":{"total":58,"covered":29,"skipped":0,"pct":50},"functions":{"total":7,"covered":4,"skipped":0,"pct":57.14},"statements":{"total":60,"covered":31,"skipped":0,"pct":51.66},"branches":{"total":51,"covered":21,"skipped":0,"pct":41.17}}
,"C:\\Users\\ADMIN\\Desktop\\kweb-drips\\trust-link-backend\\src\\stellar\\currency.config.ts": {"lines":{"total":11,"covered":0,"skipped":0,"pct":0},"functions":{"total":2,"covered":0,"skipped":0,"pct":0},"statements":{"total":12,"covered":0,"skipped":0,"pct":0},"branches":{"total":4,"covered":0,"skipped":0,"pct":0}}
,"C:\\Users\\ADMIN\\Desktop\\kweb-drips\\trust-link-backend\\src\\stellar\\cursor.service.ts": {"lines":{"total":14,"covered":14,"skipped":0,"pct":100},"functions":{"total":3,"covered":3,"skipped":0,"pct":100},"statements":{"total":15,"covered":15,"skipped":0,"pct":100},"branches":{"total":10,"covered":7,"skipped":0,"pct":70}}
,"C:\\Users\\ADMIN\\Desktop\\kweb-drips\\trust-link-backend\\src\\stellar\\event-replay.service.ts": {"lines":{"total":29,"covered":29,"skipped":0,"pct":100},"functions":{"total":2,"covered":2,"skipped":0,"pct":100},"statements":{"total":31,"covered":31,"skipped":0,"pct":100},"branches":{"total":38,"covered":29,"skipped":0,"pct":76.31}}
,"C:\\Users\\ADMIN\\Desktop\\kweb-drips\\trust-link-backend\\src\\stellar\\horizon.service.ts": {"lines":{"total":20,"covered":17,"skipped":0,"pct":85},"functions":{"total":4,"covered":4,"skipped":0,"pct":100},"statements":{"total":23,"covered":20,"skipped":0,"pct":86.95},"branches":{"total":13,"covered":7,"skipped":0,"pct":53.84}}
,"C:\\Users\\ADMIN\\Desktop\\kweb-drips\\trust-link-backend\\src\\stellar\\stellar.module.ts": {"lines":{"total":10,"covered":10,"skipped":0,"pct":100},"functions":{"total":1,"covered":1,"skipped":0,"pct":100},"statements":{"total":12,"covered":12,"skipped":0,"pct":100},"branches":{"total":0,"covered":0,"skipped":0,"pct":100}}
,"C:\\Users\\ADMIN\\Desktop\\kweb-drips\\trust-link-backend\\src\\stellar\\stellar.tokens.ts": {"lines":{"total":1,"covered":1,"skipped":0,"pct":100},"functions":{"total":0,"covered":0,"skipped":0,"pct":100},"statements":{"total":1,"covered":1,"skipped":0,"pct":100},"branches":{"total":0,"covered":0,"skipped":0,"pct":100}}
,"C:\\Users\\ADMIN\\Desktop\\kweb-drips\\trust-link-backend\\src\\stress-test\\stress-test.controller.ts": {"lines":{"total":15,"covered":11,"skipped":0,"pct":73.33},"functions":{"total":4,"covered":1,"skipped":0,"pct":25},"statements":{"total":17,"covered":13,"skipped":0,"pct":76.47},"branches":{"total":12,"covered":9,"skipped":0,"pct":75}}
,"C:\\Users\\ADMIN\\Desktop\\kweb-drips\\trust-link-backend\\src\\stress-test\\stress-test.module.ts": {"lines":{"total":8,"covered":8,"skipped":0,"pct":100},"functions":{"total":0,"covered":0,"skipped":0,"pct":100},"statements":{"total":10,"covered":10,"skipped":0,"pct":100},"branches":{"total":0,"covered":0,"skipped":0,"pct":100}}
,"C:\\Users\\ADMIN\\Desktop\\kweb-drips\\trust-link-backend\\src\\stress-test\\stress-test.service.ts": {"lines":{"total":111,"covered":104,"skipped":0,"pct":93.69},"functions":{"total":18,"covered":18,"skipped":0,"pct":100},"statements":{"total":119,"covered":112,"skipped":0,"pct":94.11},"branches":{"total":55,"covered":40,"skipped":0,"pct":72.72}}
,"C:\\Users\\ADMIN\\Desktop\\kweb-drips\\trust-link-backend\\src\\stress-test\\dto\\stress-test-config.dto.ts": {"lines":{"total":19,"covered":19,"skipped":0,"pct":100},"functions":{"total":0,"covered":0,"skipped":0,"pct":100},"statements":{"total":19,"covered":19,"skipped":0,"pct":100},"branches":{"total":4,"covered":2,"skipped":0,"pct":50}}
,"C:\\Users\\ADMIN\\Desktop\\kweb-drips\\trust-link-backend\\src\\tracing\\prisma-tracing.wrapper.ts": {"lines":{"total":20,"covered":17,"skipped":0,"pct":85},"functions":{"total":6,"covered":6,"skipped":0,"pct":100},"statements":{"total":20,"covered":17,"skipped":0,"pct":85},"branches":{"total":9,"covered":7,"skipped":0,"pct":77.77}}
,"C:\\Users\\ADMIN\\Desktop\\kweb-drips\\trust-link-backend\\src\\tracing\\tracing.bootstrap.ts": {"lines":{"total":22,"covered":12,"skipped":0,"pct":54.54},"functions":{"total":2,"covered":1,"skipped":0,"pct":50},"statements":{"total":22,"covered":12,"skipped":0,"pct":54.54},"branches":{"total":10,"covered":2,"skipped":0,"pct":20}}
,"C:\\Users\\ADMIN\\Desktop\\kweb-drips\\trust-link-backend\\src\\tracing\\tracing.interceptor.ts": {"lines":{"total":16,"covered":8,"skipped":0,"pct":50},"functions":{"total":4,"covered":2,"skipped":0,"pct":50},"statements":{"total":18,"covered":10,"skipped":0,"pct":55.55},"branches":{"total":6,"covered":4,"skipped":0,"pct":66.66}}
,"C:\\Users\\ADMIN\\Desktop\\kweb-drips\\trust-link-backend\\src\\tracing\\tracing.middleware.ts": {"lines":{"total":33,"covered":20,"skipped":0,"pct":60.6},"functions":{"total":4,"covered":2,"skipped":0,"pct":50},"statements":{"total":45,"covered":32,"skipped":0,"pct":71.11},"branches":{"total":32,"covered":22,"skipped":0,"pct":68.75}}
,"C:\\Users\\ADMIN\\Desktop\\kweb-drips\\trust-link-backend\\src\\tracing\\tracing.module.ts": {"lines":{"total":5,"covered":5,"skipped":0,"pct":100},"functions":{"total":0,"covered":0,"skipped":0,"pct":100},"statements":{"total":7,"covered":7,"skipped":0,"pct":100},"branches":{"total":0,"covered":0,"skipped":0,"pct":100}}
,"C:\\Users\\ADMIN\\Desktop\\kweb-drips\\trust-link-backend\\src\\tracing\\tracing.service.ts": {"lines":{"total":25,"covered":15,"skipped":0,"pct":60},"functions":{"total":8,"covered":7,"skipped":0,"pct":87.5},"statements":{"total":27,"covered":17,"skipped":0,"pct":62.96},"branches":{"total":9,"covered":3,"skipped":0,"pct":33.33}}
,"C:\\Users\\ADMIN\\Desktop\\kweb-drips\\trust-link-backend\\src\\vendor\\vendor-profile.controller.ts": {"lines":{"total":22,"covered":16,"skipped":0,"pct":72.72},"functions":{"total":7,"covered":1,"skipped":0,"pct":14.28},"statements":{"total":24,"covered":18,"skipped":0,"pct":75},"branches":{"total":20,"covered":15,"skipped":0,"pct":75}}
,"C:\\Users\\ADMIN\\Desktop\\kweb-drips\\trust-link-backend\\src\\vendor\\vendor-profile.repository.ts": {"lines":{"total":12,"covered":4,"skipped":0,"pct":33.33},"functions":{"total":7,"covered":1,"skipped":0,"pct":14.28},"statements":{"total":14,"covered":6,"skipped":0,"pct":42.85},"branches":{"total":64,"covered":3,"skipped":0,"pct":4.68}}
,"C:\\Users\\ADMIN\\Desktop\\kweb-drips\\trust-link-backend\\src\\vendor\\vendor-profile.service.ts": {"lines":{"total":30,"covered":21,"skipped":0,"pct":70},"functions":{"total":9,"covered":6,"skipped":0,"pct":66.66},"statements":{"total":32,"covered":23,"skipped":0,"pct":71.87},"branches":{"total":16,"covered":11,"skipped":0,"pct":68.75}}
,"C:\\Users\\ADMIN\\Desktop\\kweb-drips\\trust-link-backend\\src\\vendor\\vendor.module.ts": {"lines":{"total":8,"covered":8,"skipped":0,"pct":100},"functions":{"total":0,"covered":0,"skipped":0,"pct":100},"statements":{"total":10,"covered":10,"skipped":0,"pct":100},"branches":{"total":0,"covered":0,"skipped":0,"pct":100}}
,"C:\\Users\\ADMIN\\Desktop\\kweb-drips\\trust-link-backend\\src\\vendor\\analytics\\analytics.controller.ts": {"lines":{"total":19,"covered":9,"skipped":0,"pct":47.36},"functions":{"total":3,"covered":1,"skipped":0,"pct":33.33},"statements":{"total":21,"covered":11,"skipped":0,"pct":52.38},"branches":{"total":21,"covered":9,"skipped":0,"pct":42.85}}
,"C:\\Users\\ADMIN\\Desktop\\kweb-drips\\trust-link-backend\\src\\vendor\\analytics\\analytics.module.ts": {"lines":{"total":5,"covered":5,"skipped":0,"pct":100},"functions":{"total":0,"covered":0,"skipped":0,"pct":100},"statements":{"total":7,"covered":7,"skipped":0,"pct":100},"branches":{"total":0,"covered":0,"skipped":0,"pct":100}}
,"C:\\Users\\ADMIN\\Desktop\\kweb-drips\\trust-link-backend\\src\\vendor\\analytics\\analytics.service.ts": {"lines":{"total":60,"covered":36,"skipped":0,"pct":60},"functions":{"total":9,"covered":8,"skipped":0,"pct":88.88},"statements":{"total":64,"covered":40,"skipped":0,"pct":62.5},"branches":{"total":27,"covered":7,"skipped":0,"pct":25.92}}
,"C:\\Users\\ADMIN\\Desktop\\kweb-drips\\trust-link-backend\\src\\vendor\\dto\\create-vendor-profile.dto.ts": {"lines":{"total":9,"covered":8,"skipped":0,"pct":88.88},"functions":{"total":1,"covered":0,"skipped":0,"pct":0},"statements":{"total":9,"covered":8,"skipped":0,"pct":88.88},"branches":{"total":0,"covered":0,"skipped":0,"pct":100}}
,"C:\\Users\\ADMIN\\Desktop\\kweb-drips\\trust-link-backend\\src\\vendor\\dto\\notification-preferences-response.dto.ts": {"lines":{"total":11,"covered":0,"skipped":0,"pct":0},"functions":{"total":0,"covered":0,"skipped":0,"pct":100},"statements":{"total":11,"covered":0,"skipped":0,"pct":0},"branches":{"total":0,"covered":0,"skipped":0,"pct":100}}
,"C:\\Users\\ADMIN\\Desktop\\kweb-drips\\trust-link-backend\\src\\vendor\\dto\\update-notification-preferences.dto.ts": {"lines":{"total":16,"covered":13,"skipped":0,"pct":81.25},"functions":{"total":5,"covered":1,"skipped":0,"pct":20},"statements":{"total":17,"covered":13,"skipped":0,"pct":76.47},"branches":{"total":4,"covered":2,"skipped":0,"pct":50}}
,"C:\\Users\\ADMIN\\Desktop\\kweb-drips\\trust-link-backend\\src\\vendor\\dto\\update-vendor-profile.dto.ts": {"lines":{"total":9,"covered":8,"skipped":0,"pct":88.88},"functions":{"total":1,"covered":0,"skipped":0,"pct":0},"statements":{"total":9,"covered":8,"skipped":0,"pct":88.88},"branches":{"total":0,"covered":0,"skipped":0,"pct":100}}
,"C:\\Users\\ADMIN\\Desktop\\kweb-drips\\trust-link-backend\\src\\webhooks\\stellar-webhook.controller.ts": {"lines":{"total":12,"covered":7,"skipped":0,"pct":58.33},"functions":{"total":3,"covered":1,"skipped":0,"pct":33.33},"statements":{"total":15,"covered":9,"skipped":0,"pct":60},"branches":{"total":14,"covered":9,"skipped":0,"pct":64.28}}
,"C:\\Users\\ADMIN\\Desktop\\kweb-drips\\trust-link-backend\\src\\webhooks\\stellar-webhook.service.ts": {"lines":{"total":65,"covered":58,"skipped":0,"pct":89.23},"functions":{"total":7,"covered":7,"skipped":0,"pct":100},"statements":{"total":68,"covered":61,"skipped":0,"pct":89.7},"branches":{"total":44,"covered":31,"skipped":0,"pct":70.45}}
,"C:\\Users\\ADMIN\\Desktop\\kweb-drips\\trust-link-backend\\src\\webhooks\\webhooks.module.ts": {"lines":{"total":6,"covered":6,"skipped":0,"pct":100},"functions":{"total":1,"covered":1,"skipped":0,"pct":100},"statements":{"total":8,"covered":8,"skipped":0,"pct":100},"branches":{"total":0,"covered":0,"skipped":0,"pct":100}}
,"C:\\Users\\ADMIN\\Desktop\\kweb-drips\\trust-link-backend\\src\\webhooks\\dto\\stellar-webhook.dto.ts": {"lines":{"total":11,"covered":11,"skipped":0,"pct":100},"functions":{"total":0,"covered":0,"skipped":0,"pct":100},"statements":{"total":11,"covered":11,"skipped":0,"pct":100},"branches":{"total":4,"covered":2,"skipped":0,"pct":50}}
,"C:\\Users\\ADMIN\\Desktop\\kweb-drips\\trust-link-backend\\src\\workers\\auto-release.worker.ts": {"lines":{"total":49,"covered":48,"skipped":0,"pct":97.95},"functions":{"total":6,"covered":5,"skipped":0,"pct":83.33},"statements":{"total":51,"covered":50,"skipped":0,"pct":98.03},"branches":{"total":39,"covered":30,"skipped":0,"pct":76.92}}
,"C:\\Users\\ADMIN\\Desktop\\kweb-drips\\trust-link-backend\\src\\workers\\tracking-poll.worker.ts": {"lines":{"total":32,"covered":32,"skipped":0,"pct":100},"functions":{"total":5,"covered":5,"skipped":0,"pct":100},"statements":{"total":34,"covered":34,"skipped":0,"pct":100},"branches":{"total":28,"covered":21,"skipped":0,"pct":75}}
,"C:\\Users\\ADMIN\\Desktop\\kweb-drips\\trust-link-backend\\src\\workers\\workers.module.ts": {"lines":{"total":7,"covered":7,"skipped":0,"pct":100},"functions":{"total":0,"covered":0,"skipped":0,"pct":100},"statements":{"total":9,"covered":9,"skipped":0,"pct":100},"branches":{"total":0,"covered":0,"skipped":0,"pct":100}}
}
