TN:
SF:src\app.controller.ts
FN:55,(anonymous_4)
FN:65,(anonymous_5)
FN:85,(anonymous_6)
FN:89,(anonymous_7)
FN:93,(anonymous_8)
FN:97,(anonymous_9)
FN:156,(anonymous_10)
FN:164,(anonymous_11)
FN:176,(anonymous_12)
FN:186,(anonymous_13)
FN:209,(anonymous_14)
FNF:11
FNH:7
FNDA:10,(anonymous_4)
FNDA:1,(anonymous_5)
FNDA:6,(anonymous_6)
FNDA:0,(anonymous_7)
FNDA:0,(anonymous_8)
FNDA:0,(anonymous_9)
FNDA:1,(anonymous_10)
FNDA:6,(anonymous_11)
FNDA:6,(anonymous_12)
FNDA:0,(anonymous_13)
FNDA:6,(anonymous_14)
DA:1,4
DA:9,4
DA:11,4
DA:12,4
DA:13,4
DA:14,4
DA:15,4
DA:43,4
DA:48,4
DA:52,4
DA:53,10
DA:56,10
DA:57,10
DA:58,10
DA:59,10
DA:65,4
DA:66,1
DA:85,4
DA:86,6
DA:88,6
DA:89,0
DA:93,0
DA:97,0
DA:104,6
DA:112,6
DA:114,6
DA:115,3
DA:120,6
DA:131,6
DA:132,3
DA:133,3
DA:134,1
DA:136,3
DA:137,2
DA:141,6
DA:156,4
DA:157,1
DA:165,6
DA:166,6
DA:167,5
DA:170,1
DA:171,1
DA:172,1
DA:177,6
DA:178,6
DA:179,6
DA:180,0
DA:181,0
DA:182,0
DA:185,6
DA:186,6
DA:188,6
DA:189,6
DA:193,5
DA:194,4
DA:196,1
DA:197,1
DA:198,1
DA:201,1
DA:202,1
DA:203,1
DA:205,6
DA:212,6
DA:213,6
DA:214,4
DA:217,2
DA:220,2
LF:67
LH:61
BRDA:91,0,0,0
BRDA:91,0,1,0
BRDA:95,1,0,0
BRDA:95,1,1,0
BRDA:99,2,0,0
BRDA:99,2,1,0
BRDA:104,3,0,1
BRDA:104,3,1,5
BRDA:104,4,0,6
BRDA:104,4,1,2
BRDA:106,5,0,4
BRDA:106,5,1,1
BRDA:112,6,0,6
BRDA:112,6,1,5
BRDA:114,7,0,3
BRDA:114,7,1,3
BRDA:121,8,0,3
BRDA:121,8,1,3
BRDA:131,9,0,3
BRDA:131,9,1,3
BRDA:133,10,0,1
BRDA:133,10,1,2
BRDA:136,11,0,2
BRDA:136,11,1,1
BRDA:142,12,0,3
BRDA:142,12,1,3
BRDA:170,13,0,1
BRDA:170,13,1,0
BRDA:179,14,0,0
BRDA:179,14,1,6
BRDA:193,15,0,4
BRDA:193,15,1,1
BRDA:201,16,0,1
BRDA:201,16,1,0
BRDA:213,17,0,4
BRDA:213,17,1,2
BRDA:217,18,0,1
BRDA:217,18,1,1
BRDA:85,19,0,4
BRDA:85,19,1,0
BRDA:85,20,0,4
BRDA:85,20,1,4
BRDA:56,21,0,4
BRDA:56,21,1,0
BRDA:56,22,0,4
BRDA:56,22,1,4
BRDA:56,23,0,4
BRDA:56,23,1,0
BRDA:56,24,0,4
BRDA:56,24,1,4
BRDA:57,25,0,4
BRDA:57,25,1,0
BRDA:57,26,0,4
BRDA:57,26,1,4
BRDA:58,27,0,4
BRDA:58,27,1,0
BRDA:58,28,0,4
BRDA:58,28,1,4
BRF:58
BRH:44
end_of_record
TN:
SF:src\app.module.ts
FN:104,(anonymous_1)
FN:71,(anonymous_2)
FNF:2
FNH:2
FNDA:1,(anonymous_1)
FNDA:2,(anonymous_2)
DA:1,3
DA:2,3
DA:3,3
DA:4,3
DA:5,3
DA:6,3
DA:7,3
DA:8,3
DA:9,3
DA:10,3
DA:11,3
DA:12,3
DA:13,3
DA:14,3
DA:15,3
DA:16,3
DA:17,3
DA:18,3
DA:19,3
DA:20,3
DA:21,3
DA:22,3
DA:23,3
DA:24,3
DA:25,3
DA:26,3
DA:27,3
DA:28,3
DA:29,3
DA:31,3
DA:32,3
DA:33,3
DA:71,2
DA:103,3
DA:105,1
LF:35
LH:35
BRDA:74,0,0,2
BRDA:74,0,1,2
BRDA:75,1,0,2
BRDA:75,1,1,2
BRDA:79,2,0,2
BRDA:79,2,1,2
BRDA:80,3,0,2
BRDA:80,3,1,2
BRDA:84,4,0,2
BRDA:84,4,1,1
BRDA:85,5,0,2
BRDA:85,5,1,1
BRF:12
BRH:12
end_of_record
TN:
SF:src\app.service.ts
FN:6,(anonymous_1)
FNF:1
FNH:1
FNDA:1,(anonymous_1)
DA:1,4
DA:4,4
DA:7,1
LF:3
LH:3
BRF:0
BRH:0
end_of_record
TN:
SF:src\admin\api-keys\api-keys.controller.ts
FN:26,(anonymous_4)
FN:40,(anonymous_5)
FNF:2
FNH:1
FNDA:2,(anonymous_4)
FNDA:0,(anonymous_5)
DA:1,3
DA:9,3
DA:15,3
DA:16,3
DA:17,3
DA:18,3
DA:19,3
DA:25,3
DA:26,2
DA:40,3
DA:41,0
DA:44,0
DA:46,0
DA:50,0
DA:51,0
DA:54,0
DA:55,0
LF:17
LH:10
BRDA:44,0,0,0
BRDA:44,0,1,0
BRDA:40,1,0,3
BRDA:40,1,1,0
BRDA:40,2,0,3
BRDA:40,2,1,3
BRDA:26,3,0,3
BRDA:26,3,1,0
BRDA:26,4,0,3
BRDA:26,4,1,3
BRF:10
BRH:6
end_of_record
TN:
SF:src\admin\api-keys\api-keys.module.ts
FNF:0
FNH:0
DA:1,3
DA:2,3
DA:3,3
DA:9,3
LF:4
LH:4
BRF:0
BRH:0
end_of_record
TN:
SF:src\admin\api-keys\dto\rotate-api-key.dto.ts
FNF:0
FNH:0
DA:1,3
DA:2,3
DA:9,3
DA:16,3
LF:4
LH:4
BRF:0
BRH:0
end_of_record
TN:
SF:src\admin\dispute\dispute.controller.ts
FN:29,(anonymous_4)
FN:39,(anonymous_5)
FN:63,(anonymous_6)
FN:84,(anonymous_7)
FNF:4
FNH:2
FNDA:6,(anonymous_4)
FNDA:0,(anonymous_5)
FNDA:2,(anonymous_6)
FNDA:0,(anonymous_7)
DA:1,4
DA:10,4
DA:16,4
DA:17,4
DA:19,4
DA:20,4
DA:21,4
DA:22,4
DA:28,4
DA:30,6
DA:31,6
DA:39,4
DA:44,0
DA:63,4
DA:68,2
DA:69,1
DA:76,1
DA:84,4
DA:85,0
LF:19
LH:17
BRDA:46,0,0,0
BRDA:46,0,1,0
BRDA:47,1,0,0
BRDA:47,1,1,0
BRDA:65,2,0,4
BRDA:65,2,1,0
BRDA:65,3,0,4
BRDA:65,3,1,4
BRDA:30,4,0,4
BRDA:30,4,1,0
BRDA:30,5,0,4
BRDA:30,5,1,4
BRDA:30,6,0,4
BRDA:30,6,1,0
BRDA:30,7,0,4
BRDA:30,7,1,4
BRF:16
BRH:9
end_of_record
TN:
SF:src\admin\dispute\dispute.module.ts
FNF:0
FNH:0
DA:1,3
DA:2,3
DA:3,3
DA:4,3
DA:5,3
DA:6,3
DA:7,3
DA:8,3
DA:15,3
LF:9
LH:9
BRF:0
BRH:0
end_of_record
TN:
SF:src\admin\dispute\dispute.service.ts
FN:17,(anonymous_2)
FN:23,(anonymous_3)
FN:48,(anonymous_4)
FNF:3
FNH:2
FNDA:8,(anonymous_2)
FNDA:0,(anonymous_3)
FNDA:6,(anonymous_4)
DA:1,4
DA:6,4
DA:12,4
DA:13,4
DA:16,4
DA:18,8
DA:19,8
DA:20,8
DA:33,0
DA:34,0
DA:35,0
DA:41,0
DA:42,0
DA:43,0
DA:44,0
DA:52,6
DA:53,6
DA:54,1
DA:57,5
DA:58,2
DA:61,3
DA:63,2
DA:66,2
DA:67,1
DA:73,2
DA:74,1
DA:76,1
LF:27
LH:20
BRDA:33,0,0,0
BRDA:33,0,1,0
BRDA:34,1,0,0
BRDA:34,1,1,0
BRDA:36,2,0,0
BRDA:36,2,1,0
BRDA:53,3,0,1
BRDA:53,3,1,5
BRDA:57,4,0,2
BRDA:57,4,1,3
BRDA:57,5,0,5
BRDA:57,5,1,4
BRDA:66,6,0,1
BRDA:66,6,1,1
BRDA:73,7,0,1
BRDA:73,7,1,1
BRDA:18,8,0,4
BRDA:18,8,1,0
BRDA:18,9,0,4
BRDA:18,9,1,4
BRDA:18,10,0,4
BRDA:18,10,1,0
BRDA:18,11,0,4
BRDA:18,11,1,4
BRDA:19,12,0,4
BRDA:19,12,1,0
BRDA:19,13,0,4
BRDA:19,13,1,4
BRF:28
BRH:19
end_of_record
TN:
SF:src\admin\dispute\dto\resolve-dispute.dto.ts
FNF:0
FNH:0
DA:1,4
DA:2,4
DA:9,4
DA:18,4
LF:4
LH:4
BRF:0
BRH:0
end_of_record
TN:
SF:src\admin\guards\admin.guard.ts
FN:16,(anonymous_2)
FN:18,(anonymous_3)
FNF:2
FNH:2
FNDA:46,(anonymous_2)
FNDA:16,(anonymous_3)
DA:1,6
DA:8,6
DA:15,6
DA:16,46
DA:19,16
DA:20,16
DA:22,16
DA:23,5
DA:26,11
DA:27,11
DA:31,11
DA:32,4
DA:35,7
DA:36,2
DA:38,5
LF:15
LH:15
BRDA:22,0,0,5
BRDA:22,0,1,11
BRDA:28,1,0,11
BRDA:28,1,1,9
BRDA:31,2,0,4
BRDA:31,2,1,7
BRDA:31,3,0,11
BRDA:31,3,1,5
BRDA:35,4,0,2
BRDA:35,4,1,5
BRDA:35,5,0,7
BRDA:35,5,1,6
BRDA:16,6,0,6
BRDA:16,6,1,0
BRDA:16,7,0,6
BRDA:16,7,1,6
BRF:16
BRH:15
end_of_record
TN:
SF:src\admin\queues\queue-dashboard.controller.ts
FN:29,(anonymous_2)
FN:40,(anonymous_3)
FNF:2
FNH:1
FNDA:2,(anonymous_2)
FNDA:0,(anonymous_3)
DA:1,3
DA:2,3
DA:3,3
DA:4,3
DA:28,3
DA:29,2
DA:40,3
DA:41,0
LF:8
LH:7
BRDA:40,0,0,3
BRDA:40,0,1,0
BRDA:40,1,0,3
BRDA:40,1,1,3
BRDA:29,2,0,3
BRDA:29,2,1,0
BRDA:29,3,0,3
BRDA:29,3,1,3
BRF:8
BRH:6
end_of_record
TN:
SF:src\admin\queues\queue-dashboard.module.ts
FNF:0
FNH:0
DA:1,3
DA:2,3
DA:3,3
DA:4,3
DA:5,3
DA:6,3
DA:13,3
LF:7
LH:7
BRF:0
BRH:0
end_of_record
TN:
SF:src\admin\queues\queue-dashboard.service.ts
FN:31,(anonymous_2)
FN:33,(anonymous_3)
FN:66,(anonymous_4)
FN:76,(anonymous_5)
FN:89,(anonymous_6)
FN:136,(anonymous_7)
FNF:6
FNH:6
FNDA:11,(anonymous_2)
FNDA:5,(anonymous_3)
FNDA:2,(anonymous_4)
FNDA:6,(anonymous_5)
FNDA:3,(anonymous_6)
FNDA:5,(anonymous_7)
DA:1,5
DA:7,5
DA:8,5
DA:24,5
DA:27,11
DA:28,11
DA:29,11
DA:31,11
DA:34,5
DA:35,5
DA:36,3
DA:39,3
DA:42,2
DA:44,2
DA:45,6
DA:46,6
DA:49,6
DA:50,6
DA:52,0
DA:59,2
DA:60,2
DA:67,2
DA:68,0
DA:69,0
DA:77,6
DA:81,6
DA:82,5
DA:88,1
DA:90,3
DA:91,3
DA:99,3
DA:107,3
DA:108,3
DA:110,0
DA:114,0
DA:130,1
DA:137,5
LF:37
LH:32
BRDA:35,0,0,3
BRDA:35,0,1,2
BRDA:54,1,0,0
BRDA:54,1,1,0
BRDA:59,2,0,2
BRDA:59,2,1,0
BRDA:81,3,0,5
BRDA:81,3,1,1
BRDA:81,4,0,6
BRDA:81,4,1,1
BRDA:100,5,0,3
BRDA:100,5,1,0
BRDA:101,6,0,3
BRDA:101,6,1,0
BRDA:102,7,0,3
BRDA:102,7,1,0
BRDA:103,8,0,3
BRDA:103,8,1,0
BRDA:104,9,0,3
BRDA:104,9,1,0
BRDA:105,10,0,3
BRDA:105,10,1,0
BRDA:112,11,0,0
BRDA:112,11,1,0
BRDA:31,12,0,5
BRDA:31,12,1,0
BRDA:31,13,0,5
BRDA:31,13,1,5
BRF:28
BRH:16
end_of_record
TN:
SF:src\admin\stats\admin-stats.controller.ts
FN:17,(anonymous_2)
FN:27,(anonymous_3)
FNF:2
FNH:1
FNDA:2,(anonymous_2)
FNDA:0,(anonymous_3)
DA:1,3
DA:2,3
DA:8,3
DA:9,3
DA:10,3
DA:16,3
DA:17,2
DA:27,3
DA:28,0
LF:9
LH:8
BRDA:17,0,0,3
BRDA:17,0,1,0
BRDA:17,1,0,3
BRDA:17,1,1,3
BRF:4
BRH:3
end_of_record
TN:
SF:src\admin\stats\admin-stats.module.ts
FNF:0
FNH:0
DA:1,3
DA:2,3
DA:3,3
DA:4,3
DA:5,3
DA:11,3
LF:6
LH:6
BRF:0
BRH:0
end_of_record
TN:
SF:src\admin\stats\admin-stats.service.ts
FN:7,(anonymous_2)
FN:10,(anonymous_3)
FN:19,(anonymous_4)
FN:28,(anonymous_5)
FN:29,(anonymous_6)
FN:33,(anonymous_7)
FNF:6
FNH:6
FNDA:10,(anonymous_2)
FNDA:8,(anonymous_3)
FNDA:20,(anonymous_4)
FNDA:20,(anonymous_5)
FNDA:20,(anonymous_6)
FNDA:4,(anonymous_7)
DA:1,4
DA:2,4
DA:6,4
DA:7,10
DA:11,8
DA:16,8
DA:17,8
DA:18,8
DA:19,20
DA:23,8
DA:24,8
DA:25,20
DA:28,20
DA:29,20
DA:31,8
DA:32,8
DA:33,4
DA:37,8
DA:39,8
LF:19
LH:19
BRDA:25,0,0,20
BRDA:25,0,1,14
BRDA:33,1,0,4
BRDA:33,1,1,2
BRDA:37,2,0,6
BRDA:37,2,1,2
BRDA:7,3,0,4
BRDA:7,3,1,0
BRDA:7,4,0,4
BRDA:7,4,1,4
BRF:10
BRH:9
end_of_record
TN:
SF:src\admin\stats\dto\admin-stats.dto.ts
FNF:0
FNH:0
DA:1,0
DA:8,0
DA:13,0
DA:19,0
DA:33,0
DA:39,0
DA:45,0
DA:51,0
DA:57,0
DA:63,0
LF:10
LH:0
BRDA:33,0,0,0
BRDA:33,0,1,0
BRDA:33,1,0,0
BRDA:33,1,1,0
BRF:4
BRH:0
end_of_record
TN:
SF:src\audit-log\audit-log.module.ts
FNF:0
FNH:0
DA:1,3
DA:2,3
DA:9,3
LF:3
LH:3
BRF:0
BRH:0
end_of_record
TN:
SF:src\audit-log\audit-log.service.ts
FN:22,(anonymous_1)
FN:33,(anonymous_2)
FNF:2
FNH:1
FNDA:1,(anonymous_1)
FNDA:0,(anonymous_2)
DA:1,4
DA:14,4
DA:15,6
DA:16,6
DA:23,1
DA:28,1
DA:29,1
DA:34,0
LF:8
LH:7
BRF:0
BRH:0
end_of_record
TN:
SF:src\auth\decorators\current-user.decorator.ts
FN:5,(anonymous_0)
FNF:1
FNH:1
FNDA:2,(anonymous_0)
DA:1,4
DA:4,4
DA:6,2
DA:7,2
LF:4
LH:4
BRF:0
BRH:0
end_of_record
TN:
SF:src\auth\guards\jwt.guard.ts
FN:19,(anonymous_4)
FN:24,(anonymous_5)
FN:62,(anonymous_6)
FN:126,(anonymous_7)
FNF:4
FNH:4
FNDA:64,(anonymous_4)
FNDA:49,(anonymous_5)
FNDA:46,(anonymous_6)
FNDA:14,(anonymous_7)
DA:1,7
DA:8,7
DA:9,7
DA:18,7
DA:21,64
DA:25,49
DA:26,49
DA:27,49
DA:31,49
DA:32,2
DA:35,47
DA:36,47
DA:37,1
DA:40,46
DA:41,46
DA:42,38
DA:45,8
DA:46,8
DA:63,46
DA:64,46
DA:65,32
DA:68,14
DA:69,14
DA:72,1
DA:75,13
DA:76,13
DA:77,13
DA:80,13
DA:81,13
DA:82,13
DA:86,2
DA:89,11
DA:93,10
DA:94,2
DA:95,2
DA:96,1
DA:100,9
DA:101,1
DA:107,8
DA:113,1
DA:127,14
LF:41
LH:41
BRDA:27,0,0,0
BRDA:27,0,1,49
BRDA:31,1,0,2
BRDA:31,1,1,47
BRDA:36,2,0,1
BRDA:36,2,1,46
BRDA:41,3,0,38
BRDA:41,3,1,8
BRDA:64,4,0,32
BRDA:64,4,1,14
BRDA:69,5,0,1
BRDA:69,5,1,13
BRDA:82,6,0,2
BRDA:82,6,1,11
BRDA:83,7,0,13
BRDA:83,7,1,13
BRDA:93,8,0,2
BRDA:93,8,1,8
BRDA:95,9,0,1
BRDA:95,9,1,1
BRDA:100,10,0,1
BRDA:100,10,1,8
BRDA:100,11,0,9
BRDA:100,11,1,8
BRDA:109,12,0,7
BRDA:109,12,1,1
BRDA:128,13,0,14
BRDA:128,13,1,1
BRDA:21,14,0,7
BRDA:21,14,1,0
BRDA:21,15,0,7
BRDA:21,15,1,7
BRF:32
BRH:30
end_of_record
TN:
SF:src\auth\guards\optional-jwt.guard.ts
FN:19,(anonymous_1)
FNF:1
FNH:0
FNDA:0,(anonymous_1)
DA:1,0
DA:3,0
DA:16,0
DA:17,0
DA:20,0
DA:21,0
DA:23,0
DA:24,0
DA:25,0
LF:9
LH:0
BRF:0
BRH:0
end_of_record
TN:
SF:src\auth\sep10\nonce-cleanup.service.ts
FN:9,(anonymous_2)
FN:12,(anonymous_3)
FNF:2
FNH:2
FNDA:7,(anonymous_2)
FNDA:4,(anonymous_3)
DA:1,4
DA:2,4
DA:3,4
DA:6,4
DA:7,7
DA:9,7
DA:12,4
DA:13,4
DA:15,4
DA:17,4
DA:25,4
LF:11
LH:11
BRDA:12,0,0,4
BRDA:12,0,1,0
BRDA:12,1,0,4
BRDA:12,1,1,4
BRDA:9,2,0,4
BRDA:9,2,1,0
BRDA:9,3,0,4
BRDA:9,3,1,4
BRF:8
BRH:6
end_of_record
TN:
SF:src\auth\sep10\sep10.constants.ts
FNF:0
FNH:0
DA:1,6
DA:12,6
DA:15,6
DA:18,6
LF:4
LH:4
BRF:0
BRH:0
end_of_record
TN:
SF:src\auth\sep10\sep10.controller.ts
FN:57,(anonymous_4)
FN:66,(anonymous_5)
FN:81,(anonymous_6)
FN:99,(anonymous_7)
FN:114,(anonymous_8)
FNF:5
FNH:1
FNDA:2,(anonymous_4)
FNDA:0,(anonymous_5)
FNDA:0,(anonymous_6)
FNDA:0,(anonymous_7)
FNDA:0,(anonymous_8)
DA:1,3
DA:10,3
DA:16,3
DA:17,3
DA:18,3
DA:19,3
DA:29,3
DA:40,3
DA:51,3
DA:56,3
DA:57,2
DA:66,3
DA:67,0
DA:81,3
DA:82,0
DA:99,3
DA:100,0
DA:114,3
DA:115,0
LF:19
LH:15
BRDA:57,0,0,3
BRDA:57,0,1,0
BRDA:57,1,0,3
BRDA:57,1,1,3
BRF:4
BRH:3
end_of_record
TN:
SF:src\auth\sep10\sep10.module.ts
FNF:0
FNH:0
DA:1,3
DA:2,3
DA:3,3
DA:4,3
DA:5,3
DA:13,3
LF:6
LH:6
BRF:0
BRH:0
end_of_record
TN:
SF:src\auth\sep10\sep10.service.ts
FN:27,(anonymous_2)
FN:52,(anonymous_3)
FN:76,(anonymous_4)
FN:87,(anonymous_5)
FN:119,(anonymous_6)
FN:183,(anonymous_7)
FN:220,(anonymous_8)
FN:235,(anonymous_9)
FN:271,(anonymous_10)
FN:281,(anonymous_11)
FN:286,(anonymous_12)
FN:291,(anonymous_13)
FN:295,(anonymous_14)
FNF:13
FNH:13
FNDA:56,(anonymous_2)
FNDA:56,(anonymous_3)
FNDA:3,(anonymous_4)
FNDA:5,(anonymous_5)
FNDA:18,(anonymous_6)
FNDA:7,(anonymous_7)
FNDA:3,(anonymous_8)
FNDA:12,(anonymous_9)
FNDA:30,(anonymous_10)
FNDA:17,(anonymous_11)
FNDA:2,(anonymous_12)
FNDA:2,(anonymous_13)
FNDA:13,(anonymous_14)
DA:1,6
DA:2,6
DA:3,6
DA:4,6
DA:10,6
DA:11,6
DA:12,6
DA:13,6
DA:20,6
DA:21,56
DA:24,56
DA:25,56
DA:28,56
DA:29,56
DA:31,56
DA:36,56
DA:54,56
DA:57,56
DA:58,1
DA:65,55
DA:66,55
DA:68,0
DA:76,6
DA:77,3
DA:78,3
DA:83,3
DA:91,5
DA:100,5
DA:101,5
DA:103,5
DA:105,5
DA:115,5
DA:125,18
DA:126,18
DA:133,15
DA:134,15
DA:138,15
DA:140,3
DA:145,15
DA:149,15
DA:150,1
DA:152,14
DA:153,1
DA:155,13
DA:156,1
DA:159,12
DA:160,12
DA:169,2
DA:174,10
DA:179,10
DA:186,7
DA:188,7
DA:192,7
DA:193,1
DA:196,6
DA:197,3
DA:200,3
DA:201,3
DA:206,3
DA:207,1
DA:211,2
DA:216,2
DA:224,3
DA:227,3
DA:228,2
DA:239,12
DA:241,12
DA:242,12
DA:244,12
DA:246,12
DA:250,12
DA:260,12
DA:272,30
DA:273,30
DA:274,0
DA:278,30
DA:282,17
DA:287,2
DA:292,2
DA:296,13
DA:297,13
DA:303,13
DA:304,13
DA:305,2
DA:307,13
DA:310,13
DA:311,13
DA:314,13
LF:88
LH:86
BRDA:32,0,0,1
BRDA:32,0,1,55
BRDA:54,1,0,56
BRDA:54,1,1,55
BRDA:57,2,0,1
BRDA:57,2,1,55
BRDA:89,3,0,2
BRDA:141,4,0,2
BRDA:141,4,1,1
BRDA:149,5,0,1
BRDA:149,5,1,14
BRDA:152,6,0,1
BRDA:152,6,1,13
BRDA:155,7,0,1
BRDA:155,7,1,12
BRDA:170,8,0,1
BRDA:170,8,1,1
BRDA:192,9,0,1
BRDA:192,9,1,6
BRDA:196,10,0,3
BRDA:196,10,1,3
BRDA:206,11,0,1
BRDA:206,11,1,2
BRDA:227,12,0,2
BRDA:227,12,1,1
BRDA:244,13,0,12
BRDA:244,13,1,0
BRDA:254,14,0,12
BRDA:254,14,1,10
BRDA:273,15,0,0
BRDA:273,15,1,30
BRDA:304,16,0,2
BRDA:304,16,1,11
BRDA:304,17,0,13
BRDA:304,17,1,2
BRDA:76,18,0,6
BRDA:76,18,1,0
BRDA:76,19,0,6
BRDA:76,19,1,6
BRDA:28,20,0,6
BRDA:28,20,1,0
BRDA:28,21,0,6
BRDA:28,21,1,6
BRDA:28,22,0,6
BRDA:28,22,1,0
BRDA:28,23,0,6
BRDA:28,23,1,6
BRF:47
BRH:42
end_of_record
TN:
SF:src\cache\cache.module.ts
FNF:0
FNH:0
DA:1,3
DA:2,3
DA:9,3
LF:3
LH:3
BRF:0
BRH:0
end_of_record
TN:
SF:src\cache\cache.service.ts
FN:20,(anonymous_5)
FN:24,(anonymous_6)
FN:29,(anonymous_7)
FN:39,(anonymous_8)
FN:62,(anonymous_9)
FN:87,(anonymous_10)
FN:99,(anonymous_11)
FN:115,(anonymous_12)
FNF:8
FNH:5
FNDA:18,(anonymous_5)
FNDA:0,(anonymous_6)
FNDA:0,(anonymous_7)
FNDA:10,(anonymous_8)
FNDA:9,(anonymous_9)
FNDA:0,(anonymous_10)
FNDA:4,(anonymous_11)
FNDA:4,(anonymous_12)
DA:1,25
DA:2,25
DA:3,25
DA:12,25
DA:13,18
DA:15,18
DA:21,18
DA:22,18
DA:23,7
DA:24,7
DA:25,0
DA:27,7
DA:30,0
DA:33,11
DA:34,11
DA:40,10
DA:41,8
DA:42,8
DA:43,6
DA:44,2
DA:45,2
DA:47,4
DA:49,2
DA:50,2
DA:51,2
DA:53,0
DA:57,0
DA:63,9
DA:64,7
DA:68,7
DA:70,2
DA:71,2
DA:73,0
DA:88,0
DA:89,0
DA:90,0
DA:91,0
DA:93,0
DA:94,0
DA:100,4
DA:101,2
DA:102,2
DA:104,2
DA:105,2
DA:107,0
DA:116,4
LF:46
LH:34
BRDA:21,0,0,18
BRDA:21,0,1,11
BRDA:22,1,0,7
BRDA:22,1,1,11
BRDA:40,2,0,8
BRDA:40,2,1,2
BRDA:42,3,0,2
BRDA:42,3,1,6
BRDA:43,4,0,2
BRDA:43,4,1,4
BRDA:51,5,0,1
BRDA:51,5,1,1
BRDA:62,6,0,0
BRDA:63,7,0,7
BRDA:63,7,1,2
BRDA:88,8,0,0
BRDA:88,8,1,0
BRDA:91,9,0,0
BRDA:91,9,1,0
BRDA:100,10,0,2
BRDA:100,10,1,2
BRDA:20,11,0,25
BRDA:20,11,1,0
BRDA:20,12,0,25
BRDA:20,12,1,25
BRF:25
BRH:19
end_of_record
TN:
SF:src\common\version.ts
FN:7,getAppVersion
FNF:1
FNH:1
FNDA:7,getAppVersion
DA:1,4
DA:2,4
DA:7,4
DA:8,7
DA:10,1
DA:11,1
DA:12,1
DA:15,1
DA:16,1
DA:18,0
LF:10
LH:9
BRDA:8,0,0,6
BRDA:8,0,1,1
BRF:2
BRH:2
end_of_record
TN:
SF:src\common\constants\time.constants.ts
FNF:0
FNH:0
DA:8,7
DA:11,7
DA:14,7
DA:17,7
DA:20,7
DA:23,7
DA:26,7
DA:29,7
LF:8
LH:8
BRF:0
BRH:0
end_of_record
TN:
SF:src\common\dto\error-response.dto.ts
FNF:0
FNH:0
DA:1,0
DA:13,0
DA:15,0
DA:28,0
DA:31,0
DA:37,0
DA:40,0
DA:46,0
DA:52,0
LF:9
LH:0
BRF:0
BRH:0
end_of_record
TN:
SF:src\common\enums\escrow-state.enum.ts
FN:9,(anonymous_0)
FN:25,(anonymous_1)
FNF:2
FNH:2
FNDA:5,(anonymous_0)
FNDA:5,(anonymous_1)
DA:9,5
DA:10,5
DA:11,5
DA:12,5
DA:13,5
DA:14,5
DA:15,5
DA:16,5
DA:17,5
DA:18,5
DA:25,5
DA:26,5
DA:27,5
DA:28,5
DA:29,5
DA:30,5
LF:16
LH:16
BRDA:9,0,0,5
BRDA:9,0,1,5
BRDA:25,1,0,5
BRDA:25,1,1,5
BRF:4
BRH:4
end_of_record
TN:
SF:src\common\filters\global-exception.filter.ts
FN:27,(anonymous_2)
FN:29,(anonymous_3)
FN:41,(anonymous_4)
FN:114,(anonymous_5)
FN:156,(anonymous_6)
FN:168,(anonymous_7)
FN:176,(anonymous_8)
FN:209,(anonymous_9)
FN:217,(anonymous_10)
FNF:9
FNH:9
FNDA:18,(anonymous_2)
FNDA:67,(anonymous_3)
FNDA:67,(anonymous_4)
FNDA:3,(anonymous_5)
FNDA:9,(anonymous_6)
FNDA:6,(anonymous_7)
FNDA:67,(anonymous_8)
FNDA:58,(anonymous_9)
FNDA:67,(anonymous_10)
DA:1,4
DA:10,4
DA:24,4
DA:25,18
DA:27,18
DA:30,67
DA:31,67
DA:32,67
DA:34,67
DA:36,67
DA:38,67
DA:45,67
DA:46,67
DA:47,67
DA:49,67
DA:50,58
DA:51,58
DA:52,58
DA:54,58
DA:74,9
DA:75,3
DA:79,6
DA:80,0
DA:99,6
DA:120,3
DA:122,3
DA:124,1
DA:133,1
DA:142,1
DA:157,9
DA:163,3
DA:165,6
DA:169,6
DA:181,67
DA:182,67
DA:184,67
DA:193,67
DA:195,67
DA:196,7
DA:202,60
DA:210,58
DA:211,32
DA:212,32
DA:214,26
DA:218,67
LF:45
LH:44
BRDA:47,0,0,67
BRDA:47,0,1,14
BRDA:49,1,0,58
BRDA:49,1,1,9
BRDA:57,2,0,26
BRDA:57,2,1,32
BRDA:59,3,0,32
BRDA:59,3,1,0
BRDA:64,4,0,58
BRDA:64,4,1,0
BRDA:66,5,0,0
BRDA:66,5,1,0
BRDA:74,6,0,3
BRDA:74,6,1,6
BRDA:79,7,0,0
BRDA:79,7,1,6
BRDA:87,8,0,0
BRDA:87,8,1,0
BRDA:89,9,0,0
BRDA:89,9,1,0
BRDA:89,10,0,0
BRDA:89,10,1,0
BRDA:89,10,2,0
BRDA:101,11,0,1
BRDA:101,11,1,5
BRDA:103,12,0,5
BRDA:103,12,1,2
BRDA:108,13,0,6
BRDA:108,13,1,0
BRDA:109,14,0,0
BRDA:109,14,1,0
BRDA:118,15,0,0
BRDA:122,16,0,1
BRDA:122,16,1,1
BRDA:122,16,2,1
BRDA:149,17,0,1
BRDA:149,17,1,0
BRDA:150,18,0,0
BRDA:150,18,1,0
BRDA:157,19,0,3
BRDA:157,19,1,6
BRDA:158,20,0,9
BRDA:158,20,1,8
BRDA:158,20,2,7
BRDA:158,20,3,3
BRDA:170,21,0,6
BRDA:170,21,1,4
BRDA:170,21,2,4
BRDA:182,22,0,67
BRDA:182,22,1,52
BRDA:195,23,0,7
BRDA:195,23,1,60
BRDA:198,24,0,5
BRDA:198,24,1,2
BRDA:210,25,0,32
BRDA:210,25,1,26
BRDA:210,26,0,58
BRDA:210,26,1,58
BRDA:218,27,0,0
BRDA:218,27,1,67
BRDA:27,28,0,4
BRDA:27,28,1,0
BRDA:27,29,0,4
BRDA:27,29,1,4
BRF:64
BRH:43
end_of_record
TN:
SF:src\common\interceptors\sentry.interceptor.ts
FN:13,(anonymous_10)
FN:15,(anonymous_11)
FN:17,(anonymous_12)
FNF:3
FNH:0
FNDA:0,(anonymous_10)
FNDA:0,(anonymous_11)
FNDA:0,(anonymous_12)
DA:1,0
DA:7,0
DA:8,0
DA:9,0
DA:12,0
DA:14,0
DA:16,0
DA:17,0
LF:8
LH:0
BRF:0
BRH:0
end_of_record
TN:
SF:src\common\logger\json-logger.service.ts
FN:33,minLevel
FN:37,shouldLog
FN:43,emit
FN:71,(anonymous_4)
FN:76,(anonymous_5)
FN:81,(anonymous_6)
FN:86,(anonymous_7)
FN:91,(anonymous_8)
FN:102,(anonymous_9)
FNF:9
FNH:8
FNDA:7,minLevel
FNDA:7,shouldLog
FNDA:6,emit
FNDA:2,(anonymous_4)
FNDA:1,(anonymous_5)
FNDA:1,(anonymous_6)
FNDA:2,(anonymous_7)
FNDA:0,(anonymous_8)
FNDA:1,(anonymous_9)
DA:1,4
DA:23,4
DA:34,7
DA:38,7
DA:39,7
DA:40,7
DA:49,6
DA:51,5
DA:60,5
DA:61,1
DA:65,5
DA:69,4
DA:72,2
DA:77,1
DA:82,1
DA:87,2
DA:92,0
DA:108,1
DA:110,1
DA:120,1
LF:20
LH:19
BRDA:34,0,0,7
BRDA:34,0,1,5
BRDA:38,1,0,7
BRDA:38,1,1,0
BRDA:39,2,0,7
BRDA:39,2,1,0
BRDA:49,3,0,1
BRDA:49,3,1,5
BRDA:55,4,0,5
BRDA:55,4,1,0
BRDA:56,5,0,5
BRDA:56,5,1,1
BRDA:60,6,0,1
BRDA:60,6,1,4
BRDA:72,7,0,2
BRDA:72,7,1,1
BRDA:77,8,0,1
BRDA:77,8,1,0
BRDA:82,9,0,1
BRDA:82,9,1,0
BRDA:87,10,0,2
BRDA:87,10,1,0
BRDA:92,11,0,0
BRDA:92,11,1,0
BRDA:108,12,0,0
BRDA:108,12,1,1
BRDA:114,13,0,1
BRDA:114,13,1,0
BRDA:115,14,0,1
BRDA:115,14,1,0
BRDA:115,14,2,0
BRF:31
BRH:19
end_of_record
TN:
SF:src\common\logger\logger.module.ts
FNF:0
FNH:0
DA:1,3
DA:2,3
DA:13,3
LF:3
LH:3
BRF:0
BRH:0
end_of_record
TN:
SF:src\common\middleware\logger.middleware.ts
FN:26,(anonymous_1)
FN:31,(anonymous_2)
FNF:2
FNH:2
FNDA:52,(anonymous_1)
FNDA:52,(anonymous_2)
DA:1,3
DA:25,3
DA:27,52
DA:28,52
DA:29,52
DA:31,52
DA:32,52
DA:33,52
DA:34,52
DA:37,52
DA:39,52
DA:56,52
DA:59,52
LF:13
LH:13
BRDA:28,0,0,52
BRDA:28,0,1,52
BRDA:33,1,0,52
BRDA:33,1,1,0
BRDA:37,2,0,0
BRDA:37,2,1,52
BRDA:37,3,0,52
BRDA:37,3,1,0
BRDA:43,4,0,52
BRDA:43,4,1,0
BRF:10
BRH:6
end_of_record
TN:
SF:src\common\middleware\request-id.middleware.ts
FN:26,(anonymous_1)
FNF:1
FNH:1
FNDA:52,(anonymous_1)
DA:1,3
DA:2,3
DA:6,3
DA:25,3
DA:27,52
DA:28,52
DA:29,52
DA:31,52
DA:32,52
DA:33,52
DA:35,52
LF:11
LH:11
BRDA:28,0,0,0
BRDA:28,0,1,52
BRDA:29,1,0,52
BRDA:29,1,1,52
BRF:4
BRH:3
end_of_record
TN:
SF:src\common\middleware\security.middleware.ts
FN:6,(anonymous_1)
FNF:1
FNH:1
FNDA:52,(anonymous_1)
DA:1,3
DA:5,3
DA:8,52
DA:9,52
DA:10,52
DA:14,52
DA:15,52
DA:16,52
DA:20,52
DA:21,52
DA:22,52
DA:26,52
DA:28,52
LF:13
LH:13
BRDA:20,0,0,52
BRDA:20,0,1,0
BRF:2
BRH:1
end_of_record
TN:
SF:src\common\pipes\file-type-validation.pipe.ts
FN:25,(anonymous_1)
FN:16,(anonymous_2)
FNF:2
FNH:0
FNDA:0,(anonymous_1)
FNDA:0,(anonymous_2)
DA:1,0
DA:2,0
DA:15,0
DA:17,0
DA:18,0
DA:20,0
DA:21,0
DA:25,0
LF:8
LH:0
BRDA:17,0,0,0
BRDA:17,0,1,0
BRDA:17,1,0,0
BRDA:17,1,1,0
BRF:4
BRH:0
end_of_record
TN:
SF:src\common\pipes\sanitization.pipe.ts
FN:15,(anonymous_1)
FNF:1
FNH:0
FNDA:0,(anonymous_1)
DA:1,0
DA:2,0
DA:14,0
DA:16,0
LF:4
LH:0
BRF:0
BRH:0
end_of_record
TN:
SF:src\common\sanitization\contact-encryption.util.ts
FN:13,resolveKey
FN:36,encryptContact
FN:58,decryptContact
FNF:3
FNH:2
FNDA:3,resolveKey
FNDA:3,encryptContact
FNDA:0,decryptContact
DA:1,12
DA:3,12
DA:4,12
DA:5,12
DA:6,12
DA:14,3
DA:15,3
DA:16,0
DA:20,3
DA:21,3
DA:22,0
DA:26,3
DA:36,12
DA:37,3
DA:38,3
DA:39,3
DA:41,3
DA:45,3
DA:47,3
DA:58,12
DA:59,0
DA:60,0
DA:61,0
DA:62,0
DA:64,0
DA:65,0
DA:66,0
DA:67,0
DA:69,0
DA:70,0
DA:73,0
DA:74,0
DA:76,0
LF:33
LH:18
BRDA:15,0,0,0
BRDA:15,0,1,3
BRDA:21,1,0,0
BRDA:21,1,1,3
BRDA:61,2,0,0
BRDA:61,2,1,0
BRDA:69,3,0,0
BRDA:69,3,1,0
BRDA:69,4,0,0
BRDA:69,4,1,0
BRF:10
BRH:2
end_of_record
TN:
SF:src\common\sanitization\credential-encryption.util.ts
FN:13,resolveKey
FN:36,encryptCredential
FN:58,decryptCredential
FN:91,reencryptCredential
FNF:4
FNH:4
FNDA:39,resolveKey
FNDA:23,encryptCredential
FNDA:16,decryptCredential
FNDA:4,reencryptCredential
DA:1,12
DA:3,12
DA:4,12
DA:5,12
DA:6,12
DA:14,39
DA:15,39
DA:16,2
DA:20,37
DA:21,37
DA:22,1
DA:26,36
DA:36,12
DA:37,23
DA:38,21
DA:39,21
DA:41,21
DA:45,21
DA:47,21
DA:58,12
DA:59,16
DA:60,15
DA:61,15
DA:62,2
DA:64,13
DA:65,13
DA:66,13
DA:67,13
DA:69,13
DA:70,1
DA:73,12
DA:74,12
DA:76,12
DA:77,12
DA:81,1
DA:91,12
DA:92,4
DA:93,3
LF:38
LH:38
BRDA:15,0,0,2
BRDA:15,0,1,37
BRDA:21,1,0,1
BRDA:21,1,1,36
BRDA:61,2,0,2
BRDA:61,2,1,13
BRDA:69,3,0,1
BRDA:69,3,1,12
BRDA:69,4,0,13
BRDA:69,4,1,12
BRF:10
BRH:10
end_of_record
TN:
SF:src\common\sanitization\sanitize.util.ts
FN:19,stripControlChars
FN:34,sanitizeString
FN:45,sanitizeDeep
FNF:3
FNH:0
FNDA:0,stripControlChars
FNDA:0,sanitizeString
FNDA:0,sanitizeDeep
DA:10,0
DA:12,0
DA:20,0
DA:21,0
DA:22,0
DA:24,0
DA:26,0
DA:27,0
DA:30,0
DA:34,0
DA:35,0
DA:45,0
DA:46,0
DA:47,0
DA:50,0
DA:51,0
DA:52,0
DA:53,0
DA:55,0
DA:58,0
DA:59,0
DA:60,0
DA:61,0
DA:63,0
DA:66,0
LF:25
LH:0
BRDA:22,0,0,0
BRDA:22,0,1,0
BRDA:24,1,0,0
BRDA:24,1,1,0
BRDA:24,1,2,0
BRDA:24,1,3,0
BRDA:24,1,4,0
BRDA:26,2,0,0
BRDA:26,2,1,0
BRDA:46,3,0,0
BRDA:46,3,1,0
BRDA:50,4,0,0
BRDA:50,4,1,0
BRDA:58,5,0,0
BRDA:58,5,1,0
BRDA:58,6,0,0
BRDA:58,6,1,0
BRF:17
BRH:0
end_of_record
TN:
SF:src\common\security\csp.config.ts
FN:15,buildCspConnectSrc
FN:37,parseCsv
FN:41,(anonymous_2)
FN:45,addOrigin
FNF:4
FNH:4
FNDA:3,buildCspConnectSrc
FNDA:3,parseCsv
FNDA:2,(anonymous_2)
FNDA:14,addOrigin
DA:10,1
DA:15,1
DA:16,3
DA:18,3
DA:22,3
DA:23,3
DA:24,3
DA:26,3
DA:27,2
DA:28,0
DA:29,0
DA:31,2
DA:34,3
DA:38,3
DA:39,1
DA:41,2
DA:46,14
DA:48,8
DA:49,8
DA:50,8
DA:51,8
LF:21
LH:19
BRDA:20,0,0,3
BRDA:20,0,1,2
BRDA:27,1,0,0
BRDA:27,1,1,2
BRDA:38,2,0,2
BRDA:38,2,1,1
BRDA:46,3,0,6
BRDA:46,3,1,8
BRDA:50,4,0,8
BRDA:50,4,1,0
BRDA:50,5,0,8
BRDA:50,5,1,1
BRF:12
BRH:10
end_of_record
TN:
SF:src\common\services\s3-presign.service.ts
FN:14,(anonymous_1)
FN:24,(anonymous_2)
FN:25,(anonymous_3)
FNF:3
FNH:0
FNDA:0,(anonymous_1)
FNDA:0,(anonymous_2)
FNDA:0,(anonymous_3)
DA:1,8
DA:2,8
DA:4,8
DA:7,8
DA:8,2
DA:15,0
DA:16,0
DA:20,0
DA:25,0
LF:9
LH:5
BRF:0
BRH:0
end_of_record
TN:
SF:src\common\validators\file-type.validator.ts
FN:28,detectMimeType
FN:31,(anonymous_1)
FN:55,validateFileType
FNF:3
FNH:3
FNDA:10,detectMimeType
FNDA:67,(anonymous_1)
FNDA:2,validateFileType
DA:1,1
DA:4,1
DA:19,1
DA:22,1
DA:28,1
DA:29,10
DA:30,34
DA:31,67
DA:33,7
DA:34,1
DA:40,1
DA:42,0
DA:44,6
DA:48,3
DA:55,1
DA:56,2
DA:57,2
DA:58,1
DA:64,1
LF:19
LH:18
BRDA:31,0,0,7
BRDA:31,0,1,33
BRDA:33,1,0,1
BRDA:33,1,1,6
BRDA:34,2,0,1
BRDA:34,2,1,0
BRDA:35,3,0,1
BRDA:35,3,1,1
BRDA:35,3,2,1
BRDA:35,3,3,1
BRDA:57,4,0,1
BRDA:57,4,1,1
BRF:12
BRH:11
end_of_record
TN:
SF:src\common\validators\stellar-address.validator.ts
FN:11,(anonymous_1)
FN:23,(anonymous_2)
FN:28,IsStellarAddress
FN:29,(anonymous_4)
FNF:4
FNH:4
FNDA:7,(anonymous_1)
FNDA:1,(anonymous_2)
FNDA:6,IsStellarAddress
FNDA:6,(anonymous_4)
DA:1,4
DA:7,4
DA:10,4
DA:12,7
DA:13,4
DA:16,3
DA:17,3
DA:19,0
DA:24,1
DA:28,4
DA:29,6
DA:30,6
LF:12
LH:11
BRDA:12,0,0,4
BRDA:12,0,1,3
BRDA:12,1,0,7
BRDA:12,1,1,4
BRF:4
BRH:4
end_of_record
TN:
SF:src\config\config.module.ts
FNF:0
FNH:0
DA:1,4
DA:2,4
DA:3,4
DA:4,4
DA:79,4
LF:5
LH:5
BRF:0
BRH:0
end_of_record
TN:
SF:src\config\config.service.ts
FN:39,(anonymous_2)
FN:46,(anonymous_3)
FN:51,(anonymous_4)
FN:89,(anonymous_5)
FN:114,(anonymous_6)
FN:119,(anonymous_7)
FN:128,(anonymous_8)
FN:136,(anonymous_9)
FN:141,(anonymous_10)
FN:146,(anonymous_11)
FNF:10
FNH:8
FNDA:27,(anonymous_2)
FNDA:104,(anonymous_3)
FNDA:0,(anonymous_4)
FNDA:2,(anonymous_5)
FNDA:2,(anonymous_6)
FNDA:2,(anonymous_7)
FNDA:0,(anonymous_8)
FNDA:53,(anonymous_9)
FNDA:1,(anonymous_10)
FNDA:1,(anonymous_11)
DA:1,37
DA:2,37
DA:38,37
DA:40,27
DA:47,104
DA:52,0
DA:90,2
DA:91,2
DA:94,2
DA:98,2
DA:100,2
DA:101,2
DA:102,2
DA:104,2
DA:106,2
DA:115,2
DA:116,2
DA:117,1
DA:119,2
DA:129,0
DA:137,53
DA:142,1
DA:147,1
LF:23
LH:21
BRDA:98,0,0,0
BRDA:98,0,1,2
BRDA:98,1,0,2
BRDA:98,1,1,0
BRDA:101,2,0,2
BRDA:101,2,1,0
BRDA:102,3,0,2
BRDA:102,3,1,0
BRDA:116,4,0,1
BRDA:116,4,1,1
BRDA:130,5,0,0
BRDA:130,5,1,0
BRDA:40,6,0,37
BRDA:40,6,1,0
BRDA:40,7,0,37
BRDA:40,7,1,37
BRF:16
BRH:9
end_of_record
TN:
SF:src\dispute\dispute.module.ts
FNF:0
FNH:0
DA:1,3
DA:2,3
DA:3,3
DA:10,3
LF:4
LH:4
BRF:0
BRH:0
end_of_record
TN:
SF:src\dispute\dispute.repository.ts
FN:11,(anonymous_2)
FN:14,(anonymous_3)
FN:25,(anonymous_4)
FN:30,(anonymous_5)
FN:35,(anonymous_6)
FN:38,(anonymous_7)
FN:40,(anonymous_8)
FN:50,(anonymous_9)
FNF:8
FNH:8
FNDA:7,(anonymous_2)
FNDA:3,(anonymous_3)
FNDA:2,(anonymous_4)
FNDA:3,(anonymous_5)
FNDA:1,(anonymous_6)
FNDA:1,(anonymous_7)
FNDA:3,(anonymous_8)
FNDA:1,(anonymous_9)
DA:1,8
DA:2,8
DA:10,8
DA:11,7
DA:21,3
DA:26,2
DA:31,3
DA:36,1
DA:39,1
DA:41,3
DA:54,1
DA:55,1
DA:56,0
DA:59,1
DA:60,1
DA:65,1
DA:70,1
LF:17
LH:16
BRDA:41,0,0,3
BRDA:41,0,1,2
BRDA:52,1,0,0
BRDA:55,2,0,0
BRDA:55,2,1,1
BRDA:11,3,0,8
BRDA:11,3,1,0
BRDA:11,4,0,8
BRDA:11,4,1,8
BRF:9
BRH:6
end_of_record
TN:
SF:src\dlq\dlq.controller.ts
FN:22,(anonymous_4)
FN:37,(anonymous_5)
FN:50,(anonymous_6)
FN:60,(anonymous_7)
FN:62,(anonymous_8)
FN:76,(anonymous_9)
FNF:6
FNH:3
FNDA:6,(anonymous_4)
FNDA:0,(anonymous_5)
FNDA:0,(anonymous_6)
FNDA:2,(anonymous_7)
FNDA:2,(anonymous_8)
FNDA:0,(anonymous_9)
DA:1,4
DA:2,4
DA:3,4
DA:4,4
DA:9,4
DA:10,4
DA:18,4
DA:23,6
DA:24,6
DA:27,6
DA:28,6
DA:29,2
DA:33,4
DA:37,4
DA:42,0
DA:43,0
DA:44,0
DA:45,0
DA:46,0
DA:50,4
DA:51,0
DA:60,4
DA:61,2
DA:62,2
DA:63,2
DA:64,1
DA:69,1
DA:76,4
DA:77,0
LF:29
LH:22
BRDA:28,0,0,2
BRDA:28,0,1,4
BRDA:43,1,0,0
BRDA:43,1,1,0
BRDA:44,2,0,0
BRDA:44,2,1,0
BRDA:45,3,0,0
BRDA:45,3,1,0
BRDA:63,4,0,1
BRDA:63,4,1,1
BRDA:63,5,0,2
BRDA:63,5,1,1
BRDA:23,6,0,4
BRDA:23,6,1,0
BRDA:23,7,0,4
BRDA:23,7,1,4
BRDA:23,8,0,4
BRDA:23,8,1,0
BRDA:23,9,0,4
BRDA:23,9,1,4
BRDA:24,10,0,4
BRDA:24,10,1,0
BRDA:24,11,0,4
BRDA:24,11,1,4
BRF:24
BRH:15
end_of_record
TN:
SF:src\dlq\dlq.module.ts
FNF:0
FNH:0
DA:1,3
DA:2,3
DA:3,3
DA:4,3
DA:5,3
DA:6,3
DA:14,3
LF:7
LH:7
BRF:0
BRH:0
end_of_record
TN:
SF:src\dlq\dlq.service.ts
FN:21,(anonymous_2)
FN:23,(anonymous_3)
FN:39,(anonymous_4)
FN:51,(anonymous_5)
FN:54,(anonymous_6)
FN:69,(anonymous_7)
FN:109,(anonymous_8)
FN:121,(anonymous_9)
FN:132,(anonymous_10)
FN:136,(anonymous_11)
FNF:10
FNH:10
FNDA:21,(anonymous_2)
FNDA:4,(anonymous_3)
FNDA:7,(anonymous_4)
FNDA:6,(anonymous_5)
FNDA:15,(anonymous_6)
FNDA:7,(anonymous_7)
FNDA:3,(anonymous_8)
FNDA:1,(anonymous_9)
FNDA:11,(anonymous_10)
FNDA:29,(anonymous_11)
DA:1,6
DA:2,6
DA:18,6
DA:19,21
DA:21,21
DA:26,4
DA:36,4
DA:42,7
DA:43,7
DA:44,7
DA:45,7
DA:47,7
DA:51,7
DA:55,15
DA:58,15
DA:59,2
DA:61,13
DA:70,7
DA:71,7
DA:72,3
DA:76,4
DA:77,4
DA:79,2
DA:86,2
DA:95,2
DA:98,2
DA:106,2
DA:110,3
DA:111,3
DA:118,3
DA:122,1
DA:123,1
DA:129,1
DA:133,11
DA:139,29
LF:35
LH:35
BRDA:29,0,0,4
BRDA:29,0,1,0
BRDA:31,1,0,4
BRDA:31,1,1,2
BRDA:32,2,0,4
BRDA:32,2,1,4
BRDA:40,3,0,1
BRDA:43,4,0,3
BRDA:43,4,1,4
BRDA:44,5,0,2
BRDA:44,5,1,5
BRDA:45,6,0,1
BRDA:45,6,1,6
BRDA:58,7,0,2
BRDA:58,7,1,13
BRDA:71,8,0,3
BRDA:71,8,1,4
BRDA:83,9,0,2
BRDA:83,9,1,0
BRDA:92,10,0,2
BRDA:92,10,1,0
BRDA:21,11,0,6
BRDA:21,11,1,0
BRDA:21,12,0,6
BRDA:21,12,1,6
BRF:25
BRH:21
end_of_record
TN:
SF:src\escrow\auto-release.service.ts
FN:16,(anonymous_2)
FN:22,(anonymous_3)
FNF:2
FNH:2
FNDA:8,(anonymous_2)
FNDA:11,(anonymous_3)
DA:1,1
DA:2,1
DA:3,1
DA:4,1
DA:5,1
DA:9,1
DA:13,1
DA:14,8
DA:17,8
DA:18,8
DA:23,11
DA:28,11
DA:30,11
DA:31,2
DA:34,9
DA:37,10
DA:40,10
DA:41,3
DA:44,3
DA:47,7
DA:48,7
DA:52,5
DA:54,2
DA:59,2
LF:24
LH:24
BRDA:9,0,0,1
BRDA:9,0,1,0
BRDA:30,1,0,2
BRDA:30,1,1,9
BRDA:40,2,0,3
BRDA:40,2,1,7
BRDA:56,3,0,2
BRDA:56,3,1,0
BRDA:17,4,0,1
BRDA:17,4,1,0
BRDA:17,5,0,1
BRDA:17,5,1,1
BRDA:17,6,0,1
BRDA:17,6,1,0
BRDA:17,7,0,1
BRDA:17,7,1,1
BRF:16
BRH:12
end_of_record
TN:
SF:src\escrow\buyer-dispute.service.ts
FN:29,(anonymous_2)
FN:38,(anonymous_3)
FN:82,(anonymous_4)
FN:108,(anonymous_5)
FNF:4
FNH:3
FNDA:12,(anonymous_2)
FNDA:10,(anonymous_3)
FNDA:0,(anonymous_4)
FNDA:6,(anonymous_5)
DA:1,4
DA:7,4
DA:9,4
DA:10,4
DA:11,4
DA:12,4
DA:28,4
DA:30,12
DA:31,12
DA:32,12
DA:33,12
DA:34,12
DA:43,10
DA:44,10
DA:45,1
DA:48,9
DA:49,9
DA:50,9
DA:51,9
DA:53,9
DA:54,1
DA:57,8
DA:58,1
DA:61,7
DA:71,6
DA:73,6
DA:78,6
DA:86,0
DA:87,0
DA:88,0
DA:91,0
DA:92,0
DA:93,0
DA:94,0
DA:96,0
DA:97,0
DA:100,0
DA:101,0
DA:102,0
DA:105,0
DA:109,6
LF:41
LH:28
BRDA:44,0,0,1
BRDA:44,0,1,9
BRDA:53,1,0,1
BRDA:53,1,1,8
BRDA:53,2,0,9
BRDA:53,2,1,8
BRDA:53,2,2,2
BRDA:57,3,0,1
BRDA:57,3,1,7
BRDA:65,4,0,7
BRDA:65,4,1,1
BRDA:87,5,0,0
BRDA:87,5,1,0
BRDA:96,6,0,0
BRDA:96,6,1,0
BRDA:96,7,0,0
BRDA:96,7,1,0
BRDA:96,7,2,0
BRDA:101,8,0,0
BRDA:101,8,1,0
BRDA:113,9,0,6
BRDA:113,9,1,0
BRDA:115,10,0,6
BRDA:115,10,1,0
BRDA:30,11,0,4
BRDA:30,11,1,0
BRDA:30,12,0,4
BRDA:30,12,1,4
BRDA:30,13,0,4
BRDA:30,13,1,0
BRDA:30,14,0,4
BRDA:30,14,1,4
BRDA:31,15,0,4
BRDA:31,15,1,0
BRDA:31,16,0,4
BRDA:31,16,1,4
BRDA:32,17,0,4
BRDA:32,17,1,0
BRDA:32,18,0,4
BRDA:32,18,1,4
BRDA:33,19,0,4
BRDA:33,19,1,0
BRDA:33,20,0,4
BRDA:33,20,1,4
BRF:44
BRH:28
end_of_record
TN:
SF:src\escrow\escrow.constants.ts
FNF:0
FNH:0
DA:7,23
DA:13,23
LF:2
LH:2
BRF:0
BRH:0
end_of_record
TN:
SF:src\escrow\escrow.controller.ts
FN:40,(anonymous_4)
FN:69,(anonymous_5)
FN:112,(anonymous_6)
FN:133,(anonymous_7)
FN:151,(anonymous_8)
FN:174,(anonymous_9)
FN:206,(anonymous_10)
FN:243,(anonymous_11)
FN:283,(anonymous_12)
FN:323,(anonymous_13)
FN:360,(anonymous_14)
FN:390,(anonymous_15)
FNF:12
FNH:1
FNDA:2,(anonymous_4)
FNDA:0,(anonymous_5)
FNDA:0,(anonymous_6)
FNDA:0,(anonymous_7)
FNDA:0,(anonymous_8)
FNDA:0,(anonymous_9)
FNDA:0,(anonymous_10)
FNDA:0,(anonymous_11)
FNDA:0,(anonymous_12)
FNDA:0,(anonymous_13)
FNDA:0,(anonymous_14)
FNDA:0,(anonymous_15)
DA:1,3
DA:17,3
DA:24,3
DA:25,3
DA:27,3
DA:28,3
DA:29,3
DA:30,3
DA:31,3
DA:32,3
DA:33,3
DA:34,3
DA:39,3
DA:41,2
DA:42,2
DA:69,3
DA:74,0
DA:75,0
DA:79,0
DA:112,3
DA:116,0
DA:133,3
DA:134,0
DA:151,3
DA:152,0
DA:174,3
DA:175,0
DA:206,3
DA:210,0
DA:243,3
DA:248,0
DA:283,3
DA:287,0
DA:323,3
DA:327,0
DA:360,3
DA:365,0
DA:390,3
DA:394,0
LF:39
LH:26
BRDA:74,0,0,0
BRDA:74,0,1,0
BRDA:74,1,0,0
BRDA:74,1,1,0
BRDA:70,2,0,3
BRDA:70,2,1,0
BRDA:70,3,0,3
BRDA:70,3,1,3
BRDA:208,4,0,3
BRDA:208,4,1,0
BRDA:208,5,0,3
BRDA:208,5,1,3
BRDA:245,6,0,3
BRDA:245,6,1,0
BRDA:245,7,0,3
BRDA:245,7,1,3
BRDA:362,8,0,3
BRDA:362,8,1,0
BRDA:362,9,0,3
BRDA:362,9,1,3
BRDA:41,10,0,3
BRDA:41,10,1,0
BRDA:41,11,0,3
BRDA:41,11,1,3
BRDA:41,12,0,3
BRDA:41,12,1,0
BRDA:41,13,0,3
BRDA:41,13,1,3
BRF:28
BRH:18
end_of_record
TN:
SF:src\escrow\escrow.module.ts
FN:19,(anonymous_1)
FNF:1
FNH:1
FNDA:6,(anonymous_1)
DA:1,3
DA:2,3
DA:3,3
DA:4,3
DA:5,3
DA:6,3
DA:7,3
DA:8,3
DA:9,3
DA:10,3
DA:11,3
DA:12,3
DA:19,6
DA:31,3
LF:14
LH:14
BRF:0
BRH:0
end_of_record
TN:
SF:src\escrow\escrow.repository.ts
FN:19,(anonymous_4)
FN:25,(anonymous_5)
FN:29,(anonymous_6)
FN:38,(anonymous_7)
FN:43,(anonymous_8)
FN:59,(anonymous_9)
FN:73,(anonymous_10)
FN:91,(anonymous_11)
FN:109,(anonymous_12)
FN:123,(anonymous_13)
FN:133,(anonymous_14)
FN:148,(anonymous_15)
FN:178,(anonymous_16)
FN:188,(anonymous_17)
FN:198,(anonymous_18)
FN:208,(anonymous_19)
FN:221,(anonymous_20)
FN:241,(anonymous_21)
FN:262,(anonymous_22)
FN:278,(anonymous_23)
FN:281,(anonymous_24)
FN:282,(anonymous_25)
FN:293,(anonymous_26)
FN:311,(anonymous_27)
FN:328,(anonymous_28)
FN:341,(anonymous_29)
FN:356,(anonymous_30)
FN:371,(anonymous_31)
FN:383,(anonymous_32)
FNF:29
FNH:13
FNDA:39,(anonymous_4)
FNDA:0,(anonymous_5)
FNDA:6,(anonymous_6)
FNDA:0,(anonymous_7)
FNDA:42,(anonymous_8)
FNDA:4,(anonymous_9)
FNDA:1,(anonymous_10)
FNDA:6,(anonymous_11)
FNDA:5,(anonymous_12)
FNDA:0,(anonymous_13)
FNDA:0,(anonymous_14)
FNDA:5,(anonymous_15)
FNDA:1,(anonymous_16)
FNDA:1,(anonymous_17)
FNDA:0,(anonymous_18)
FNDA:0,(anonymous_19)
FNDA:0,(anonymous_20)
FNDA:1,(anonymous_21)
FNDA:0,(anonymous_22)
FNDA:0,(anonymous_23)
FNDA:0,(anonymous_24)
FNDA:0,(anonymous_25)
FNDA:8,(anonymous_26)
FNDA:0,(anonymous_27)
FNDA:0,(anonymous_28)
FNDA:0,(anonymous_29)
FNDA:0,(anonymous_30)
FNDA:0,(anonymous_31)
FNDA:5,(anonymous_32)
DA:1,23
DA:2,23
DA:3,23
DA:4,23
DA:10,23
DA:18,23
DA:20,39
DA:22,39
DA:26,0
DA:30,6
DA:39,0
DA:44,42
DA:63,4
DA:74,1
DA:75,1
DA:76,1
DA:77,1
DA:78,1
DA:83,1
DA:96,6
DA:114,5
DA:124,0
DA:128,0
DA:129,0
DA:134,0
DA:138,0
DA:139,0
DA:156,5
DA:158,5
DA:159,5
DA:161,5
DA:171,5
DA:179,1
DA:183,1
DA:184,1
DA:189,1
DA:193,1
DA:194,1
DA:199,0
DA:203,0
DA:204,0
DA:209,0
DA:213,0
DA:214,0
DA:225,0
DA:233,0
DA:234,0
DA:246,1
DA:254,1
DA:255,1
DA:263,0
DA:270,0
DA:271,0
DA:279,0
DA:282,0
DA:296,8
DA:297,8
DA:312,0
DA:316,0
DA:317,0
DA:319,0
DA:320,0
DA:321,0
DA:329,0
DA:333,0
DA:334,0
DA:342,0
DA:346,0
DA:347,0
DA:357,0
DA:358,0
DA:360,0
DA:363,0
DA:364,0
DA:365,0
DA:366,0
DA:367,0
DA:368,0
DA:370,0
DA:371,0
DA:388,5
DA:395,3
DA:396,3
LF:83
LH:38
BRDA:75,0,0,0
BRDA:75,0,1,1
BRDA:77,1,0,1
BRDA:77,1,1,0
BRDA:94,2,0,1
BRDA:100,3,0,2
BRDA:100,3,1,4
BRDA:112,4,0,4
BRDA:118,5,0,0
BRDA:118,5,1,5
BRDA:158,6,0,2
BRDA:158,6,1,3
BRDA:223,7,0,0
BRDA:244,8,0,1
BRDA:294,9,0,0
BRDA:316,10,0,0
BRDA:316,10,1,0
BRDA:358,11,0,0
BRDA:358,11,1,0
BRDA:363,12,0,0
BRDA:363,12,1,0
BRDA:365,13,0,0
BRDA:365,13,1,0
BRDA:367,14,0,0
BRDA:367,14,1,0
BRDA:20,15,0,23
BRDA:20,15,1,0
BRDA:20,16,0,23
BRDA:20,16,1,23
BRDA:20,17,0,23
BRDA:20,17,1,0
BRDA:20,18,0,23
BRDA:20,18,1,23
BRF:33
BRH:16
end_of_record
TN:
SF:src\escrow\escrow.service.ts
FN:61,(anonymous_5)
FN:75,(anonymous_6)
FN:134,(anonymous_7)
FN:159,(anonymous_8)
FN:184,(anonymous_9)
FN:204,(anonymous_10)
FN:209,(anonymous_11)
FN:219,(anonymous_12)
FN:238,(anonymous_13)
FN:268,(anonymous_14)
FN:275,(anonymous_15)
FN:292,(anonymous_16)
FN:306,(anonymous_17)
FN:311,(anonymous_18)
FN:334,(anonymous_19)
FN:361,(anonymous_20)
FN:404,(anonymous_21)
FN:457,(anonymous_22)
FN:488,(anonymous_23)
FN:523,(anonymous_24)
FN:549,(anonymous_25)
FN:564,(anonymous_26)
FN:575,(anonymous_27)
FN:603,(anonymous_28)
FN:625,(anonymous_29)
FN:645,(anonymous_30)
FNF:26
FNH:7
FNDA:37,(anonymous_5)
FNDA:11,(anonymous_6)
FNDA:3,(anonymous_7)
FNDA:0,(anonymous_8)
FNDA:17,(anonymous_9)
FNDA:0,(anonymous_10)
FNDA:0,(anonymous_11)
FNDA:0,(anonymous_12)
FNDA:0,(anonymous_13)
FNDA:0,(anonymous_14)
FNDA:0,(anonymous_15)
FNDA:0,(anonymous_16)
FNDA:1,(anonymous_17)
FNDA:0,(anonymous_18)
FNDA:0,(anonymous_19)
FNDA:0,(anonymous_20)
FNDA:7,(anonymous_21)
FNDA:0,(anonymous_22)
FNDA:0,(anonymous_23)
FNDA:15,(anonymous_24)
FNDA:0,(anonymous_25)
FNDA:0,(anonymous_26)
FNDA:0,(anonymous_27)
FNDA:0,(anonymous_28)
FNDA:0,(anonymous_29)
FNDA:0,(anonymous_30)
DA:1,7
DA:2,7
DA:11,7
DA:13,7
DA:14,7
DA:15,7
DA:16,7
DA:21,7
DA:22,7
DA:24,7
DA:47,7
DA:58,7
DA:59,37
DA:62,37
DA:63,37
DA:64,37
DA:65,37
DA:67,37
DA:69,37
DA:71,37
DA:86,11
DA:88,11
DA:89,2
DA:92,9
DA:93,9
DA:94,0
DA:97,9
DA:108,9
DA:109,3
DA:112,6
DA:113,6
DA:115,4
DA:122,4
DA:123,4
DA:126,2
DA:127,2
DA:138,3
DA:139,1
DA:142,2
DA:146,2
DA:147,1
DA:150,1
DA:151,1
DA:152,1
DA:164,0
DA:165,0
DA:167,0
DA:168,0
DA:169,0
DA:173,0
DA:175,0
DA:177,0
DA:180,0
DA:185,17
DA:186,17
DA:187,17
DA:188,1
DA:189,1
DA:191,16
DA:193,1
DA:194,1
DA:197,0
DA:198,0
DA:199,0
DA:205,0
DA:210,0
DA:211,0
DA:225,0
DA:226,0
DA:227,0
DA:228,0
DA:253,0
DA:254,0
DA:255,0
DA:256,0
DA:258,0
DA:267,0
DA:268,0
DA:278,0
DA:293,0
DA:307,1
DA:315,0
DA:316,0
DA:317,0
DA:318,0
DA:319,0
DA:320,0
DA:321,0
DA:323,0
DA:339,0
DA:341,0
DA:346,0
DA:351,0
DA:352,0
DA:357,0
DA:366,0
DA:368,0
DA:373,0
DA:378,0
DA:379,0
DA:384,0
DA:386,0
DA:387,0
DA:390,0
DA:391,0
DA:394,0
DA:395,0
DA:400,0
DA:410,7
DA:411,7
DA:412,1
DA:417,6
DA:418,0
DA:423,6
DA:425,5
DA:426,1
DA:429,1
DA:434,4
DA:435,1
DA:440,3
DA:441,0
DA:446,3
DA:450,3
DA:455,3
DA:457,3
DA:458,0
DA:464,3
DA:465,3
DA:468,4
DA:469,4
DA:470,4
DA:492,0
DA:494,0
DA:495,0
DA:500,0
DA:501,0
DA:503,0
DA:509,0
DA:518,0
DA:524,15
DA:526,15
DA:530,15
DA:531,15
DA:532,1
DA:535,1
DA:538,14
DA:540,3
DA:541,2
DA:543,1
DA:547,1
DA:549,0
DA:550,1
DA:554,2
DA:555,1
DA:557,1
DA:558,1
DA:562,1
DA:564,0
DA:565,1
DA:569,2
DA:570,1
DA:572,1
DA:573,1
DA:575,0
DA:576,1
DA:580,2
DA:581,1
DA:583,1
DA:584,0
DA:586,1
DA:587,1
DA:597,1
DA:601,1
DA:603,0
DA:604,1
DA:608,2
DA:609,2
DA:612,2
DA:613,1
DA:615,1
DA:616,1
DA:622,1
DA:623,1
DA:626,0
DA:628,1
DA:632,2
DA:633,1
DA:635,1
DA:636,0
DA:638,1
DA:639,1
DA:643,1
DA:646,0
DA:648,1
DA:652,1
DA:659,1
LF:196
LH:121
BRDA:88,0,0,2
BRDA:88,0,1,9
BRDA:93,1,0,0
BRDA:93,1,1,9
BRDA:108,2,0,3
BRDA:108,2,1,6
BRDA:126,3,0,2
BRDA:126,3,1,0
BRDA:138,4,0,1
BRDA:138,4,1,2
BRDA:146,5,0,1
BRDA:146,5,1,1
BRDA:165,6,0,0
BRDA:165,6,1,0
BRDA:168,7,0,0
BRDA:168,7,1,0
BRDA:175,8,0,0
BRDA:175,8,1,0
BRDA:187,9,0,1
BRDA:187,9,1,16
BRDA:193,10,0,1
BRDA:193,10,1,0
BRDA:197,11,0,0
BRDA:197,11,1,0
BRDA:227,12,0,0
BRDA:227,12,1,0
BRDA:253,13,0,0
BRDA:253,13,1,0
BRDA:254,14,0,0
BRDA:254,14,1,0
BRDA:255,15,0,0
BRDA:255,15,1,0
BRDA:256,16,0,0
BRDA:256,16,1,0
BRDA:281,17,0,0
BRDA:281,17,1,0
BRDA:286,18,0,0
BRDA:286,18,1,0
BRDA:296,19,0,0
BRDA:296,19,1,0
BRDA:315,20,0,0
BRDA:315,20,1,0
BRDA:337,21,0,0
BRDA:341,22,0,0
BRDA:341,22,1,0
BRDA:342,23,0,0
BRDA:342,23,1,0
BRDA:342,23,2,0
BRDA:351,24,0,0
BRDA:351,24,1,0
BRDA:364,25,0,0
BRDA:368,26,0,0
BRDA:368,26,1,0
BRDA:369,27,0,0
BRDA:369,27,1,0
BRDA:369,27,2,0
BRDA:378,28,0,0
BRDA:378,28,1,0
BRDA:386,29,0,0
BRDA:386,29,1,0
BRDA:386,30,0,0
BRDA:386,30,1,0
BRDA:394,31,0,0
BRDA:394,31,1,0
BRDA:394,32,0,0
BRDA:394,32,1,0
BRDA:408,33,0,7
BRDA:411,34,0,1
BRDA:411,34,1,6
BRDA:417,35,0,0
BRDA:417,35,1,6
BRDA:425,36,0,1
BRDA:425,36,1,4
BRDA:425,37,0,5
BRDA:425,37,1,5
BRDA:434,38,0,1
BRDA:434,38,1,3
BRDA:440,39,0,0
BRDA:440,39,1,3
BRDA:468,40,0,4
BRDA:468,40,1,0
BRDA:494,41,0,0
BRDA:494,41,1,0
BRDA:500,42,0,0
BRDA:500,42,1,0
BRDA:501,43,0,0
BRDA:501,43,1,0
BRDA:531,44,0,1
BRDA:531,44,1,14
BRDA:538,45,0,3
BRDA:538,45,1,2
BRDA:538,45,2,2
BRDA:538,45,3,2
BRDA:538,45,4,2
BRDA:538,45,5,2
BRDA:538,45,6,1
BRDA:540,46,0,2
BRDA:540,46,1,1
BRDA:540,47,0,3
BRDA:540,47,1,2
BRDA:554,48,0,1
BRDA:554,48,1,1
BRDA:554,49,0,2
BRDA:554,49,1,1
BRDA:557,50,0,1
BRDA:557,50,1,0
BRDA:557,50,2,0
BRDA:569,51,0,1
BRDA:569,51,1,1
BRDA:569,52,0,2
BRDA:569,52,1,1
BRDA:580,53,0,1
BRDA:580,53,1,1
BRDA:583,54,0,0
BRDA:583,54,1,1
BRDA:586,55,0,1
BRDA:586,55,1,0
BRDA:591,56,0,1
BRDA:591,56,1,0
BRDA:608,57,0,2
BRDA:608,57,1,0
BRDA:612,58,0,1
BRDA:612,58,1,1
BRDA:615,59,0,1
BRDA:615,59,1,0
BRDA:632,60,0,1
BRDA:632,60,1,1
BRDA:635,61,0,0
BRDA:635,61,1,1
BRDA:638,62,0,1
BRDA:638,62,1,0
BRDA:62,63,0,7
BRDA:62,63,1,0
BRDA:62,64,0,7
BRDA:62,64,1,7
BRDA:62,65,0,7
BRDA:62,65,1,0
BRDA:62,66,0,7
BRDA:62,66,1,7
BRDA:63,67,0,7
BRDA:63,67,1,0
BRDA:63,68,0,7
BRDA:63,68,1,7
BRDA:64,69,0,7
BRDA:64,69,1,0
BRDA:64,70,0,7
BRDA:64,70,1,7
BRDA:65,71,0,7
BRDA:65,71,1,0
BRDA:65,72,0,7
BRDA:65,72,1,7
BRDA:67,73,0,7
BRDA:67,73,1,0
BRDA:67,74,0,7
BRDA:67,74,1,7
BRDA:69,75,0,7
BRDA:69,75,1,0
BRDA:69,76,0,7
BRDA:69,76,1,7
BRF:159
BRH:81
end_of_record
TN:
SF:src\escrow\vendor-escrow.controller.ts
FN:18,(anonymous_4)
FN:41,(anonymous_5)
FNF:2
FNH:1
FNDA:2,(anonymous_4)
FNDA:0,(anonymous_5)
DA:1,3
DA:2,3
DA:8,3
DA:10,3
DA:11,3
DA:12,3
DA:17,3
DA:18,2
DA:41,3
DA:45,0
LF:10
LH:9
BRDA:42,0,0,3
BRDA:42,0,1,0
BRDA:42,1,0,3
BRDA:42,1,1,3
BRDA:18,2,0,3
BRDA:18,2,1,0
BRDA:18,3,0,3
BRDA:18,3,1,3
BRF:8
BRH:6
end_of_record
TN:
SF:src\escrow\dto\create-escrow.dto.ts
FN:29,(anonymous_2)
FN:62,(anonymous_3)
FN:71,(anonymous_4)
FNF:3
FNH:0
FNDA:0,(anonymous_2)
FNDA:0,(anonymous_3)
FNDA:0,(anonymous_4)
DA:1,3
DA:9,3
DA:10,3
DA:11,3
DA:19,3
DA:29,0
DA:30,3
DA:39,3
DA:47,3
DA:62,0
DA:63,3
DA:71,0
DA:72,3
LF:13
LH:10
BRF:0
BRH:0
end_of_record
TN:
SF:src\escrow\dto\escrow-response.dto.ts
FNF:0
FNH:0
DA:1,0
DA:9,0
DA:15,0
DA:21,0
DA:27,0
DA:33,0
DA:39,0
DA:54,0
DA:61,0
DA:71,0
DA:79,0
DA:87,0
LF:12
LH:0
BRDA:79,0,0,0
BRDA:79,0,1,0
BRDA:79,1,0,0
BRDA:79,1,1,0
BRDA:87,2,0,0
BRDA:87,2,1,0
BRDA:87,3,0,0
BRDA:87,3,1,0
BRF:8
BRH:0
end_of_record
TN:
SF:src\escrow\dto\escrow-summary.dto.ts
FNF:0
FNH:0
DA:1,0
DA:9,0
DA:15,0
DA:21,0
DA:27,0
DA:33,0
DA:39,0
DA:54,0
DA:61,0
DA:69,0
DA:77,0
LF:11
LH:0
BRDA:69,0,0,0
BRDA:69,0,1,0
BRDA:69,1,0,0
BRDA:69,1,1,0
BRDA:77,2,0,0
BRDA:77,2,1,0
BRDA:77,3,0,0
BRDA:77,3,1,0
BRF:8
BRH:0
end_of_record
TN:
SF:src\escrow\dto\evidence-upload.dto.ts
FNF:0
FNH:0
DA:1,0
DA:8,0
DA:14,0
DA:20,0
DA:26,0
DA:32,0
DA:38,0
DA:45,0
LF:8
LH:0
BRF:0
BRH:0
end_of_record
TN:
SF:src\escrow\dto\open-dispute.dto.ts
FN:14,(anonymous_2)
FNF:1
FNH:1
FNDA:4,(anonymous_2)
DA:1,4
DA:9,4
DA:14,4
DA:15,4
DA:16,4
DA:17,4
DA:18,4
DA:19,4
DA:28,4
DA:35,4
DA:45,4
DA:59,4
LF:12
LH:12
BRDA:14,0,0,4
BRDA:14,0,1,4
BRF:2
BRH:2
end_of_record
TN:
SF:src\escrow\dto\update-buyer-contact.dto.ts
FN:37,(anonymous_2)
FNF:1
FNH:0
FNDA:0,(anonymous_2)
DA:1,3
DA:2,3
DA:15,3
DA:22,3
DA:33,3
DA:37,0
DA:39,3
LF:7
LH:6
BRDA:37,0,0,0
BRDA:37,0,1,0
BRF:2
BRH:0
end_of_record
TN:
SF:src\escrow\dto\update-shipment.dto.ts
FN:25,(anonymous_2)
FNF:1
FNH:0
FNDA:0,(anonymous_2)
DA:1,3
DA:2,3
DA:3,3
DA:10,3
DA:25,0
DA:26,3
LF:6
LH:5
BRF:0
BRH:0
end_of_record
TN:
SF:src\escrow\dto\vendor-escrows-query.dto.ts
FN:49,(anonymous_2)
FN:62,(anonymous_3)
FNF:2
FNH:2
FNDA:4,(anonymous_2)
FNDA:5,(anonymous_3)
DA:1,5
DA:2,5
DA:3,5
DA:4,5
DA:11,5
DA:21,5
DA:31,20
DA:41,20
DA:49,4
DA:53,20
DA:62,5
DA:67,20
LF:12
LH:12
BRDA:21,0,0,0
BRDA:21,0,1,5
BRDA:21,1,0,5
BRDA:21,1,1,5
BRF:4
BRH:3
end_of_record
TN:
SF:src\logistics\logistics.module.ts
FNF:0
FNH:0
DA:1,3
DA:2,3
DA:9,3
LF:3
LH:3
BRF:0
BRH:0
end_of_record
TN:
SF:src\logistics\logistics.service.ts
FN:33,(anonymous_1)
FN:42,(anonymous_2)
FN:56,(anonymous_3)
FN:63,(anonymous_4)
FN:68,(anonymous_5)
FN:113,(anonymous_6)
FN:117,(anonymous_7)
FNF:7
FNH:4
FNDA:5,(anonymous_1)
FNDA:2,(anonymous_2)
FNDA:0,(anonymous_3)
FNDA:0,(anonymous_4)
FNDA:5,(anonymous_5)
FNDA:0,(anonymous_6)
FNDA:4,(anonymous_7)
DA:1,11
DA:2,11
DA:24,11
DA:25,35
DA:34,5
DA:35,5
DA:43,2
DA:44,1
DA:46,1
DA:47,1
DA:49,0
DA:57,0
DA:64,0
DA:69,5
DA:70,1
DA:75,4
DA:76,4
DA:77,4
DA:78,1
DA:83,3
DA:89,3
DA:90,3
DA:104,3
DA:114,0
DA:118,4
DA:119,1
DA:121,3
DA:122,1
DA:124,2
DA:125,1
DA:127,1
DA:128,0
DA:130,1
LF:33
LH:28
BRDA:43,0,0,1
BRDA:43,0,1,1
BRDA:69,1,0,1
BRDA:69,1,1,4
BRDA:77,2,0,1
BRDA:77,2,1,3
BRDA:83,3,0,0
BRDA:83,3,1,3
BRDA:85,4,0,0
BRDA:85,4,1,3
BRDA:118,5,0,1
BRDA:118,5,1,3
BRDA:118,6,0,4
BRDA:118,6,1,3
BRDA:121,7,0,1
BRDA:121,7,1,2
BRDA:124,8,0,1
BRDA:124,8,1,1
BRDA:124,9,0,2
BRDA:124,9,1,1
BRDA:127,10,0,0
BRDA:127,10,1,1
BRDA:127,11,0,1
BRDA:127,11,1,1
BRF:24
BRH:21
end_of_record
TN:
SF:src\logistics\gigl\gigl-logistics.service.ts
FN:15,mapStatus
FN:30,mapEvent
FN:43,mapTrackingResponse
FN:62,(anonymous_5)
FN:71,(anonymous_6)
FN:80,(anonymous_7)
FNF:6
FNH:6
FNDA:16,mapStatus
FNDA:29,mapEvent
FNDA:16,mapTrackingResponse
FNDA:27,(anonymous_5)
FNDA:13,(anonymous_6)
FNDA:15,(anonymous_7)
DA:1,1
DA:2,1
DA:8,1
DA:16,16
DA:18,2
DA:21,13
DA:23,1
DA:31,29
DA:44,16
DA:61,1
DA:62,27
DA:63,27
DA:72,13
DA:73,5
DA:81,15
DA:82,11
DA:87,1
LF:17
LH:17
BRDA:16,0,0,2
BRDA:16,0,1,12
BRDA:16,0,2,13
BRDA:16,0,3,1
BRDA:34,1,0,29
BRDA:34,1,1,1
BRDA:47,2,0,15
BRDA:47,2,1,1
BRDA:62,3,0,1
BRDA:62,3,1,0
BRDA:62,4,0,1
BRDA:62,4,1,1
BRF:12
BRH:11
end_of_record
TN:
SF:src\logistics\gigl\gigl.client.ts
FN:20,(anonymous_1)
FN:34,(anonymous_2)
FN:49,(anonymous_3)
FN:67,(anonymous_4)
FN:85,(anonymous_5)
FNF:5
FNH:3
FNDA:3,(anonymous_1)
FNDA:4,(anonymous_2)
FNDA:4,(anonymous_3)
FNDA:0,(anonymous_4)
FNDA:0,(anonymous_5)
DA:1,1
DA:19,1
DA:21,3
DA:25,3
DA:33,1
DA:35,4
DA:38,4
DA:46,1
DA:50,4
DA:53,4
DA:54,4
DA:64,1
DA:68,0
DA:86,0
DA:87,0
DA:90,0
DA:92,0
DA:93,0
DA:96,0
DA:98,0
DA:101,0
DA:104,0
DA:105,0
DA:106,0
DA:109,0
DA:113,0
LF:26
LH:12
BRDA:70,0,0,0
BRDA:70,0,1,0
BRDA:92,1,0,0
BRDA:92,1,1,0
BRDA:96,2,0,0
BRDA:96,2,1,0
BRDA:98,3,0,0
BRDA:98,3,1,0
BRDA:98,4,0,0
BRDA:98,4,1,0
BRDA:100,5,0,0
BRDA:100,5,1,0
BRDA:105,6,0,0
BRDA:105,6,1,0
BRF:14
BRH:0
end_of_record
TN:
SF:src\logistics\providers\terminal-africa.provider.ts
FN:53,(anonymous_0)
FN:61,(anonymous_1)
FN:66,isObject
FN:70,parseDate
FN:78,getTrackingPayload
FN:98,parseTerminalAfricaTrackingDetails
FN:151,(anonymous_6)
FNF:7
FNH:7
FNDA:2,(anonymous_0)
FNDA:1,(anonymous_1)
FNDA:15,isObject
FNDA:4,parseDate
FNDA:3,getTrackingPayload
FNDA:5,parseTerminalAfricaTrackingDetails
FNDA:2,(anonymous_6)
DA:50,1
DA:51,2
DA:54,2
DA:58,1
DA:59,1
DA:62,1
DA:67,15
DA:71,4
DA:72,4
DA:73,4
DA:75,0
DA:81,3
DA:82,2
DA:85,1
DA:86,0
DA:89,1
DA:91,1
DA:92,1
DA:95,0
DA:98,1
DA:101,5
DA:102,0
DA:106,5
DA:108,5
DA:110,5
DA:114,5
DA:117,5
DA:122,5
DA:123,2
DA:128,3
DA:129,3
DA:130,0
DA:134,3
DA:135,3
DA:136,1
DA:141,2
DA:143,2
DA:145,2
DA:151,2
DA:152,2
DA:153,0
DA:158,2
DA:161,2
DA:162,0
DA:168,2
DA:175,2
DA:182,2
DA:188,2
DA:196,2
LF:49
LH:42
BRDA:53,0,0,0
BRDA:61,1,0,0
BRDA:67,2,0,15
BRDA:67,2,1,13
BRDA:71,3,0,4
BRDA:71,3,1,0
BRDA:71,4,0,4
BRDA:71,4,1,0
BRDA:73,5,0,0
BRDA:73,5,1,4
BRDA:81,6,0,2
BRDA:81,6,1,1
BRDA:81,7,0,3
BRDA:81,7,1,3
BRDA:85,8,0,0
BRDA:85,8,1,1
BRDA:89,9,0,1
BRDA:89,9,1,0
BRDA:101,10,0,0
BRDA:101,10,1,5
BRDA:106,11,0,5
BRDA:106,11,1,0
BRDA:108,12,0,0
BRDA:108,12,1,5
BRDA:110,13,0,1
BRDA:110,13,1,4
BRDA:114,14,0,2
BRDA:114,14,1,3
BRDA:117,15,0,5
BRDA:117,15,1,4
BRDA:117,15,2,4
BRDA:117,15,3,4
BRDA:122,16,0,2
BRDA:122,16,1,3
BRDA:124,17,0,2
BRDA:124,17,1,0
BRDA:129,18,0,0
BRDA:129,18,1,3
BRDA:134,19,0,2
BRDA:134,19,1,1
BRDA:135,20,0,1
BRDA:135,20,1,2
BRDA:143,21,0,2
BRDA:143,21,1,0
BRDA:145,22,0,1
BRDA:145,22,1,1
BRDA:145,23,0,2
BRDA:145,23,1,2
BRDA:147,24,0,0
BRDA:147,24,1,1
BRDA:152,25,0,0
BRDA:152,25,1,2
BRDA:159,26,0,2
BRDA:159,26,1,0
BRDA:159,26,2,0
BRDA:161,27,0,0
BRDA:161,27,1,2
BRDA:168,28,0,2
BRDA:168,28,1,0
BRDA:170,29,0,0
BRDA:170,29,1,0
BRDA:175,30,0,2
BRDA:175,30,1,0
BRDA:177,31,0,0
BRDA:177,31,1,0
BRDA:182,32,0,2
BRDA:182,32,1,0
BRDA:184,33,0,0
BRDA:184,33,1,0
BRF:69
BRH:42
end_of_record
TN:
SF:src\notifications\notification-retry-queue.service.ts
FN:102,(anonymous_13)
FN:111,(anonymous_14)
FN:123,(anonymous_15)
FN:147,(anonymous_16)
FN:171,(anonymous_17)
FN:191,(anonymous_18)
FN:215,(anonymous_19)
FN:225,(anonymous_20)
FN:257,(anonymous_21)
FN:258,(anonymous_22)
FN:261,(anonymous_23)
FN:266,(anonymous_24)
FN:289,(anonymous_25)
FN:308,(anonymous_26)
FN:326,(anonymous_27)
FN:338,(anonymous_28)
FN:339,(anonymous_29)
FN:354,(anonymous_30)
FN:381,(anonymous_31)
FN:390,(anonymous_32)
FNF:20
FNH:13
FNDA:26,(anonymous_13)
FNDA:18,(anonymous_14)
FNDA:13,(anonymous_15)
FNDA:12,(anonymous_16)
FNDA:1,(anonymous_17)
FNDA:2,(anonymous_18)
FNDA:1,(anonymous_19)
FNDA:6,(anonymous_20)
FNDA:9,(anonymous_21)
FNDA:9,(anonymous_22)
FNDA:0,(anonymous_23)
FNDA:8,(anonymous_24)
FNDA:0,(anonymous_25)
FNDA:0,(anonymous_26)
FNDA:0,(anonymous_27)
FNDA:0,(anonymous_28)
FNDA:0,(anonymous_29)
FNDA:0,(anonymous_30)
FNDA:2,(anonymous_31)
FNDA:5,(anonymous_32)
DA:25,1
DA:32,1
DA:35,1
DA:36,1
DA:61,1
DA:62,1
DA:81,1
DA:84,26
DA:86,26
DA:88,26
DA:90,26
DA:94,26
DA:98,26
DA:104,26
DA:106,26
DA:107,26
DA:108,26
DA:115,18
DA:124,13
DA:128,13
DA:129,1
DA:138,1
DA:140,12
DA:148,12
DA:149,12
DA:150,1
DA:153,1
DA:156,11
DA:157,11
DA:158,11
DA:159,20
DA:160,20
DA:161,7
DA:162,2
DA:172,1
DA:178,7
DA:180,13
DA:181,13
DA:182,8
DA:192,2
DA:198,13
DA:199,9
DA:200,9
DA:204,9
DA:207,4
DA:208,3
DA:216,1
DA:222,4
DA:230,6
DA:241,6
DA:246,6
DA:247,1
DA:252,6
DA:253,3
DA:258,9
DA:260,9
DA:261,0
DA:262,9
DA:267,8
DA:268,8
DA:269,1
DA:273,1
DA:276,7
DA:277,7
DA:278,0
DA:281,0
DA:284,0
DA:287,0
DA:290,0
DA:291,0
DA:292,0
DA:296,0
DA:297,0
DA:298,0
DA:299,0
DA:309,0
DA:316,0
DA:317,0
DA:327,0
DA:333,0
DA:338,0
DA:339,0
DA:340,0
DA:342,0
DA:343,0
DA:344,0
DA:346,0
DA:347,0
DA:355,0
DA:361,0
DA:364,0
DA:371,7
DA:375,7
DA:376,7
DA:377,7
DA:382,2
DA:393,5
LF:97
LH:69
BRDA:106,0,0,22
BRDA:106,0,1,4
BRDA:126,1,0,13
BRDA:126,1,1,10
BRDA:128,2,0,1
BRDA:128,2,1,12
BRDA:149,3,0,1
BRDA:149,3,1,11
BRDA:161,4,0,2
BRDA:161,4,1,5
BRDA:161,5,0,7
BRDA:161,5,1,2
BRDA:181,6,0,8
BRDA:181,6,1,5
BRDA:181,7,0,13
BRDA:181,7,1,8
BRDA:188,8,0,8
BRDA:188,8,1,0
BRDA:198,9,0,4
BRDA:198,9,1,9
BRDA:207,10,0,3
BRDA:207,10,1,1
BRDA:207,11,0,4
BRDA:207,11,1,3
BRDA:237,12,0,5
BRDA:237,12,1,1
BRDA:246,13,0,1
BRDA:246,13,1,5
BRDA:252,14,0,3
BRDA:252,14,1,3
BRDA:260,15,0,9
BRDA:260,15,1,0
BRDA:268,16,0,1
BRDA:268,16,1,7
BRDA:291,17,0,0
BRDA:291,17,1,0
BRDA:298,18,0,0
BRDA:298,18,1,0
BRDA:298,19,0,0
BRDA:298,19,1,0
BRDA:316,20,0,0
BRDA:316,20,1,0
BRDA:316,21,0,0
BRDA:316,21,1,0
BRDA:323,22,0,0
BRDA:323,22,1,0
BRDA:340,23,0,0
BRDA:340,23,1,0
BRDA:342,24,0,0
BRDA:342,24,1,0
BRDA:343,25,0,0
BRDA:343,25,1,0
BRDA:346,26,0,0
BRDA:346,26,1,0
BRDA:346,27,0,0
BRDA:346,27,1,0
BRDA:373,28,0,0
BRDA:373,28,1,7
BRDA:104,29,0,1
BRDA:104,29,1,0
BRDA:104,30,0,1
BRDA:104,30,1,1
BRF:62
BRH:36
end_of_record
TN:
SF:src\notifications\notification-retry-queue.types.ts
FN:64,(anonymous_0)
FNF:1
FNH:1
FNDA:19,(anonymous_0)
DA:50,1
DA:64,1
DA:68,19
DA:69,18
DA:70,18
DA:72,18
DA:73,18
LF:7
LH:7
BRDA:66,0,0,2
BRDA:68,1,0,1
BRDA:68,1,1,18
BRDA:70,2,0,18
BRDA:70,2,1,0
BRF:5
BRH:4
end_of_record
TN:
SF:src\notifications\notifications.module.ts
FN:17,createSendGridClient
FN:35,createTwilioClient
FNF:2
FNH:2
FNDA:6,createSendGridClient
FNDA:7,createTwilioClient
DA:1,4
DA:2,4
DA:3,4
DA:4,4
DA:5,4
DA:6,4
DA:7,4
DA:8,4
DA:10,4
DA:17,4
DA:18,6
DA:19,6
DA:20,4
DA:23,4
DA:25,2
DA:26,2
DA:27,2
DA:35,4
DA:36,7
DA:37,7
DA:38,7
DA:39,5
DA:42,5
DA:44,2
DA:64,4
LF:25
LH:25
BRDA:19,0,0,4
BRDA:19,0,1,2
BRDA:38,1,0,5
BRDA:38,1,1,2
BRDA:38,2,0,7
BRDA:38,2,1,3
BRF:6
BRH:6
end_of_record
TN:
SF:src\notifications\notifications.service.ts
FN:22,(anonymous_13)
FN:25,(anonymous_14)
FN:34,(anonymous_15)
FN:45,(anonymous_16)
FN:54,(anonymous_17)
FN:62,(anonymous_18)
FN:67,(anonymous_19)
FN:72,(anonymous_20)
FN:83,(anonymous_21)
FN:91,(anonymous_22)
FN:110,(anonymous_23)
FN:151,(anonymous_24)
FN:169,(anonymous_25)
FN:178,(anonymous_26)
FN:239,(anonymous_27)
FN:295,(anonymous_28)
FN:296,(anonymous_29)
FN:299,(anonymous_30)
FN:313,(anonymous_31)
FN:325,(anonymous_32)
FNF:20
FNH:17
FNDA:8,(anonymous_13)
FNDA:10,(anonymous_14)
FNDA:25,(anonymous_15)
FNDA:19,(anonymous_16)
FNDA:4,(anonymous_17)
FNDA:1,(anonymous_18)
FNDA:4,(anonymous_19)
FNDA:0,(anonymous_20)
FNDA:1,(anonymous_21)
FNDA:1,(anonymous_22)
FNDA:7,(anonymous_23)
FNDA:14,(anonymous_24)
FNDA:30,(anonymous_25)
FNDA:30,(anonymous_26)
FNDA:30,(anonymous_27)
FNDA:0,(anonymous_28)
FNDA:0,(anonymous_29)
FNDA:24,(anonymous_30)
FNDA:24,(anonymous_31)
FNDA:43,(anonymous_32)
DA:1,11
DA:2,11
DA:3,11
DA:8,11
DA:9,11
DA:21,11
DA:22,8
DA:24,11
DA:25,10
DA:28,11
DA:31,11
DA:32,25
DA:35,25
DA:38,25
DA:41,25
DA:46,19
DA:55,4
DA:63,1
DA:68,4
DA:76,0
DA:84,1
DA:92,1
DA:114,7
DA:118,7
DA:123,7
DA:129,7
DA:130,0
DA:133,7
DA:134,0
DA:137,7
DA:140,7
DA:143,7
DA:156,14
DA:157,0
DA:158,0
DA:160,0
DA:163,0
DA:174,30
DA:175,30
DA:183,30
DA:184,30
DA:185,30
DA:186,30
DA:188,30
DA:189,49
DA:190,49
DA:191,49
DA:194,49
DA:203,24
DA:204,24
DA:205,24
DA:207,25
DA:208,25
DA:209,19
DA:210,19
DA:215,19
DA:217,6
DA:225,30
DA:244,30
DA:245,30
DA:246,30
DA:247,30
DA:249,30
DA:250,43
DA:251,43
DA:252,43
DA:255,43
DA:259,25
DA:260,25
DA:262,18
DA:263,18
DA:264,13
DA:265,13
DA:270,13
DA:272,5
DA:280,30
DA:296,0
DA:300,24
DA:306,16
DA:308,16
DA:310,8
DA:314,24
DA:319,16
DA:320,16
DA:322,22
DA:326,43
DA:327,43
DA:328,43
DA:329,32
DA:330,32
DA:331,32
DA:332,6
DA:333,6
DA:334,0
DA:337,26
LF:95
LH:86
BRDA:38,0,0,9
BRDA:41,1,0,11
BRDA:119,2,0,7
BRDA:119,2,1,7
BRDA:124,3,0,7
BRDA:124,3,1,7
BRDA:129,4,0,0
BRDA:129,4,1,7
BRDA:133,5,0,0
BRDA:133,5,1,7
BRDA:137,6,0,7
BRDA:137,6,1,0
BRDA:137,7,0,7
BRDA:137,7,1,7
BRDA:156,8,0,14
BRDA:156,8,1,0
BRDA:161,9,0,0
BRDA:161,9,1,0
BRDA:208,10,0,19
BRDA:208,10,1,6
BRDA:212,11,0,19
BRDA:212,11,1,11
BRDA:219,12,0,6
BRDA:219,12,1,0
BRDA:259,13,0,25
BRDA:259,13,1,10
BRDA:263,14,0,13
BRDA:263,14,1,5
BRDA:267,15,0,13
BRDA:267,15,1,9
BRDA:274,16,0,5
BRDA:274,16,1,0
BRDA:300,17,0,16
BRDA:300,17,1,8
BRDA:301,18,0,24
BRDA:301,18,1,16
BRDA:301,18,2,16
BRDA:301,18,3,16
BRDA:308,19,0,16
BRDA:308,19,1,15
BRDA:314,20,0,16
BRDA:314,20,1,8
BRDA:315,21,0,24
BRDA:315,21,1,16
BRDA:315,21,2,16
BRDA:320,22,0,2
BRDA:320,22,1,14
BRDA:326,23,0,43
BRDA:326,23,1,0
BRDA:326,24,0,43
BRDA:326,24,1,43
BRDA:328,25,0,11
BRDA:328,25,1,32
BRDA:329,26,0,0
BRDA:329,26,1,32
BRDA:331,27,0,6
BRDA:331,27,1,26
BRDA:331,28,0,32
BRDA:331,28,1,6
BRDA:333,29,0,6
BRDA:333,29,1,0
BRDA:334,30,0,0
BRDA:334,30,1,0
BRDA:35,31,0,11
BRDA:35,31,1,0
BRDA:35,32,0,11
BRDA:35,32,1,11
BRF:67
BRH:53
end_of_record
TN:
SF:src\notifications\notifications.tokens.ts
FNF:0
FNH:0
DA:1,11
DA:2,11
LF:2
LH:2
BRF:0
BRH:0
end_of_record
TN:
SF:src\prisma\prisma.module.ts
FN:20,(anonymous_1)
FNF:1
FNH:1
FNDA:2,(anonymous_1)
DA:1,4
DA:2,4
DA:3,4
DA:4,4
DA:5,4
DA:21,2
DA:22,2
DA:31,4
LF:8
LH:8
BRDA:22,0,0,0
BRDA:22,0,1,2
BRF:2
BRH:1
end_of_record
TN:
SF:src\prisma\prisma.service.ts
FN:12,assertEncryptedContact
FN:317,(anonymous_5)
FN:344,(anonymous_6)
FN:386,(anonymous_7)
FN:402,(anonymous_8)
FN:428,(anonymous_9)
FN:436,(anonymous_10)
FN:467,(anonymous_11)
FN:472,(anonymous_12)
FN:505,(anonymous_13)
FN:513,(anonymous_14)
FN:529,(anonymous_15)
FN:541,(anonymous_16)
FN:553,(anonymous_17)
FN:555,(anonymous_18)
FN:575,(anonymous_19)
FN:589,(anonymous_20)
FN:591,(anonymous_21)
FN:610,(anonymous_22)
FN:618,(anonymous_23)
FN:652,(anonymous_24)
FN:660,(anonymous_25)
FN:665,(anonymous_26)
FN:670,(anonymous_27)
FN:679,(anonymous_28)
FN:681,(anonymous_29)
FN:697,(anonymous_30)
FN:704,(anonymous_31)
FN:706,(anonymous_32)
FN:714,(anonymous_33)
FN:737,(anonymous_34)
FN:758,(anonymous_35)
FN:760,(anonymous_36)
FN:764,(anonymous_37)
FN:772,(anonymous_38)
FN:780,(anonymous_39)
FN:792,(anonymous_40)
FN:801,(anonymous_41)
FN:809,(anonymous_42)
FN:825,(anonymous_43)
FN:832,(anonymous_44)
FN:834,(anonymous_45)
FN:835,(anonymous_46)
FN:837,(anonymous_47)
FN:845,(anonymous_48)
FN:859,(anonymous_49)
FN:867,(anonymous_50)
FN:871,(anonymous_51)
FN:886,(anonymous_52)
FN:902,(anonymous_53)
FN:910,(anonymous_54)
FN:923,(anonymous_55)
FN:931,(anonymous_56)
FN:935,(anonymous_57)
FN:950,(anonymous_58)
FN:976,(anonymous_59)
FN:996,(anonymous_60)
FN:1004,(anonymous_61)
FN:1016,(anonymous_62)
FN:1034,(anonymous_63)
FN:1047,(anonymous_64)
FN:1053,(anonymous_65)
FN:1061,(anonymous_66)
FN:1072,(anonymous_67)
FN:1128,(anonymous_68)
FN:1140,(anonymous_69)
FN:1185,(anonymous_70)
FN:1195,(anonymous_71)
FN:1200,(anonymous_72)
FN:1220,(anonymous_73)
FN:1228,(anonymous_74)
FN:1236,(anonymous_75)
FN:1268,(anonymous_76)
FN:1294,(anonymous_77)
FN:1303,(anonymous_78)
FN:1304,(anonymous_79)
FN:1311,(anonymous_80)
FN:1313,(anonymous_81)
FN:1315,(anonymous_82)
FN:1323,(anonymous_83)
FNF:80
FNH:52
FNDA:229,assertEncryptedContact
FNDA:99,(anonymous_5)
FNDA:0,(anonymous_6)
FNDA:114,(anonymous_7)
FNDA:101,(anonymous_8)
FNDA:1,(anonymous_9)
FNDA:41,(anonymous_10)
FNDA:93,(anonymous_11)
FNDA:130,(anonymous_12)
FNDA:78,(anonymous_13)
FNDA:29,(anonymous_14)
FNDA:5,(anonymous_15)
FNDA:0,(anonymous_16)
FNDA:67,(anonymous_17)
FNDA:14,(anonymous_18)
FNDA:4,(anonymous_19)
FNDA:4,(anonymous_20)
FNDA:0,(anonymous_21)
FNDA:52,(anonymous_22)
FNDA:17,(anonymous_23)
FNDA:2,(anonymous_24)
FNDA:15,(anonymous_25)
FNDA:13,(anonymous_26)
FNDA:6,(anonymous_27)
FNDA:11,(anonymous_28)
FNDA:2,(anonymous_29)
FNDA:6,(anonymous_30)
FNDA:6,(anonymous_31)
FNDA:52,(anonymous_32)
FNDA:60,(anonymous_33)
FNDA:0,(anonymous_34)
FNDA:19,(anonymous_35)
FNDA:52,(anonymous_36)
FNDA:52,(anonymous_37)
FNDA:0,(anonymous_38)
FNDA:0,(anonymous_39)
FNDA:0,(anonymous_40)
FNDA:52,(anonymous_41)
FNDA:0,(anonymous_42)
FNDA:7,(anonymous_43)
FNDA:16,(anonymous_44)
FNDA:6,(anonymous_45)
FNDA:13,(anonymous_46)
FNDA:52,(anonymous_47)
FNDA:0,(anonymous_48)
FNDA:0,(anonymous_49)
FNDA:0,(anonymous_50)
FNDA:0,(anonymous_51)
FNDA:0,(anonymous_52)
FNDA:52,(anonymous_53)
FNDA:10,(anonymous_54)
FNDA:9,(anonymous_55)
FNDA:9,(anonymous_56)
FNDA:0,(anonymous_57)
FNDA:59,(anonymous_58)
FNDA:1,(anonymous_59)
FNDA:0,(anonymous_60)
FNDA:0,(anonymous_61)
FNDA:0,(anonymous_62)
FNDA:0,(anonymous_63)
FNDA:0,(anonymous_64)
FNDA:52,(anonymous_65)
FNDA:0,(anonymous_66)
FNDA:1,(anonymous_67)
FNDA:6,(anonymous_68)
FNDA:11,(anonymous_69)
FNDA:1,(anonymous_70)
FNDA:11,(anonymous_71)
FNDA:52,(anonymous_72)
FNDA:2,(anonymous_73)
FNDA:1,(anonymous_74)
FNDA:1,(anonymous_75)
FNDA:0,(anonymous_76)
FNDA:0,(anonymous_77)
FNDA:0,(anonymous_78)
FNDA:0,(anonymous_79)
FNDA:0,(anonymous_80)
FNDA:0,(anonymous_81)
FNDA:0,(anonymous_82)
FNDA:0,(anonymous_83)
DA:1,42
DA:5,42
DA:16,229
DA:17,5
DA:18,2
DA:313,42
DA:317,99
DA:319,99
DA:320,2
DA:321,2
DA:322,2
DA:326,2
DA:327,2
DA:329,0
DA:337,99
DA:342,99
DA:350,0
DA:351,0
DA:352,0
DA:353,0
DA:354,0
DA:355,0
DA:360,0
DA:363,99
DA:364,99
DA:365,99
DA:366,99
DA:367,99
DA:371,99
DA:372,99
DA:373,99
DA:374,99
DA:375,99
DA:376,99
DA:377,99
DA:378,99
DA:379,99
DA:380,99
DA:391,114
DA:398,114
DA:401,99
DA:403,101
DA:404,101
DA:405,101
DA:406,101
DA:424,101
DA:425,101
DA:426,101
DA:433,1
DA:434,1
DA:467,41
DA:468,93
DA:469,21
DA:472,72
DA:473,130
DA:474,30
DA:477,100
DA:483,9
DA:485,9
DA:486,9
DA:489,91
DA:496,0
DA:497,0
DA:500,91
DA:504,41
DA:505,78
DA:508,41
DA:509,20
DA:513,20
DA:514,29
DA:515,29
DA:516,29
DA:517,8
DA:519,21
DA:520,21
DA:524,0
DA:528,41
DA:529,5
DA:530,2
DA:531,2
DA:532,2
DA:534,39
DA:535,5
DA:537,41
DA:539,41
DA:540,0
DA:542,0
DA:543,0
DA:546,0
DA:548,0
DA:553,67
DA:562,14
DA:563,13
DA:564,12
DA:565,12
DA:566,0
DA:568,12
DA:569,12
DA:570,12
DA:571,7
DA:573,12
DA:587,4
DA:589,4
DA:598,0
DA:599,0
DA:604,0
DA:605,0
DA:606,0
DA:608,0
DA:611,52
DA:612,52
DA:613,52
DA:617,99
DA:623,17
DA:624,17
DA:635,17
DA:637,17
DA:638,17
DA:639,10
DA:645,10
DA:646,6
DA:650,17
DA:657,2
DA:658,2
DA:665,15
DA:666,13
DA:667,7
DA:670,6
DA:671,6
DA:672,0
DA:675,6
DA:679,15
DA:688,2
DA:689,2
DA:690,0
DA:693,2
DA:694,2
DA:695,2
DA:702,6
DA:704,6
DA:707,52
DA:708,52
DA:709,52
DA:713,99
DA:719,60
DA:720,60
DA:734,60
DA:735,60
DA:744,0
DA:745,0
DA:746,0
DA:750,0
DA:755,0
DA:756,0
DA:759,19
DA:760,52
DA:765,52
DA:766,52
DA:767,52
DA:771,99
DA:777,0
DA:778,0
DA:785,0
DA:789,0
DA:790,0
DA:797,0
DA:798,0
DA:799,0
DA:802,52
DA:803,52
DA:804,52
DA:808,99
DA:816,0
DA:822,0
DA:823,0
DA:830,7
DA:832,16
DA:834,6
DA:835,13
DA:838,52
DA:839,52
DA:840,52
DA:844,99
DA:850,0
DA:856,0
DA:857,0
DA:864,0
DA:867,0
DA:869,0
DA:878,0
DA:879,0
DA:880,0
DA:882,0
DA:883,0
DA:884,0
DA:893,0
DA:894,0
DA:895,0
DA:896,0
DA:897,0
DA:900,0
DA:903,52
DA:904,52
DA:905,52
DA:909,99
DA:915,10
DA:920,10
DA:921,10
DA:928,9
DA:931,9
DA:933,9
DA:942,0
DA:943,0
DA:944,0
DA:946,0
DA:947,0
DA:948,0
DA:957,59
DA:958,52
DA:959,52
DA:960,52
DA:963,7
DA:964,7
DA:965,7
DA:966,10
DA:967,5
DA:968,5
DA:971,7
DA:975,99
DA:981,1
DA:982,0
DA:984,1
DA:985,1
DA:993,1
DA:994,1
DA:1001,0
DA:1002,0
DA:1013,0
DA:1014,0
DA:1015,0
DA:1016,0
DA:1018,0
DA:1019,0
DA:1020,0
DA:1022,0
DA:1023,0
DA:1031,0
DA:1032,0
DA:1041,0
DA:1042,0
DA:1043,0
DA:1046,0
DA:1047,0
DA:1049,0
DA:1050,0
DA:1051,0
DA:1054,52
DA:1055,52
DA:1056,52
DA:1060,99
DA:1067,0
DA:1070,0
DA:1081,1
DA:1084,1
DA:1085,1
DA:1086,0
DA:1091,0
DA:1092,0
DA:1094,1
DA:1119,1
DA:1120,1
DA:1133,6
DA:1134,6
DA:1135,6
DA:1136,6
DA:1139,6
DA:1141,11
DA:1147,6
DA:1158,6
DA:1159,11
DA:1161,11
DA:1162,6
DA:1171,11
DA:1172,11
DA:1173,11
DA:1175,11
DA:1176,9
DA:1179,11
DA:1180,2
DA:1185,6
DA:1186,1
DA:1189,6
DA:1196,11
DA:1201,52
DA:1202,52
DA:1203,52
DA:1204,52
DA:1205,52
DA:1206,52
DA:1207,52
DA:1208,52
DA:1209,52
DA:1210,52
DA:1211,52
DA:1212,52
DA:1213,52
DA:1214,52
DA:1215,52
DA:1216,52
DA:1221,2
DA:1224,99
DA:1225,99
DA:1227,99
DA:1233,1
DA:1234,1
DA:1245,1
DA:1246,1
DA:1247,0
DA:1252,0
DA:1253,0
DA:1255,1
DA:1256,1
DA:1262,1
DA:1263,1
DA:1267,99
DA:1281,0
DA:1282,0
DA:1291,0
DA:1292,0
DA:1301,0
DA:1302,0
DA:1303,0
DA:1304,0
DA:1305,0
DA:1306,0
DA:1310,0
DA:1311,0
DA:1313,0
DA:1320,0
DA:1321,0
DA:1330,0
DA:1331,0
DA:1332,0
DA:1334,0
DA:1339,0
DA:1340,0
LF:346
LH:229
BRDA:16,0,0,224
BRDA:16,0,1,5
BRDA:17,1,0,2
BRDA:17,1,1,3
BRDA:319,2,0,2
BRDA:319,2,1,97
BRDA:324,3,0,2
BRDA:324,3,1,2
BRDA:338,4,0,99
BRDA:338,4,1,99
BRDA:350,5,0,0
BRDA:350,5,1,0
BRDA:354,6,0,0
BRDA:354,6,1,0
BRDA:356,7,0,0
BRDA:356,7,1,0
BRDA:408,8,0,101
BRDA:408,8,1,58
BRDA:409,9,0,101
BRDA:409,9,1,38
BRDA:410,10,0,101
BRDA:410,10,1,53
BRDA:411,11,0,101
BRDA:411,11,1,97
BRDA:412,12,0,101
BRDA:412,12,1,101
BRDA:413,13,0,101
BRDA:413,13,1,86
BRDA:414,14,0,101
BRDA:414,14,1,94
BRDA:415,15,0,101
BRDA:415,15,1,100
BRDA:416,16,0,101
BRDA:416,16,1,99
BRDA:417,17,0,101
BRDA:417,17,1,100
BRDA:418,18,0,101
BRDA:418,18,1,101
BRDA:419,19,0,101
BRDA:419,19,1,101
BRDA:420,20,0,101
BRDA:420,20,1,101
BRDA:421,21,0,101
BRDA:421,21,1,99
BRDA:434,22,0,1
BRDA:434,22,1,0
BRDA:436,23,0,0
BRDA:468,24,0,21
BRDA:468,24,1,72
BRDA:473,25,0,30
BRDA:473,25,1,100
BRDA:477,26,0,9
BRDA:477,26,1,91
BRDA:478,27,0,100
BRDA:478,27,1,100
BRDA:478,27,2,9
BRDA:478,27,3,9
BRDA:478,27,4,9
BRDA:485,28,0,0
BRDA:485,28,1,9
BRDA:486,29,0,9
BRDA:486,29,1,9
BRDA:486,29,2,9
BRDA:489,30,0,0
BRDA:489,30,1,91
BRDA:490,31,0,91
BRDA:490,31,1,0
BRDA:490,31,2,0
BRDA:490,31,3,0
BRDA:490,31,4,0
BRDA:497,32,0,0
BRDA:497,32,1,0
BRDA:504,33,0,33
BRDA:504,33,1,8
BRDA:508,34,0,20
BRDA:508,34,1,21
BRDA:516,35,0,8
BRDA:516,35,1,21
BRDA:516,36,0,29
BRDA:516,36,1,8
BRDA:517,37,0,4
BRDA:517,37,1,4
BRDA:519,38,0,21
BRDA:519,38,1,0
BRDA:519,39,0,21
BRDA:519,39,1,21
BRDA:520,40,0,8
BRDA:520,40,1,13
BRDA:528,41,0,2
BRDA:528,41,1,39
BRDA:528,42,0,41
BRDA:528,42,1,2
BRDA:530,43,0,2
BRDA:530,43,1,0
BRDA:531,44,0,2
BRDA:531,44,1,0
BRDA:534,45,0,5
BRDA:534,45,1,34
BRDA:537,46,0,16
BRDA:537,46,1,25
BRDA:539,47,0,0
BRDA:539,47,1,41
BRDA:565,48,0,0
BRDA:565,48,1,12
BRDA:570,49,0,7
BRDA:570,49,1,5
BRDA:570,50,0,12
BRDA:570,50,1,8
BRDA:575,51,0,0
BRDA:589,52,0,4
BRDA:589,52,1,1
BRDA:599,53,0,0
BRDA:599,53,1,0
BRDA:600,54,0,0
BRDA:600,54,1,0
BRDA:600,54,2,0
BRDA:626,55,0,17
BRDA:626,55,1,17
BRDA:627,56,0,17
BRDA:627,56,1,17
BRDA:628,57,0,17
BRDA:628,57,1,11
BRDA:629,58,0,17
BRDA:629,58,1,17
BRDA:630,59,0,17
BRDA:630,59,1,17
BRDA:638,60,0,10
BRDA:638,60,1,7
BRDA:645,61,0,6
BRDA:645,61,1,4
BRDA:658,62,0,2
BRDA:658,62,1,0
BRDA:660,63,0,1
BRDA:666,64,0,7
BRDA:666,64,1,6
BRDA:671,65,0,0
BRDA:671,65,1,6
BRDA:689,66,0,0
BRDA:689,66,1,2
BRDA:697,67,0,0
BRDA:704,68,0,6
BRDA:704,68,1,2
BRDA:721,69,0,60
BRDA:721,69,1,60
BRDA:722,70,0,60
BRDA:722,70,1,60
BRDA:723,71,0,60
BRDA:723,71,1,60
BRDA:724,72,0,60
BRDA:724,72,1,60
BRDA:725,73,0,60
BRDA:725,73,1,60
BRDA:726,74,0,60
BRDA:726,74,1,44
BRDA:727,75,0,60
BRDA:727,75,1,0
BRDA:728,76,0,60
BRDA:728,76,1,53
BRDA:730,77,0,60
BRDA:730,77,1,60
BRDA:745,78,0,0
BRDA:745,78,1,0
BRDA:778,79,0,0
BRDA:778,79,1,0
BRDA:797,80,0,0
BRDA:797,80,1,0
BRDA:799,81,0,0
BRDA:799,81,1,0
BRDA:819,82,0,0
BRDA:819,82,1,0
BRDA:825,83,0,0
BRDA:832,84,0,16
BRDA:832,84,1,16
BRDA:853,85,0,0
BRDA:853,85,1,0
BRDA:864,86,0,0
BRDA:864,86,1,0
BRDA:869,87,0,0
BRDA:869,87,1,0
BRDA:879,88,0,0
BRDA:879,88,1,0
BRDA:895,89,0,0
BRDA:895,89,1,0
BRDA:895,90,0,0
BRDA:895,90,1,0
BRDA:928,91,0,0
BRDA:928,91,1,9
BRDA:933,92,0,5
BRDA:933,92,1,4
BRDA:943,93,0,0
BRDA:943,93,1,0
BRDA:950,94,0,52
BRDA:957,95,0,52
BRDA:957,95,1,7
BRDA:966,96,0,5
BRDA:966,96,1,5
BRDA:981,97,0,0
BRDA:981,97,1,1
BRDA:987,98,0,1
BRDA:987,98,1,0
BRDA:988,99,0,1
BRDA:988,99,1,0
BRDA:989,100,0,1
BRDA:989,100,1,0
BRDA:1002,101,0,0
BRDA:1002,101,1,0
BRDA:1014,102,0,0
BRDA:1014,102,1,0
BRDA:1025,103,0,0
BRDA:1025,103,1,0
BRDA:1026,104,0,0
BRDA:1026,104,1,0
BRDA:1027,105,0,0
BRDA:1027,105,1,0
BRDA:1042,106,0,0
BRDA:1042,106,1,0
BRDA:1070,107,0,0
BRDA:1070,107,1,0
BRDA:1085,108,0,0
BRDA:1085,108,1,1
BRDA:1095,109,0,1
BRDA:1095,109,1,1
BRDA:1097,110,0,1
BRDA:1097,110,1,1
BRDA:1098,111,0,1
BRDA:1098,111,1,1
BRDA:1099,112,0,1
BRDA:1099,112,1,1
BRDA:1100,113,0,1
BRDA:1100,113,1,1
BRDA:1101,114,0,1
BRDA:1101,114,1,1
BRDA:1102,115,0,1
BRDA:1102,115,1,1
BRDA:1103,116,0,1
BRDA:1103,116,1,1
BRDA:1104,117,0,1
BRDA:1104,117,1,1
BRDA:1105,118,0,1
BRDA:1105,118,1,1
BRDA:1106,119,0,1
BRDA:1106,119,1,1
BRDA:1107,120,0,1
BRDA:1107,120,1,1
BRDA:1108,121,0,1
BRDA:1108,121,1,1
BRDA:1109,122,0,1
BRDA:1109,122,1,1
BRDA:1110,123,0,1
BRDA:1110,123,1,1
BRDA:1111,124,0,1
BRDA:1111,124,1,1
BRDA:1112,125,0,1
BRDA:1112,125,1,1
BRDA:1113,126,0,1
BRDA:1113,126,1,1
BRDA:1114,127,0,1
BRDA:1114,127,1,1
BRDA:1133,128,0,6
BRDA:1133,128,1,0
BRDA:1141,129,0,11
BRDA:1141,129,1,11
BRDA:1141,129,2,11
BRDA:1161,130,0,6
BRDA:1161,130,1,5
BRDA:1175,131,0,9
BRDA:1175,131,1,2
BRDA:1175,132,0,11
BRDA:1175,132,1,3
BRDA:1179,133,0,2
BRDA:1179,133,1,9
BRDA:1234,134,0,0
BRDA:1234,134,1,1
BRDA:1246,135,0,0
BRDA:1246,135,1,1
BRDA:1302,136,0,0
BRDA:1302,136,1,0
BRDA:1305,137,0,0
BRDA:1305,137,1,0
BRDA:1310,138,0,0
BRDA:1310,138,1,0
BRDA:1321,139,0,0
BRDA:1321,139,1,0
BRDA:1331,140,0,0
BRDA:1331,140,1,0
BRF:285
BRH:195
end_of_record
TN:
SF:src\stellar\blockchain-listener.service.ts
FN:53,(anonymous_1)
FN:65,(anonymous_2)
FN:77,(anonymous_3)
FN:112,(anonymous_4)
FNF:4
FNH:4
FNDA:23,(anonymous_1)
FNDA:19,(anonymous_2)
FNDA:15,(anonymous_3)
FNDA:4,(anonymous_4)
DA:1,4
DA:2,4
DA:46,4
DA:47,17
DA:55,23
DA:56,17
DA:68,19
DA:69,4
DA:72,4
DA:75,15
DA:76,15
DA:77,15
DA:78,10
DA:82,9
DA:86,9
DA:96,6
DA:103,6
DA:115,4
DA:116,3
DA:117,3
DA:118,8
DA:119,8
DA:120,7
DA:122,1
DA:134,3
LF:25
LH:25
BRDA:55,0,0,21
BRDA:55,0,1,2
BRDA:68,1,0,4
BRDA:68,1,1,15
BRDA:68,2,0,19
BRDA:68,2,1,16
BRDA:76,3,0,14
BRDA:76,3,1,1
BRDA:78,4,0,7
BRDA:78,4,1,3
BRDA:82,5,0,7
BRDA:82,5,1,2
BRDA:82,6,0,9
BRDA:82,6,1,2
BRDA:100,7,0,6
BRDA:100,7,1,0
BRDA:115,8,0,1
BRDA:115,8,1,3
BRDA:120,9,0,3
BRDA:120,9,1,4
BRDA:128,10,0,1
BRDA:128,10,1,0
BRDA:130,11,0,1
BRDA:130,11,1,0
BRF:24
BRH:21
end_of_record
TN:
SF:src\stellar\contract-call-failed.exception.ts
FN:2,(anonymous_0)
FNF:1
FNH:1
FNDA:1,(anonymous_0)
DA:1,15
DA:3,1
DA:4,1
LF:3
LH:3
BRDA:2,0,0,1
BRF:1
BRH:1
end_of_record
TN:
SF:src\stellar\contract.constants.ts
FNF:0
FNH:0
DA:10,15
LF:1
LH:1
BRF:0
BRH:0
end_of_record
TN:
SF:src\stellar\contract.service.ts
FN:18,(anonymous_4)
FN:25,(anonymous_5)
FN:57,(anonymous_6)
FN:114,(anonymous_7)
FN:138,(anonymous_8)
FN:157,(anonymous_9)
FN:178,(anonymous_10)
FNF:7
FNH:4
FNDA:9,(anonymous_4)
FNDA:0,(anonymous_5)
FNDA:6,(anonymous_6)
FNDA:0,(anonymous_7)
FNDA:0,(anonymous_8)
FNDA:1,(anonymous_9)
FNDA:5,(anonymous_10)
DA:1,15
DA:2,15
DA:3,15
DA:4,15
DA:17,15
DA:21,9
DA:29,0
DA:30,0
DA:32,0
DA:37,0
DA:38,0
DA:40,0
DA:41,0
DA:43,0
DA:62,6
DA:63,0
DA:66,6
DA:67,6
DA:71,9
DA:73,9
DA:74,9
DA:81,5
DA:82,1
DA:85,4
DA:86,0
DA:89,4
DA:91,5
DA:92,1
DA:95,4
DA:96,3
DA:97,3
DA:100,1
DA:101,1
DA:104,0
DA:110,0
DA:117,0
DA:118,0
DA:120,0
DA:121,0
DA:125,0
DA:133,0
DA:139,0
DA:140,0
DA:142,0
DA:147,0
DA:148,0
DA:150,0
DA:151,0
DA:153,0
DA:158,1
DA:159,0
DA:162,1
DA:167,1
DA:168,0
DA:171,1
DA:172,0
DA:175,1
DA:179,5
LF:58
LH:29
BRDA:29,0,0,0
BRDA:29,0,1,0
BRDA:37,1,0,0
BRDA:37,1,1,0
BRDA:37,2,0,0
BRDA:37,2,1,0
BRDA:40,3,0,0
BRDA:40,3,1,0
BRDA:60,4,0,4
BRDA:62,5,0,0
BRDA:62,5,1,6
BRDA:81,6,0,1
BRDA:81,6,1,4
BRDA:81,7,0,5
BRDA:81,7,1,5
BRDA:85,8,0,0
BRDA:85,8,1,4
BRDA:91,9,0,1
BRDA:91,9,1,4
BRDA:95,10,0,3
BRDA:95,10,1,1
BRDA:95,11,0,4
BRDA:95,11,1,4
BRDA:100,12,0,1
BRDA:100,12,1,0
BRDA:105,13,0,0
BRDA:105,13,1,0
BRDA:117,14,0,0
BRDA:117,14,1,0
BRDA:127,15,0,0
BRDA:127,15,1,0
BRDA:129,16,0,0
BRDA:129,16,1,0
BRDA:139,17,0,0
BRDA:139,17,1,0
BRDA:147,18,0,0
BRDA:147,18,1,0
BRDA:147,19,0,0
BRDA:147,19,1,0
BRDA:150,20,0,0
BRDA:150,20,1,0
BRDA:158,21,0,0
BRDA:158,21,1,1
BRDA:167,22,0,0
BRDA:167,22,1,1
BRDA:167,23,0,1
BRDA:167,23,1,1
BRDA:171,24,0,0
BRDA:171,24,1,1
BRDA:180,25,0,5
BRDA:180,25,1,5
BRF:51
BRH:21
end_of_record
TN:
SF:src\stellar\currency.config.ts
FN:28,formatBalance
FN:39,getAsset
FNF:2
FNH:0
FNDA:0,formatBalance
FNDA:0,getAsset
DA:8,0
DA:28,0
DA:32,0
DA:33,0
DA:34,0
DA:35,0
DA:36,0
DA:39,0
DA:40,0
DA:41,0
DA:42,0
LF:11
LH:0
BRDA:22,0,0,0
BRDA:22,0,1,0
BRDA:41,1,0,0
BRDA:41,1,1,0
BRF:4
BRH:0
end_of_record
TN:
SF:src\stellar\cursor.service.ts
FN:15,(anonymous_2)
FN:21,(anonymous_3)
FN:41,(anonymous_4)
FNF:3
FNH:3
FNDA:8,(anonymous_2)
FNDA:4,(anonymous_3)
FNDA:3,(anonymous_4)
DA:1,5
DA:2,5
DA:11,5
DA:12,8
DA:13,5
DA:15,8
DA:22,4
DA:23,4
DA:26,3
DA:28,1
DA:32,1
DA:42,3
DA:43,3
DA:49,1
LF:14
LH:14
BRDA:26,0,0,3
BRDA:26,0,1,2
BRDA:30,1,0,1
BRDA:30,1,1,0
BRDA:51,2,0,1
BRDA:51,2,1,0
BRDA:15,3,0,5
BRDA:15,3,1,0
BRDA:15,4,0,5
BRDA:15,4,1,5
BRF:10
BRH:7
end_of_record
TN:
SF:src\stellar\event-replay.service.ts
FN:12,(anonymous_3)
FN:19,(anonymous_4)
FNF:2
FNH:2
FNDA:11,(anonymous_3)
FNDA:9,(anonymous_4)
DA:1,4
DA:2,4
DA:3,4
DA:5,4
DA:6,4
DA:9,4
DA:10,11
DA:13,11
DA:14,11
DA:15,11
DA:20,9
DA:21,9
DA:23,9
DA:27,9
DA:29,9
DA:30,9
DA:31,9
DA:34,8
DA:36,8
DA:37,206
DA:52,206
DA:53,206
DA:55,1
DA:60,8
DA:61,5
DA:62,5
DA:63,5
DA:66,8
DA:68,1
LF:29
LH:29
BRDA:21,0,0,9
BRDA:21,0,1,0
BRDA:23,1,0,1
BRDA:23,1,1,8
BRDA:29,2,0,1
BRDA:29,2,1,8
BRDA:34,3,0,8
BRDA:34,3,1,0
BRDA:38,4,0,206
BRDA:38,4,1,0
BRDA:39,5,0,206
BRDA:39,5,1,0
BRDA:41,6,0,206
BRDA:41,6,1,0
BRDA:44,7,0,3
BRDA:44,7,1,203
BRDA:45,8,0,3
BRDA:45,8,1,203
BRDA:47,9,0,5
BRDA:47,9,1,201
BRDA:60,10,0,5
BRDA:60,10,1,3
BRDA:62,11,0,5
BRDA:62,11,1,1
BRDA:70,12,0,1
BRDA:70,12,1,0
BRDA:13,13,0,4
BRDA:13,13,1,0
BRDA:13,14,0,4
BRDA:13,14,1,4
BRDA:13,15,0,4
BRDA:13,15,1,0
BRDA:13,16,0,4
BRDA:13,16,1,4
BRDA:14,17,0,4
BRDA:14,17,1,0
BRDA:14,18,0,4
BRDA:14,18,1,4
BRF:38
BRH:29
end_of_record
TN:
SF:src\stellar\horizon.service.ts
FN:20,(anonymous_3)
FN:26,(anonymous_4)
FN:30,(anonymous_5)
FN:63,(anonymous_6)
FNF:4
FNH:4
FNDA:6,(anonymous_3)
FNDA:5,(anonymous_4)
FNDA:2,(anonymous_5)
FNDA:6,(anonymous_6)
DA:1,1
DA:2,1
DA:4,1
DA:16,1
DA:18,6
DA:21,6
DA:27,5
DA:35,2
DA:37,2
DA:38,7
DA:39,7
DA:45,7
DA:46,0
DA:49,7
DA:50,7
DA:51,1
DA:58,0
DA:59,0
DA:63,6
DA:66,1
LF:20
LH:17
BRDA:22,0,0,6
BRDA:22,0,1,4
BRDA:22,0,2,1
BRDA:32,1,0,0
BRDA:33,2,0,0
BRDA:45,3,0,0
BRDA:45,3,1,7
BRDA:49,4,0,7
BRDA:49,4,1,0
BRDA:50,5,0,1
BRDA:50,5,1,6
BRDA:58,6,0,0
BRDA:58,6,1,0
BRF:13
BRH:7
end_of_record
TN:
SF:src\stellar\stellar.module.ts
FN:11,(anonymous_1)
FNF:1
FNH:1
FNDA:6,(anonymous_1)
DA:1,3
DA:2,3
DA:3,3
DA:4,3
DA:5,3
DA:6,3
DA:7,3
DA:8,3
DA:11,6
DA:21,3
LF:10
LH:10
BRF:0
BRH:0
end_of_record
TN:
SF:src\stellar\stellar.tokens.ts
FNF:0
FNH:0
DA:1,15
LF:1
LH:1
BRF:0
BRH:0
end_of_record
TN:
SF:src\stress-test\stress-test.controller.ts
FN:21,(anonymous_4)
FN:24,(anonymous_5)
FN:32,(anonymous_6)
FN:37,(anonymous_7)
FNF:4
FNH:1
FNDA:2,(anonymous_4)
FNDA:0,(anonymous_5)
FNDA:0,(anonymous_6)
FNDA:0,(anonymous_7)
DA:1,3
DA:10,3
DA:11,3
DA:12,3
DA:13,3
DA:18,3
DA:19,2
DA:21,2
DA:24,3
DA:27,0
DA:28,0
DA:32,3
DA:33,0
DA:37,3
DA:38,0
LF:15
LH:11
BRDA:25,0,0,3
BRDA:25,0,1,0
BRDA:25,1,0,3
BRDA:25,1,1,3
BRDA:26,2,0,3
BRDA:26,2,1,0
BRDA:26,3,0,3
BRDA:26,3,1,3
BRDA:21,4,0,3
BRDA:21,4,1,0
BRDA:21,5,0,3
BRDA:21,5,1,3
BRF:12
BRH:9
end_of_record
TN:
SF:src\stress-test\stress-test.module.ts
FNF:0
FNH:0
DA:1,3
DA:2,3
DA:3,3
DA:4,3
DA:5,3
DA:6,3
DA:7,3
DA:15,3
LF:8
LH:8
BRF:0
BRH:0
end_of_record
TN:
SF:src\stress-test\stress-test.service.ts
FN:22,(anonymous_2)
FN:28,(anonymous_3)
FN:87,(anonymous_4)
FN:137,(anonymous_5)
FN:182,(anonymous_6)
FN:187,(anonymous_7)
FN:188,(anonymous_8)
FN:190,(anonymous_9)
FN:191,(anonymous_10)
FN:197,(anonymous_11)
FN:230,(anonymous_12)
FN:276,(anonymous_13)
FN:298,(anonymous_14)
FN:305,(anonymous_15)
FN:319,(anonymous_16)
FN:336,(anonymous_17)
FN:341,(anonymous_18)
FN:345,(anonymous_19)
FNF:18
FNH:18
FNDA:11,(anonymous_2)
FNDA:7,(anonymous_3)
FNDA:7,(anonymous_4)
FNDA:11,(anonymous_5)
FNDA:7,(anonymous_6)
FNDA:21,(anonymous_7)
FNDA:21,(anonymous_8)
FNDA:21,(anonymous_9)
FNDA:16,(anonymous_10)
FNDA:21,(anonymous_11)
FNDA:1,(anonymous_12)
FNDA:7,(anonymous_13)
FNDA:7,(anonymous_14)
FNDA:2,(anonymous_15)
FNDA:7,(anonymous_16)
FNDA:1,(anonymous_17)
FNDA:1,(anonymous_18)
FNDA:7,(anonymous_19)
DA:1,4
DA:2,4
DA:14,4
DA:15,4
DA:18,4
DA:19,11
DA:20,11
DA:23,11
DA:24,11
DA:29,7
DA:30,7
DA:32,7
DA:51,7
DA:53,7
DA:54,7
DA:55,7
DA:56,7
DA:58,7
DA:65,7
DA:68,7
DA:69,7
DA:70,7
DA:71,7
DA:73,7
DA:74,7
DA:76,0
DA:77,0
DA:78,0
DA:79,0
DA:80,0
DA:83,7
DA:84,7
DA:93,7
DA:95,7
DA:96,7
DA:98,7
DA:103,7
DA:104,7
DA:108,7
DA:110,7
DA:111,11
DA:122,7
DA:124,7
DA:130,7
DA:131,1
DA:134,7
DA:144,11
DA:145,21
DA:147,21
DA:148,21
DA:157,18
DA:159,18
DA:166,3
DA:167,3
DA:171,3
DA:187,21
DA:188,21
DA:189,7
DA:190,21
DA:191,16
DA:193,7
DA:194,7
DA:195,7
DA:197,21
DA:198,7
DA:199,7
DA:201,7
DA:202,7
DA:203,7
DA:205,7
DA:206,7
DA:207,7
DA:209,7
DA:210,7
DA:212,7
DA:234,1
DA:235,1
DA:237,1
DA:238,0
DA:249,1
DA:250,0
DA:261,1
DA:262,1
DA:273,1
DA:277,7
DA:278,7
DA:279,7
DA:280,7
DA:281,7
DA:283,7
DA:284,7
DA:285,7
DA:286,7
DA:288,7
DA:289,21
DA:290,21
DA:293,7
DA:297,7
DA:299,7
DA:305,2
DA:307,7
DA:320,7
DA:321,6
DA:322,6
DA:325,1
DA:327,1
DA:328,1
DA:329,1
DA:337,1
DA:342,1
DA:346,7
LF:111
LH:104
BRDA:62,0,0,7
BRDA:62,0,1,6
BRDA:79,1,0,0
BRDA:79,1,1,0
BRDA:91,2,0,0
BRDA:95,3,0,7
BRDA:95,3,1,0
BRDA:114,4,0,11
BRDA:114,4,1,0
BRDA:130,5,0,1
BRDA:130,5,1,6
BRDA:130,6,0,7
BRDA:130,6,1,1
BRDA:163,7,0,18
BRDA:163,7,1,18
BRDA:174,8,0,3
BRDA:174,8,1,3
BRDA:198,9,0,7
BRDA:198,9,1,7
BRDA:199,10,0,7
BRDA:199,10,1,3
BRDA:205,11,0,7
BRDA:205,11,1,3
BRDA:206,12,0,7
BRDA:206,12,1,3
BRDA:207,13,0,7
BRDA:207,13,1,3
BRDA:237,14,0,0
BRDA:237,14,1,1
BRDA:249,15,0,0
BRDA:249,15,1,1
BRDA:261,16,0,1
BRDA:261,16,1,0
BRDA:297,17,0,7
BRDA:297,17,1,2
BRDA:299,18,0,7
BRDA:299,18,1,0
BRDA:312,19,0,7
BRDA:312,19,1,0
BRDA:314,20,0,7
BRDA:314,20,1,0
BRDA:315,21,0,7
BRDA:315,21,1,0
BRDA:320,22,0,6
BRDA:320,22,1,1
BRDA:328,23,0,0
BRDA:328,23,1,1
BRDA:23,24,0,4
BRDA:23,24,1,0
BRDA:23,25,0,4
BRDA:23,25,1,4
BRDA:23,26,0,4
BRDA:23,26,1,0
BRDA:23,27,0,4
BRDA:23,27,1,4
BRF:55
BRH:40
end_of_record
TN:
SF:src\stress-test\dto\stress-test-config.dto.ts
FNF:0
FNH:0
DA:1,3
DA:10,3
DA:12,3
DA:22,3
DA:31,3
DA:40,3
DA:47,3
DA:56,3
DA:65,3
DA:68,3
DA:76,3
DA:87,3
DA:96,3
DA:99,3
DA:105,3
DA:112,3
DA:119,3
DA:130,3
DA:138,3
LF:19
LH:19
BRDA:65,0,0,0
BRDA:65,0,1,3
BRDA:65,1,0,3
BRDA:65,1,1,0
BRF:4
BRH:2
end_of_record
TN:
SF:src\tracing\prisma-tracing.wrapper.ts
FN:14,isTracedModel
FN:22,wrapPrismaWithTracing
FN:27,(anonymous_2)
FN:51,wrapModelDelegate
FN:64,(anonymous_4)
FN:65,(anonymous_5)
FNF:6
FNH:6
FNDA:9,isTracedModel
FNDA:8,wrapPrismaWithTracing
FNDA:9,(anonymous_2)
FNDA:7,wrapModelDelegate
FNDA:7,(anonymous_4)
FNDA:7,(anonymous_5)
DA:4,5
DA:15,9
DA:22,5
DA:26,8
DA:28,9
DA:30,9
DA:31,7
DA:38,2
DA:39,2
DA:44,0
DA:48,8
DA:56,7
DA:58,7
DA:59,19
DA:60,0
DA:61,0
DA:64,19
DA:65,7
DA:66,7
DA:70,7
LF:20
LH:17
BRDA:30,0,0,7
BRDA:30,0,1,2
BRDA:30,1,0,9
BRDA:30,1,1,9
BRDA:30,1,2,7
BRDA:38,2,0,2
BRDA:38,2,1,0
BRDA:59,3,0,0
BRDA:59,3,1,19
BRF:9
BRH:7
end_of_record
TN:
SF:src\tracing\tracing.bootstrap.ts
FN:52,(anonymous_0)
FN:59,isTracingEnabled
FNF:2
FNH:1
FNDA:0,(anonymous_0)
FNDA:76,isTracingEnabled
DA:7,9
DA:8,9
DA:9,9
DA:10,9
DA:11,9
DA:12,9
DA:13,9
DA:18,9
DA:19,9
DA:23,9
DA:24,0
DA:26,0
DA:27,0
DA:28,0
DA:33,0
DA:50,0
DA:52,0
DA:53,0
DA:55,0
DA:56,0
DA:59,9
DA:60,76
LF:22
LH:12
BRDA:19,0,0,9
BRDA:19,0,1,0
BRDA:23,1,0,0
BRDA:23,1,1,9
BRDA:26,2,0,0
BRDA:26,2,1,0
BRDA:27,3,0,0
BRDA:27,3,1,0
BRDA:38,4,0,0
BRDA:38,4,1,0
BRF:10
BRH:2
end_of_record
TN:
SF:src\tracing\tracing.interceptor.ts
FN:17,(anonymous_2)
FN:19,(anonymous_3)
FN:30,(anonymous_4)
FN:33,(anonymous_5)
FNF:4
FNH:2
FNDA:6,(anonymous_2)
FNDA:4,(anonymous_3)
FNDA:0,(anonymous_4)
FNDA:0,(anonymous_5)
DA:1,4
DA:7,4
DA:8,4
DA:9,4
DA:16,4
DA:17,6
DA:20,4
DA:21,4
DA:24,0
DA:25,0
DA:26,0
DA:27,0
DA:28,0
DA:30,0
DA:31,0
DA:33,0
LF:16
LH:8
BRDA:20,0,0,4
BRDA:20,0,1,0
BRDA:17,1,0,4
BRDA:17,1,1,0
BRDA:17,2,0,4
BRDA:17,2,1,4
BRF:6
BRH:4
end_of_record
TN:
SF:src\tracing\tracing.middleware.ts
FN:12,(anonymous_1)
FN:20,(anonymous_2)
FN:38,(anonymous_3)
FN:50,resolveWorkflow
FNF:4
FNH:2
FNDA:52,(anonymous_1)
FNDA:0,(anonymous_2)
FNDA:0,(anonymous_3)
FNDA:16,resolveWorkflow
DA:1,5
DA:2,5
DA:4,5
DA:11,5
DA:13,52
DA:14,52
DA:15,52
DA:18,0
DA:20,0
DA:21,0
DA:22,0
DA:24,0
DA:25,0
DA:26,0
DA:30,0
DA:31,0
DA:38,0
DA:39,0
DA:40,0
DA:44,0
DA:50,5
DA:51,16
DA:53,16
DA:54,12
DA:55,10
DA:56,9
DA:57,8
DA:58,7
DA:59,6
DA:60,5
DA:61,4
DA:62,3
DA:64,2
LF:33
LH:20
BRDA:13,0,0,52
BRDA:13,0,1,0
BRDA:24,1,0,0
BRDA:24,1,1,0
BRDA:28,2,0,0
BRDA:28,2,1,0
BRDA:30,3,0,0
BRDA:30,3,1,0
BRDA:39,4,0,0
BRDA:39,4,1,0
BRDA:51,5,0,16
BRDA:51,5,1,0
BRDA:53,6,0,4
BRDA:53,6,1,12
BRDA:54,7,0,2
BRDA:54,7,1,10
BRDA:55,8,0,1
BRDA:55,8,1,9
BRDA:56,9,0,1
BRDA:56,9,1,8
BRDA:57,10,0,1
BRDA:57,10,1,7
BRDA:58,11,0,1
BRDA:58,11,1,6
BRDA:59,12,0,1
BRDA:59,12,1,5
BRDA:60,13,0,1
BRDA:60,13,1,4
BRDA:61,14,0,1
BRDA:61,14,1,3
BRDA:62,15,0,1
BRDA:62,15,1,2
BRF:32
BRH:22
end_of_record
TN:
SF:src\tracing\tracing.module.ts
FNF:0
FNH:0
DA:1,3
DA:2,3
DA:3,3
DA:4,3
DA:17,3
LF:5
LH:5
BRF:0
BRH:0
end_of_record
TN:
SF:src\tracing\tracing.service.ts
FN:25,(anonymous_1)
FN:30,(anonymous_2)
FN:37,(anonymous_3)
FN:47,(anonymous_4)
FN:69,(anonymous_5)
FN:88,(anonymous_6)
FN:103,(anonymous_7)
FN:123,(anonymous_8)
FNF:8
FNH:7
FNDA:21,(anonymous_1)
FNDA:2,(anonymous_2)
FNDA:1,(anonymous_3)
FNDA:10,(anonymous_4)
FNDA:3,(anonymous_5)
FNDA:13,(anonymous_6)
FNDA:0,(anonymous_7)
FNDA:1,(anonymous_8)
DA:1,7
DA:2,7
DA:10,7
DA:21,7
DA:22,26
DA:26,21
DA:31,2
DA:40,1
DA:41,1
DA:52,10
DA:74,3
DA:93,13
DA:94,13
DA:97,0
DA:104,0
DA:105,0
DA:106,0
DA:107,0
DA:109,0
DA:110,0
DA:114,0
DA:116,0
DA:126,1
DA:127,1
DA:128,0
LF:25
LH:15
BRDA:38,0,0,1
BRDA:93,1,0,13
BRDA:93,1,1,0
BRDA:100,2,0,0
BRDA:100,2,1,0
BRDA:112,3,0,0
BRDA:112,3,1,0
BRDA:127,4,0,0
BRDA:127,4,1,1
BRF:9
BRH:3
end_of_record
TN:
SF:src\vendor\vendor-profile.controller.ts
FN:31,(anonymous_4)
FN:49,(anonymous_5)
FN:67,(anonymous_6)
FN:88,(anonymous_7)
FN:107,(anonymous_8)
FN:126,(anonymous_9)
FN:149,(anonymous_10)
FNF:7
FNH:1
FNDA:2,(anonymous_4)
FNDA:0,(anonymous_5)
FNDA:0,(anonymous_6)
FNDA:0,(anonymous_7)
FNDA:0,(anonymous_8)
FNDA:0,(anonymous_9)
FNDA:0,(anonymous_10)
DA:1,3
DA:12,3
DA:18,3
DA:20,3
DA:21,3
DA:22,3
DA:23,3
DA:24,3
DA:30,3
DA:31,2
DA:49,3
DA:50,0
DA:67,3
DA:68,0
DA:88,3
DA:89,0
DA:107,3
DA:108,0
DA:126,3
DA:127,0
DA:149,3
DA:153,0
LF:22
LH:16
BRDA:49,0,0,3
BRDA:49,0,1,0
BRDA:49,1,0,3
BRDA:49,1,1,3
BRDA:88,2,0,3
BRDA:88,2,1,0
BRDA:88,3,0,3
BRDA:88,3,1,3
BRDA:107,4,0,3
BRDA:107,4,1,0
BRDA:107,5,0,3
BRDA:107,5,1,3
BRDA:150,6,0,3
BRDA:150,6,1,0
BRDA:150,7,0,3
BRDA:150,7,1,3
BRDA:31,8,0,3
BRDA:31,8,1,0
BRDA:31,9,0,3
BRDA:31,9,1,3
BRF:20
BRH:15
end_of_record
TN:
SF:src\vendor\vendor-profile.repository.ts
FN:14,(anonymous_2)
FN:17,(anonymous_3)
FN:33,(anonymous_4)
FN:38,(anonymous_5)
FN:61,(anonymous_6)
FN:72,(anonymous_7)
FN:114,(anonymous_8)
FNF:7
FNH:1
FNDA:2,(anonymous_2)
FNDA:0,(anonymous_3)
FNDA:0,(anonymous_4)
FNDA:0,(anonymous_5)
FNDA:0,(anonymous_6)
FNDA:0,(anonymous_7)
FNDA:0,(anonymous_8)
DA:1,5
DA:2,5
DA:13,5
DA:14,2
DA:21,0
DA:34,0
DA:42,0
DA:65,0
DA:77,0
DA:110,0
DA:117,0
DA:121,0
LF:12
LH:4
BRDA:25,0,0,0
BRDA:25,0,1,0
BRDA:26,1,0,0
BRDA:26,1,1,0
BRDA:27,2,0,0
BRDA:27,2,1,0
BRDA:47,3,0,0
BRDA:47,3,1,0
BRDA:48,4,0,0
BRDA:48,4,1,0
BRDA:49,5,0,0
BRDA:49,5,1,0
BRDA:53,6,0,0
BRDA:53,6,1,0
BRDA:54,7,0,0
BRDA:54,7,1,0
BRDA:55,8,0,0
BRDA:55,8,1,0
BRDA:81,9,0,0
BRDA:81,9,1,0
BRDA:82,10,0,0
BRDA:82,10,1,0
BRDA:83,11,0,0
BRDA:83,11,1,0
BRDA:84,12,0,0
BRDA:84,12,1,0
BRDA:85,13,0,0
BRDA:85,13,1,0
BRDA:86,14,0,0
BRDA:86,14,1,0
BRDA:89,15,0,0
BRDA:89,15,1,0
BRDA:92,16,0,0
BRDA:92,16,1,0
BRDA:95,17,0,0
BRDA:95,17,1,0
BRDA:98,18,0,0
BRDA:98,18,1,0
BRDA:101,19,0,0
BRDA:101,19,1,0
BRDA:104,20,0,0
BRDA:104,20,1,0
BRDA:122,21,0,0
BRDA:122,21,1,0
BRDA:123,22,0,0
BRDA:123,22,1,0
BRDA:124,23,0,0
BRDA:124,23,1,0
BRDA:125,24,0,0
BRDA:125,24,1,0
BRDA:126,25,0,0
BRDA:126,25,1,0
BRDA:127,26,0,0
BRDA:127,26,1,0
BRDA:128,27,0,0
BRDA:128,27,1,0
BRDA:129,28,0,0
BRDA:129,28,1,0
BRDA:131,29,0,0
BRDA:131,29,1,0
BRDA:14,30,0,5
BRDA:14,30,1,0
BRDA:14,31,0,5
BRDA:14,31,1,5
BRF:64
BRH:3
end_of_record
TN:
SF:src\vendor\vendor-profile.service.ts
FN:19,(anonymous_2)
FN:22,(anonymous_3)
FN:34,(anonymous_4)
FN:42,(anonymous_5)
FN:51,(anonymous_6)
FN:56,(anonymous_7)
FN:70,(anonymous_8)
FN:75,(anonymous_9)
FN:92,(anonymous_10)
FNF:9
FNH:6
FNDA:16,(anonymous_2)
FNDA:3,(anonymous_3)
FNDA:4,(anonymous_4)
FNDA:3,(anonymous_5)
FNDA:4,(anonymous_6)
FNDA:4,(anonymous_7)
FNDA:0,(anonymous_8)
FNDA:0,(anonymous_9)
FNDA:0,(anonymous_10)
DA:1,5
DA:15,5
DA:18,5
DA:19,16
DA:26,3
DA:27,3
DA:28,1
DA:30,2
DA:38,4
DA:43,3
DA:44,3
DA:45,2
DA:47,1
DA:55,4
DA:56,4
DA:58,4
DA:59,2
DA:62,2
DA:63,2
DA:64,1
DA:66,1
DA:74,0
DA:75,0
DA:77,0
DA:78,0
DA:83,0
DA:84,0
DA:85,0
DA:88,0
DA:95,0
LF:30
LH:21
BRDA:27,0,0,1
BRDA:27,0,1,2
BRDA:44,1,0,2
BRDA:44,1,1,1
BRDA:58,2,0,2
BRDA:58,2,1,2
BRDA:63,3,0,1
BRDA:63,3,1,1
BRDA:77,4,0,0
BRDA:77,4,1,0
BRDA:84,5,0,0
BRDA:84,5,1,0
BRDA:19,6,0,5
BRDA:19,6,1,0
BRDA:19,7,0,5
BRDA:19,7,1,5
BRF:16
BRH:11
end_of_record
TN:
SF:src\vendor\vendor.module.ts
FNF:0
FNH:0
DA:1,3
DA:2,3
DA:3,3
DA:4,3
DA:5,3
DA:6,3
DA:7,3
DA:15,3
LF:8
LH:8
BRF:0
BRH:0
end_of_record
TN:
SF:src\vendor\analytics\analytics.controller.ts
FN:28,(anonymous_4)
FN:52,(anonymous_5)
FN:93,(anonymous_6)
FNF:3
FNH:1
FNDA:2,(anonymous_4)
FNDA:0,(anonymous_5)
FNDA:0,(anonymous_6)
DA:1,3
DA:9,3
DA:16,3
DA:18,3
DA:19,3
DA:27,3
DA:28,2
DA:52,3
DA:55,0
DA:93,3
DA:98,0
DA:99,0
DA:101,0
DA:102,0
DA:103,0
DA:104,0
DA:108,0
DA:109,0
DA:112,0
LF:19
LH:9
BRDA:101,0,0,0
BRDA:101,0,1,0
BRDA:103,1,0,0
BRDA:103,1,1,0
BRDA:103,2,0,0
BRDA:103,2,1,0
BRDA:103,2,2,0
BRDA:108,3,0,0
BRDA:108,3,1,0
BRDA:54,4,0,3
BRDA:54,4,1,0
BRDA:54,5,0,3
BRDA:54,5,1,3
BRDA:97,6,0,3
BRDA:97,6,1,0
BRDA:97,7,0,3
BRDA:97,7,1,3
BRDA:28,8,0,3
BRDA:28,8,1,0
BRDA:28,9,0,3
BRDA:28,9,1,3
BRF:21
BRH:9
end_of_record
TN:
SF:src\vendor\analytics\analytics.module.ts
FNF:0
FNH:0
DA:1,3
DA:2,3
DA:3,3
DA:4,3
DA:12,3
LF:5
LH:5
BRF:0
BRH:0
end_of_record
TN:
SF:src\vendor\analytics\analytics.service.ts
FN:15,(anonymous_2)
FN:23,(anonymous_3)
FN:94,(anonymous_4)
FN:97,(anonymous_5)
FN:99,(anonymous_6)
FN:123,(anonymous_7)
FN:158,(anonymous_8)
FN:167,(anonymous_9)
FN:263,(anonymous_10)
FNF:9
FNH:8
FNDA:10,(anonymous_2)
FNDA:6,(anonymous_3)
FNDA:20,(anonymous_4)
FNDA:26,(anonymous_5)
FNDA:26,(anonymous_6)
FNDA:7,(anonymous_7)
FNDA:33,(anonymous_8)
FNDA:0,(anonymous_9)
FNDA:12,(anonymous_10)
DA:1,4
DA:2,4
DA:14,4
DA:15,10
DA:28,6
DA:29,6
DA:30,6
DA:31,6
DA:34,6
DA:57,6
DA:66,6
DA:67,6
DA:68,6
DA:69,6
DA:70,6
DA:71,6
DA:72,6
DA:74,6
DA:86,6
DA:94,20
DA:97,26
DA:98,6
DA:99,26
DA:103,6
DA:105,6
DA:129,7
DA:130,7
DA:132,7
DA:133,31
DA:135,31
DA:136,7
DA:138,24
DA:149,31
DA:152,7
DA:159,33
DA:172,0
DA:184,0
DA:198,0
DA:200,0
DA:201,0
DA:202,0
DA:203,0
DA:205,0
DA:206,0
DA:207,0
DA:210,0
DA:211,0
DA:214,0
DA:215,0
DA:218,0
DA:219,0
DA:224,0
DA:225,0
DA:227,0
DA:229,0
DA:235,0
DA:242,0
DA:244,0
DA:253,0
DA:264,12
LF:60
LH:36
BRDA:25,0,0,0
BRDA:26,1,0,0
BRDA:81,2,0,6
BRDA:81,2,1,0
BRDA:103,3,0,6
BRDA:103,3,1,0
BRDA:127,4,0,0
BRDA:135,5,0,7
BRDA:135,5,1,24
BRDA:205,6,0,0
BRDA:205,6,1,0
BRDA:210,7,0,0
BRDA:210,7,1,0
BRDA:210,8,0,0
BRDA:210,8,1,0
BRDA:214,9,0,0
BRDA:214,9,1,0
BRDA:218,10,0,0
BRDA:218,10,1,0
BRDA:224,11,0,0
BRDA:224,11,1,0
BRDA:242,12,0,0
BRDA:242,12,1,0
BRDA:15,13,0,4
BRDA:15,13,1,0
BRDA:15,14,0,4
BRDA:15,14,1,4
BRF:27
BRH:7
end_of_record
TN:
SF:src\vendor\dto\create-vendor-profile.dto.ts
FN:26,(anonymous_2)
FNF:1
FNH:0
FNDA:0,(anonymous_2)
DA:1,3
DA:8,3
DA:9,3
DA:16,3
DA:26,0
DA:27,3
DA:36,3
DA:46,3
DA:57,3
LF:9
LH:8
BRF:0
BRH:0
end_of_record
TN:
SF:src\vendor\dto\notification-preferences-response.dto.ts
FNF:0
FNH:0
DA:1,0
DA:8,0
DA:13,0
DA:19,0
DA:25,0
DA:32,0
DA:39,0
DA:45,0
DA:52,0
DA:58,0
DA:64,0
LF:11
LH:0
BRF:0
BRH:0
end_of_record
TN:
SF:src\vendor\dto\update-notification-preferences.dto.ts
FN:13,(anonymous_2)
FN:67,(anonymous_3)
FN:68,(anonymous_4)
FN:79,(anonymous_5)
FN:88,(anonymous_6)
FNF:5
FNH:1
FNDA:3,(anonymous_2)
FNDA:0,(anonymous_3)
FNDA:0,(anonymous_4)
FNDA:0,(anonymous_5)
FNDA:0,(anonymous_6)
DA:1,3
DA:10,3
DA:11,3
DA:13,3
DA:14,3
DA:15,3
DA:23,3
DA:30,3
DA:38,3
DA:46,3
DA:68,0
DA:70,3
DA:79,0
DA:80,3
DA:88,0
DA:89,3
LF:16
LH:13
BRDA:13,0,0,3
BRDA:13,0,1,3
BRDA:68,1,0,0
BRDA:68,1,1,0
BRF:4
BRH:2
end_of_record
TN:
SF:src\vendor\dto\update-vendor-profile.dto.ts
FN:27,(anonymous_2)
FNF:1
FNH:0
FNDA:0,(anonymous_2)
DA:1,3
DA:8,3
DA:9,3
DA:16,3
DA:27,0
DA:28,3
DA:37,3
DA:47,3
DA:58,3
LF:9
LH:8
BRF:0
BRH:0
end_of_record
TN:
SF:src\webhooks\stellar-webhook.controller.ts
FN:19,(anonymous_4)
FN:41,(anonymous_5)
FN:50,(anonymous_6)
FNF:3
FNH:1
FNDA:2,(anonymous_4)
FNDA:0,(anonymous_5)
FNDA:0,(anonymous_6)
DA:1,3
DA:11,3
DA:13,3
DA:14,3
DA:18,3
DA:19,2
DA:41,3
DA:46,0
DA:47,0
DA:51,0
DA:52,0
DA:54,0
LF:12
LH:7
BRDA:52,0,0,0
BRDA:52,0,1,0
BRDA:44,1,0,3
BRDA:44,1,1,0
BRDA:44,2,0,3
BRDA:44,2,1,3
BRDA:45,3,0,3
BRDA:45,3,1,0
BRDA:45,4,0,3
BRDA:45,4,1,3
BRDA:19,5,0,3
BRDA:19,5,1,0
BRDA:19,6,0,3
BRDA:19,6,1,3
BRF:14
BRH:9
end_of_record
TN:
SF:src\webhooks\stellar-webhook.service.ts
FN:32,(anonymous_13)
FN:50,(anonymous_14)
FN:118,(anonymous_15)
FN:163,(anonymous_16)
FN:202,(anonymous_17)
FN:233,(anonymous_18)
FN:242,(anonymous_19)
FNF:7
FNH:7
FNDA:27,(anonymous_13)
FNDA:26,(anonymous_14)
FNDA:200,(anonymous_15)
FNDA:26,(anonymous_16)
FNDA:214,(anonymous_17)
FNDA:14,(anonymous_18)
FNDA:1,(anonymous_19)
DA:1,6
DA:8,6
DA:9,6
DA:10,6
DA:11,6
DA:28,6
DA:29,27
DA:30,27
DA:33,27
DA:34,27
DA:36,27
DA:55,26
DA:56,26
DA:59,15
DA:64,15
DA:65,1
DA:71,1
DA:75,14
DA:76,0
DA:80,14
DA:83,14
DA:84,14
DA:87,2
DA:88,0
DA:92,2
DA:94,2
DA:97,12
DA:99,13
DA:109,13
DA:121,200
DA:122,0
DA:128,0
DA:131,200
DA:132,200
DA:133,200
DA:135,0
DA:136,0
DA:146,0
DA:149,200
DA:167,26
DA:168,26
DA:169,9
DA:175,9
DA:178,17
DA:179,3
DA:182,14
DA:188,14
DA:189,14
DA:191,14
DA:195,8
DA:203,214
DA:212,214
DA:214,14
DA:215,12
DA:218,200
DA:234,14
DA:235,2
DA:241,12
DA:242,12
DA:244,12
DA:245,11
DA:252,11
DA:256,1
DA:257,1
DA:259,1
LF:65
LH:58
BRDA:59,0,0,0
BRDA:59,0,1,15
BRDA:64,1,0,1
BRDA:64,1,1,14
BRDA:75,2,0,0
BRDA:75,2,1,14
BRDA:87,3,0,0
BRDA:87,3,1,2
BRDA:105,4,0,13
BRDA:105,4,1,0
BRDA:107,5,0,13
BRDA:107,5,1,0
BRDA:121,6,0,0
BRDA:121,6,1,200
BRDA:142,7,0,0
BRDA:142,7,1,0
BRDA:144,8,0,0
BRDA:144,8,1,0
BRDA:168,9,0,9
BRDA:168,9,1,17
BRDA:178,10,0,3
BRDA:178,10,1,14
BRDA:191,11,0,8
BRDA:191,11,1,6
BRDA:192,12,0,14
BRDA:192,12,1,10
BRDA:212,13,0,14
BRDA:212,13,1,200
BRDA:234,14,0,2
BRDA:234,14,1,12
BRDA:244,15,0,11
BRDA:244,15,1,1
BRDA:33,16,0,6
BRDA:33,16,1,0
BRDA:33,17,0,6
BRDA:33,17,1,6
BRDA:33,18,0,6
BRDA:33,18,1,0
BRDA:33,19,0,6
BRDA:33,19,1,6
BRDA:34,20,0,6
BRDA:34,20,1,0
BRDA:34,21,0,6
BRDA:34,21,1,6
BRF:44
BRH:31
end_of_record
TN:
SF:src\webhooks\webhooks.module.ts
FN:14,(anonymous_1)
FNF:1
FNH:1
FNDA:6,(anonymous_1)
DA:1,3
DA:2,3
DA:3,3
DA:4,3
DA:14,6
DA:19,3
LF:6
LH:6
BRF:0
BRH:0
end_of_record
TN:
SF:src\webhooks\dto\stellar-webhook.dto.ts
FNF:0
FNH:0
DA:1,3
DA:2,3
DA:10,3
DA:17,3
DA:25,3
DA:33,3
DA:41,3
DA:49,3
DA:57,3
DA:65,3
DA:76,3
LF:11
LH:11
BRDA:76,0,0,0
BRDA:76,0,1,3
BRDA:76,1,0,3
BRDA:76,1,1,0
BRF:4
BRH:2
end_of_record
TN:
SF:src\workers\auto-release.worker.ts
FN:23,(anonymous_2)
FN:29,(anonymous_3)
FN:34,(anonymous_4)
FN:39,(anonymous_5)
FN:46,(anonymous_6)
FN:131,(anonymous_7)
FNF:6
FNH:5
FNDA:16,(anonymous_2)
FNDA:4,(anonymous_3)
FNDA:0,(anonymous_4)
FNDA:5,(anonymous_5)
FNDA:10,(anonymous_6)
FNDA:1,(anonymous_7)
DA:1,5
DA:7,5
DA:8,5
DA:9,5
DA:11,5
DA:15,5
DA:19,5
DA:20,16
DA:21,16
DA:24,16
DA:25,16
DA:26,16
DA:30,4
DA:31,2
DA:34,2
DA:35,0
DA:40,5
DA:41,2
DA:42,2
DA:49,10
DA:50,10
DA:51,10
DA:52,10
DA:54,10
DA:55,10
DA:58,9
DA:59,9
DA:60,9
DA:61,9
DA:62,2
DA:65,7
DA:66,2
DA:74,5
DA:77,5
DA:78,1
DA:81,4
DA:82,4
DA:86,3
DA:90,3
DA:93,1
DA:94,1
DA:97,1
DA:98,1
DA:102,1
DA:114,1
DA:125,10
DA:129,10
DA:130,1
DA:131,1
LF:49
LH:48
BRDA:15,0,0,5
BRDA:15,0,1,0
BRDA:30,1,0,2
BRDA:30,1,1,2
BRDA:40,2,0,2
BRDA:40,2,1,3
BRDA:46,3,0,9
BRDA:61,4,0,2
BRDA:61,4,1,7
BRDA:65,5,0,2
BRDA:65,5,1,5
BRDA:65,6,0,7
BRDA:65,6,1,6
BRDA:77,7,0,1
BRDA:77,7,1,4
BRDA:100,8,0,1
BRDA:100,8,1,0
BRDA:107,9,0,1
BRDA:107,9,1,0
BRDA:109,10,0,1
BRDA:109,10,1,0
BRDA:118,11,0,1
BRDA:118,11,1,0
BRDA:120,12,0,1
BRDA:120,12,1,0
BRDA:129,13,0,1
BRDA:129,13,1,9
BRDA:24,14,0,5
BRDA:24,14,1,0
BRDA:24,15,0,5
BRDA:24,15,1,5
BRDA:24,16,0,5
BRDA:24,16,1,0
BRDA:24,17,0,5
BRDA:24,17,1,5
BRDA:25,18,0,5
BRDA:25,18,1,0
BRDA:25,19,0,5
BRDA:25,19,1,5
BRF:39
BRH:30
end_of_record
TN:
SF:src\workers\tracking-poll.worker.ts
FN:18,(anonymous_2)
FN:24,(anonymous_3)
FN:29,(anonymous_4)
FN:34,(anonymous_5)
FN:41,(anonymous_6)
FNF:5
FNH:5
FNDA:17,(anonymous_2)
FNDA:5,(anonymous_3)
FNDA:4,(anonymous_4)
FNDA:9,(anonymous_5)
FNDA:10,(anonymous_6)
DA:1,5
DA:7,5
DA:8,5
DA:9,5
DA:11,5
DA:14,5
DA:15,17
DA:16,17
DA:19,17
DA:20,17
DA:21,17
DA:25,5
DA:26,2
DA:29,3
DA:30,4
DA:35,9
DA:36,3
DA:37,3
DA:42,10
DA:43,10
DA:45,9
DA:46,10
DA:47,1
DA:50,9
DA:51,9
DA:54,6
DA:55,3
DA:58,3
DA:59,3
DA:60,3
DA:62,3
DA:75,1
LF:32
LH:32
BRDA:25,0,0,2
BRDA:25,0,1,3
BRDA:35,1,0,3
BRDA:35,1,1,6
BRDA:46,2,0,1
BRDA:46,2,1,9
BRDA:54,3,0,3
BRDA:54,3,1,3
BRDA:68,4,0,3
BRDA:68,4,1,0
BRDA:70,5,0,3
BRDA:70,5,1,0
BRDA:79,6,0,1
BRDA:79,6,1,0
BRDA:81,7,0,1
BRDA:81,7,1,0
BRDA:19,8,0,5
BRDA:19,8,1,0
BRDA:19,9,0,5
BRDA:19,9,1,5
BRDA:19,10,0,5
BRDA:19,10,1,0
BRDA:19,11,0,5
BRDA:19,11,1,5
BRDA:20,12,0,5
BRDA:20,12,1,0
BRDA:20,13,0,5
BRDA:20,13,1,5
BRF:28
BRH:21
end_of_record
TN:
SF:src\workers\workers.module.ts
FNF:0
FNH:0
DA:1,3
DA:2,3
DA:3,3
DA:4,3
DA:5,3
DA:6,3
DA:13,3
LF:7
LH:7
BRF:0
BRH:0
end_of_record
